<?xml version="1.0" encoding="UTF-8"?>
<testsuite name="Sanity limpieza y aprovisionamiento de recursos" tests="3" skipped="0" failures="0" errors="0" timestamp="2022-07-08T16:34:00" hostname="22LAP5CD1195RQX" time="187.745">
  <properties/>
  <testcase name="se quiere ingresar a la plataforma epos" classname="Sanity limpieza y aprovisionamiento de recursos" time="122.909"/>
  <testcase name="realizar el cargue de inventario" classname="Sanity limpieza y aprovisionamiento de recursos" time="43.802"/>
  <testcase name="realizar la confirmacion de inventario" classname="Sanity limpieza y aprovisionamiento de recursos" time="21.017"/>
  <system-out><![CDATA[11:34:02.627 [Test worker] DEBUG org.apache.http.impl.conn.BasicClientConnectionManager - Get connection for route {}->http://10.65.45.14:7001
11:34:02.632 [Test worker] DEBUG org.apache.http.impl.conn.DefaultClientConnectionOperator - Connecting to 10.65.45.14:7001
11:34:02.711 [Test worker] DEBUG org.apache.http.client.protocol.RequestAddCookies - CookieSpec selected: ignoreCookies
11:34:02.711 [Test worker] DEBUG org.apache.http.client.protocol.RequestAuthCache - Auth cache not set in the context
11:34:02.711 [Test worker] DEBUG org.apache.http.client.protocol.RequestTargetAuthentication - Target auth state: UNCHALLENGED
11:34:02.711 [Test worker] DEBUG org.apache.http.client.protocol.RequestProxyAuthentication - Proxy auth state: UNCHALLENGED
11:34:02.711 [Test worker] DEBUG org.apache.http.impl.client.DefaultHttpClient - Attempt 1 to execute request
11:34:02.711 [Test worker] DEBUG org.apache.http.impl.conn.DefaultClientConnection - Sending request: POST /gatewaycbs/BcServicesInt?WSDL HTTP/1.1
11:34:02.712 [Test worker] DEBUG org.apache.http.wire -  >> "POST /gatewaycbs/BcServicesInt?WSDL HTTP/1.1[\r][\n]"
11:34:02.712 [Test worker] DEBUG org.apache.http.wire -  >> "Accept: */*[\r][\n]"
11:34:02.712 [Test worker] DEBUG org.apache.http.wire -  >> "Content-Type: text/xml;charset=UTF-8[\r][\n]"
11:34:02.712 [Test worker] DEBUG org.apache.http.wire -  >> "Content-Length: 748[\r][\n]"
11:34:02.712 [Test worker] DEBUG org.apache.http.wire -  >> "Host: 10.65.45.14:7001[\r][\n]"
11:34:02.713 [Test worker] DEBUG org.apache.http.wire -  >> "Connection: Keep-Alive[\r][\n]"
11:34:02.713 [Test worker] DEBUG org.apache.http.wire -  >> "User-Agent: Apache-HttpClient/4.5.9 (Java/1.8.0_291)[\r][\n]"
11:34:02.713 [Test worker] DEBUG org.apache.http.wire -  >> "Accept-Encoding: gzip,deflate[\r][\n]"
11:34:02.713 [Test worker] DEBUG org.apache.http.wire -  >> "[\r][\n]"
11:34:02.713 [Test worker] DEBUG org.apache.http.headers - >> POST /gatewaycbs/BcServicesInt?WSDL HTTP/1.1
11:34:02.713 [Test worker] DEBUG org.apache.http.headers - >> Accept: */*
11:34:02.713 [Test worker] DEBUG org.apache.http.headers - >> Content-Type: text/xml;charset=UTF-8
11:34:02.713 [Test worker] DEBUG org.apache.http.headers - >> Content-Length: 748
11:34:02.713 [Test worker] DEBUG org.apache.http.headers - >> Host: 10.65.45.14:7001
11:34:02.713 [Test worker] DEBUG org.apache.http.headers - >> Connection: Keep-Alive
11:34:02.713 [Test worker] DEBUG org.apache.http.headers - >> User-Agent: Apache-HttpClient/4.5.9 (Java/1.8.0_291)
11:34:02.713 [Test worker] DEBUG org.apache.http.headers - >> Accept-Encoding: gzip,deflate
11:34:02.714 [Test worker] DEBUG org.apache.http.wire -  >> "<soapenv:Envelope xmlns:bcc="http://www.huawei.com/bme/cbsinterface/bccommon" xmlns:bcs="http://www.huawei.com/bme/cbsinterface/bcservices" xmlns:ws="http://ws.web.gatewaycbs.tigo.com.co/" xmlns:soapenv="http://schemas.xmlsoap.org/soap/envelope/">[\n]"
11:34:02.714 [Test worker] DEBUG org.apache.http.wire -  >> "   <soapenv:Header/>[\n]"
11:34:02.714 [Test worker] DEBUG org.apache.http.wire -  >> "   <soapenv:Body>[\n]"
11:34:02.714 [Test worker] DEBUG org.apache.http.wire -  >> "      <ws:queryCustomerInfo>[\n]"
11:34:02.714 [Test worker] DEBUG org.apache.http.wire -  >> "         <!--Optional:-->[\n]"
11:34:02.714 [Test worker] DEBUG org.apache.http.wire -  >> "         <QueryCustomerInfoRequest>[\n]"
11:34:02.714 [Test worker] DEBUG org.apache.http.wire -  >> "            <bcs:QueryObj>[\n]"
11:34:02.714 [Test worker] DEBUG org.apache.http.wire -  >> "               <!--Optional:-->[\n]"
11:34:02.714 [Test worker] DEBUG org.apache.http.wire -  >> "               <bcs:SubAccessCode>[\n]"
11:34:02.714 [Test worker] DEBUG org.apache.http.wire -  >> "                  <!--Optional:-->[\n]"
11:34:02.714 [Test worker] DEBUG org.apache.http.wire -  >> "                  <bcc:PrimaryIdentity>3052749177</bcc:PrimaryIdentity>[\n]"
11:34:02.714 [Test worker] DEBUG org.apache.http.wire -  >> "               </bcs:SubAccessCode>[\n]"
11:34:02.714 [Test worker] DEBUG org.apache.http.wire -  >> "            </bcs:QueryObj>[\n]"
11:34:02.714 [Test worker] DEBUG org.apache.http.wire -  >> "         </QueryCustomerInfoRequest>[\n]"
11:34:02.714 [Test worker] DEBUG org.apache.http.wire -  >> "      </ws:queryCustomerInfo>[\n]"
11:34:02.714 [Test worker] DEBUG org.apache.http.wire -  >> "   </soapenv:Body>[\n]"
11:34:02.714 [Test worker] DEBUG org.apache.http.wire -  >> "</soapenv:Envelope>"
11:34:02.888 [Test worker] DEBUG org.apache.http.wire -  << "HTTP/1.1 200 OK[\r][\n]"
11:34:02.891 [Test worker] DEBUG org.apache.http.wire -  << "Date: Fri, 08 Jul 2022 16:39:42 GMT[\r][\n]"
11:34:02.891 [Test worker] DEBUG org.apache.http.wire -  << "Transfer-Encoding: chunked[\r][\n]"
11:34:02.891 [Test worker] DEBUG org.apache.http.wire -  << "Content-Type: text/xml; charset=utf-8[\r][\n]"
11:34:02.891 [Test worker] DEBUG org.apache.http.wire -  << "X-Powered-By: Servlet/2.5 JSP/2.1[\r][\n]"
11:34:02.892 [Test worker] DEBUG org.apache.http.wire -  << "[\r][\n]"
11:34:02.892 [Test worker] DEBUG org.apache.http.impl.conn.DefaultClientConnection - Receiving response: HTTP/1.1 200 OK
11:34:02.892 [Test worker] DEBUG org.apache.http.headers - << HTTP/1.1 200 OK
11:34:02.892 [Test worker] DEBUG org.apache.http.headers - << Date: Fri, 08 Jul 2022 16:39:42 GMT
11:34:02.892 [Test worker] DEBUG org.apache.http.headers - << Transfer-Encoding: chunked
11:34:02.893 [Test worker] DEBUG org.apache.http.headers - << Content-Type: text/xml; charset=utf-8
11:34:02.893 [Test worker] DEBUG org.apache.http.headers - << X-Powered-By: Servlet/2.5 JSP/2.1
11:34:02.896 [Test worker] DEBUG org.apache.http.impl.client.DefaultHttpClient - Connection can be kept alive indefinitely
11:34:02.921 [Test worker] DEBUG io.restassured.internal.RequestSpecificationImpl$RestAssuredHttpBuilder - Parsing response as: text/xml; charset=utf-8
11:34:02.922 [Test worker] DEBUG io.restassured.internal.RequestSpecificationImpl$RestAssuredHttpBuilder - Parsed data to instance of: class org.apache.http.conn.EofSensorInputStream
11:34:02.960 [Test worker] DEBUG org.apache.http.wire -  << "0347[\r][\n]"
11:34:02.961 [Test worker] DEBUG org.apache.http.wire -  << "<?xml version='1.0' encoding='UTF-8'?><S:Envelope xmlns:S="http://schemas.xmlsoap.org/soap/envelope/"><S:Header><work:WorkContext xmlns:work="http://oracle.com/weblogic/soap/workarea/">rO0ABXdOABx3ZWJsb2dpYy5hcHAuR2F0ZXdheUNic1dTSW50AAAA1gAAACN3ZWJsb2dpYy53b3JrYXJlYS5TdHJpbmdXb3JrQ29udGV4dAABMQAA</work:WorkContext></S:Header><S:Body><ns4:queryCustomerInfoResponse xmlns:ns5="http://www.huawei.com/bme/cbsinterface/cbscommon" xmlns:ns4="http://ws.web.gatewaycbs.tigo.com.co/" xmlns:ns3="http://www.huawei.com/bme/cbsinterface/bcservices" xmlns:ns2="http://www.huawei.com/bme/cbsinterface/bccommon"><return><ResultHeader><ns5:Version>1</ns5:Version><ns5:ResultCode>118030260</ns5:ResultCode><ns5:ResultDesc>Subscriber 3052749177 does not exist.</ns5:ResultDesc></ResultHeader></return></ns4:queryCustomerInfoResponse></S:Body></S:Envelope>"
11:34:02.961 [Test worker] DEBUG org.apache.http.wire -  << "[\r][\n]"
11:34:02.961 [Test worker] DEBUG org.apache.http.wire -  << "0000[\r][\n]"
11:34:02.961 [Test worker] DEBUG org.apache.http.wire -  << "[\r][\n]"
11:34:02.961 [Test worker] DEBUG org.apache.http.impl.conn.BasicClientConnectionManager - Releasing connection org.apache.http.impl.conn.ManagedClientConnectionImpl@74d71a31
11:34:02.962 [Test worker] DEBUG org.apache.http.impl.conn.BasicClientConnectionManager - Connection can be kept alive indefinitely
La linea 3052749177 no esta activa
se ejecuta correctamente DB Activator
se ejecuta correctamente  DB EPOS
se ejecuta correctamente DB Siebel
se ejecuta correctamente DB Postale
11:34:10.535 [Test worker] DEBUG org.apache.http.impl.conn.BasicClientConnectionManager - Get connection for route {}->http://10.65.45.14:7001
11:34:10.535 [Test worker] DEBUG org.apache.http.impl.conn.DefaultClientConnectionOperator - Connecting to 10.65.45.14:7001
11:34:10.595 [Test worker] DEBUG org.apache.http.client.protocol.RequestAddCookies - CookieSpec selected: ignoreCookies
11:34:10.596 [Test worker] DEBUG org.apache.http.client.protocol.RequestAuthCache - Auth cache not set in the context
11:34:10.596 [Test worker] DEBUG org.apache.http.client.protocol.RequestTargetAuthentication - Target auth state: UNCHALLENGED
11:34:10.596 [Test worker] DEBUG org.apache.http.client.protocol.RequestProxyAuthentication - Proxy auth state: UNCHALLENGED
11:34:10.596 [Test worker] DEBUG org.apache.http.impl.client.DefaultHttpClient - Attempt 1 to execute request
11:34:10.596 [Test worker] DEBUG org.apache.http.impl.conn.DefaultClientConnection - Sending request: POST /gatewaycbs/BcServicesInt?WSDL HTTP/1.1
11:34:10.596 [Test worker] DEBUG org.apache.http.wire -  >> "POST /gatewaycbs/BcServicesInt?WSDL HTTP/1.1[\r][\n]"
11:34:10.596 [Test worker] DEBUG org.apache.http.wire -  >> "Accept: */*[\r][\n]"
11:34:10.597 [Test worker] DEBUG org.apache.http.wire -  >> "Content-Type: text/xml;charset=UTF-8[\r][\n]"
11:34:10.597 [Test worker] DEBUG org.apache.http.wire -  >> "Content-Length: 748[\r][\n]"
11:34:10.597 [Test worker] DEBUG org.apache.http.wire -  >> "Host: 10.65.45.14:7001[\r][\n]"
11:34:10.597 [Test worker] DEBUG org.apache.http.wire -  >> "Connection: Keep-Alive[\r][\n]"
11:34:10.597 [Test worker] DEBUG org.apache.http.wire -  >> "User-Agent: Apache-HttpClient/4.5.9 (Java/1.8.0_291)[\r][\n]"
11:34:10.597 [Test worker] DEBUG org.apache.http.wire -  >> "Accept-Encoding: gzip,deflate[\r][\n]"
11:34:10.598 [Test worker] DEBUG org.apache.http.wire -  >> "[\r][\n]"
11:34:10.598 [Test worker] DEBUG org.apache.http.headers - >> POST /gatewaycbs/BcServicesInt?WSDL HTTP/1.1
11:34:10.598 [Test worker] DEBUG org.apache.http.headers - >> Accept: */*
11:34:10.598 [Test worker] DEBUG org.apache.http.headers - >> Content-Type: text/xml;charset=UTF-8
11:34:10.598 [Test worker] DEBUG org.apache.http.headers - >> Content-Length: 748
11:34:10.598 [Test worker] DEBUG org.apache.http.headers - >> Host: 10.65.45.14:7001
11:34:10.598 [Test worker] DEBUG org.apache.http.headers - >> Connection: Keep-Alive
11:34:10.598 [Test worker] DEBUG org.apache.http.headers - >> User-Agent: Apache-HttpClient/4.5.9 (Java/1.8.0_291)
11:34:10.598 [Test worker] DEBUG org.apache.http.headers - >> Accept-Encoding: gzip,deflate
11:34:10.599 [Test worker] DEBUG org.apache.http.wire -  >> "<soapenv:Envelope xmlns:bcc="http://www.huawei.com/bme/cbsinterface/bccommon" xmlns:bcs="http://www.huawei.com/bme/cbsinterface/bcservices" xmlns:ws="http://ws.web.gatewaycbs.tigo.com.co/" xmlns:soapenv="http://schemas.xmlsoap.org/soap/envelope/">[\n]"
11:34:10.599 [Test worker] DEBUG org.apache.http.wire -  >> "   <soapenv:Header/>[\n]"
11:34:10.600 [Test worker] DEBUG org.apache.http.wire -  >> "   <soapenv:Body>[\n]"
11:34:10.600 [Test worker] DEBUG org.apache.http.wire -  >> "      <ws:queryCustomerInfo>[\n]"
11:34:10.600 [Test worker] DEBUG org.apache.http.wire -  >> "         <!--Optional:-->[\n]"
11:34:10.600 [Test worker] DEBUG org.apache.http.wire -  >> "         <QueryCustomerInfoRequest>[\n]"
11:34:10.600 [Test worker] DEBUG org.apache.http.wire -  >> "            <bcs:QueryObj>[\n]"
11:34:10.600 [Test worker] DEBUG org.apache.http.wire -  >> "               <!--Optional:-->[\n]"
11:34:10.601 [Test worker] DEBUG org.apache.http.wire -  >> "               <bcs:SubAccessCode>[\n]"
11:34:10.601 [Test worker] DEBUG org.apache.http.wire -  >> "                  <!--Optional:-->[\n]"
11:34:10.601 [Test worker] DEBUG org.apache.http.wire -  >> "                  <bcc:PrimaryIdentity>3052754285</bcc:PrimaryIdentity>[\n]"
11:34:10.601 [Test worker] DEBUG org.apache.http.wire -  >> "               </bcs:SubAccessCode>[\n]"
11:34:10.601 [Test worker] DEBUG org.apache.http.wire -  >> "            </bcs:QueryObj>[\n]"
11:34:10.601 [Test worker] DEBUG org.apache.http.wire -  >> "         </QueryCustomerInfoRequest>[\n]"
11:34:10.601 [Test worker] DEBUG org.apache.http.wire -  >> "      </ws:queryCustomerInfo>[\n]"
11:34:10.601 [Test worker] DEBUG org.apache.http.wire -  >> "   </soapenv:Body>[\n]"
11:34:10.601 [Test worker] DEBUG org.apache.http.wire -  >> "</soapenv:Envelope>"
11:34:10.721 [Test worker] DEBUG org.apache.http.wire -  << "HTTP/1.1 200 OK[\r][\n]"
11:34:10.721 [Test worker] DEBUG org.apache.http.wire -  << "Date: Fri, 08 Jul 2022 16:39:50 GMT[\r][\n]"
11:34:10.721 [Test worker] DEBUG org.apache.http.wire -  << "Transfer-Encoding: chunked[\r][\n]"
11:34:10.721 [Test worker] DEBUG org.apache.http.wire -  << "Content-Type: text/xml; charset=utf-8[\r][\n]"
11:34:10.721 [Test worker] DEBUG org.apache.http.wire -  << "X-Powered-By: Servlet/2.5 JSP/2.1[\r][\n]"
11:34:10.721 [Test worker] DEBUG org.apache.http.wire -  << "[\r][\n]"
11:34:10.721 [Test worker] DEBUG org.apache.http.impl.conn.DefaultClientConnection - Receiving response: HTTP/1.1 200 OK
11:34:10.721 [Test worker] DEBUG org.apache.http.headers - << HTTP/1.1 200 OK
11:34:10.721 [Test worker] DEBUG org.apache.http.headers - << Date: Fri, 08 Jul 2022 16:39:50 GMT
11:34:10.721 [Test worker] DEBUG org.apache.http.headers - << Transfer-Encoding: chunked
11:34:10.721 [Test worker] DEBUG org.apache.http.headers - << Content-Type: text/xml; charset=utf-8
11:34:10.721 [Test worker] DEBUG org.apache.http.headers - << X-Powered-By: Servlet/2.5 JSP/2.1
11:34:10.721 [Test worker] DEBUG org.apache.http.impl.client.DefaultHttpClient - Connection can be kept alive indefinitely
11:34:10.722 [Test worker] DEBUG io.restassured.internal.RequestSpecificationImpl$RestAssuredHttpBuilder - Parsing response as: text/xml; charset=utf-8
11:34:10.722 [Test worker] DEBUG io.restassured.internal.RequestSpecificationImpl$RestAssuredHttpBuilder - Parsed data to instance of: class org.apache.http.conn.EofSensorInputStream
11:34:10.723 [Test worker] DEBUG org.apache.http.wire -  << "0347[\r][\n]"
11:34:10.723 [Test worker] DEBUG org.apache.http.wire -  << "<?xml version='1.0' encoding='UTF-8'?><S:Envelope xmlns:S="http://schemas.xmlsoap.org/soap/envelope/"><S:Header><work:WorkContext xmlns:work="http://oracle.com/weblogic/soap/workarea/">rO0ABXdOABx3ZWJsb2dpYy5hcHAuR2F0ZXdheUNic1dTSW50AAAA1gAAACN3ZWJsb2dpYy53b3JrYXJlYS5TdHJpbmdXb3JrQ29udGV4dAABMQAA</work:WorkContext></S:Header><S:Body><ns4:queryCustomerInfoResponse xmlns:ns5="http://www.huawei.com/bme/cbsinterface/cbscommon" xmlns:ns4="http://ws.web.gatewaycbs.tigo.com.co/" xmlns:ns3="http://www.huawei.com/bme/cbsinterface/bcservices" xmlns:ns2="http://www.huawei.com/bme/cbsinterface/bccommon"><return><ResultHeader><ns5:Version>1</ns5:Version><ns5:ResultCode>118030260</ns5:ResultCode><ns5:ResultDesc>Subscriber 3052754285 does not exist.</ns5:ResultDesc></ResultHeader></return></ns4:queryCustomerInfoResponse></S:Body></S:Envelope>"
11:34:10.724 [Test worker] DEBUG org.apache.http.wire -  << "[\r][\n]"
11:34:10.724 [Test worker] DEBUG org.apache.http.wire -  << "0000[\r][\n]"
11:34:10.724 [Test worker] DEBUG org.apache.http.wire -  << "[\r][\n]"
11:34:10.724 [Test worker] DEBUG org.apache.http.impl.conn.BasicClientConnectionManager - Releasing connection org.apache.http.impl.conn.ManagedClientConnectionImpl@6239a52b
11:34:10.724 [Test worker] DEBUG org.apache.http.impl.conn.BasicClientConnectionManager - Connection can be kept alive indefinitely
La linea 3052754285 no esta activa
se ejecuta correctamente DB Activator
11:34:11.585 [Finalizer] DEBUG org.apache.http.impl.conn.DefaultClientConnection - Connection 0.0.0.0:54767<->10.65.45.14:7001 closed
11:34:11.587 [Finalizer] DEBUG org.apache.http.impl.conn.DefaultClientConnection - Connection 0.0.0.0:54760<->10.65.45.14:7001 closed
se ejecuta correctamente  DB EPOS
se ejecuta correctamente DB Siebel
se ejecuta correctamente DB Postale
11:34:17.469 [Test worker] DEBUG org.apache.http.impl.conn.BasicClientConnectionManager - Get connection for route {}->http://10.65.45.14:7001
11:34:17.469 [Test worker] DEBUG org.apache.http.impl.conn.DefaultClientConnectionOperator - Connecting to 10.65.45.14:7001
11:34:17.523 [Test worker] DEBUG org.apache.http.client.protocol.RequestAddCookies - CookieSpec selected: ignoreCookies
11:34:17.523 [Test worker] DEBUG org.apache.http.client.protocol.RequestAuthCache - Auth cache not set in the context
11:34:17.523 [Test worker] DEBUG org.apache.http.client.protocol.RequestTargetAuthentication - Target auth state: UNCHALLENGED
11:34:17.523 [Test worker] DEBUG org.apache.http.client.protocol.RequestProxyAuthentication - Proxy auth state: UNCHALLENGED
11:34:17.523 [Test worker] DEBUG org.apache.http.impl.client.DefaultHttpClient - Attempt 1 to execute request
11:34:17.523 [Test worker] DEBUG org.apache.http.impl.conn.DefaultClientConnection - Sending request: POST /gatewaycbs/BcServicesInt?WSDL HTTP/1.1
11:34:17.523 [Test worker] DEBUG org.apache.http.wire -  >> "POST /gatewaycbs/BcServicesInt?WSDL HTTP/1.1[\r][\n]"
11:34:17.524 [Test worker] DEBUG org.apache.http.wire -  >> "Accept: */*[\r][\n]"
11:34:17.524 [Test worker] DEBUG org.apache.http.wire -  >> "Content-Type: text/xml;charset=UTF-8[\r][\n]"
11:34:17.524 [Test worker] DEBUG org.apache.http.wire -  >> "Content-Length: 748[\r][\n]"
11:34:17.524 [Test worker] DEBUG org.apache.http.wire -  >> "Host: 10.65.45.14:7001[\r][\n]"
11:34:17.524 [Test worker] DEBUG org.apache.http.wire -  >> "Connection: Keep-Alive[\r][\n]"
11:34:17.524 [Test worker] DEBUG org.apache.http.wire -  >> "User-Agent: Apache-HttpClient/4.5.9 (Java/1.8.0_291)[\r][\n]"
11:34:17.524 [Test worker] DEBUG org.apache.http.wire -  >> "Accept-Encoding: gzip,deflate[\r][\n]"
11:34:17.525 [Test worker] DEBUG org.apache.http.wire -  >> "[\r][\n]"
11:34:17.525 [Test worker] DEBUG org.apache.http.headers - >> POST /gatewaycbs/BcServicesInt?WSDL HTTP/1.1
11:34:17.525 [Test worker] DEBUG org.apache.http.headers - >> Accept: */*
11:34:17.525 [Test worker] DEBUG org.apache.http.headers - >> Content-Type: text/xml;charset=UTF-8
11:34:17.525 [Test worker] DEBUG org.apache.http.headers - >> Content-Length: 748
11:34:17.525 [Test worker] DEBUG org.apache.http.headers - >> Host: 10.65.45.14:7001
11:34:17.525 [Test worker] DEBUG org.apache.http.headers - >> Connection: Keep-Alive
11:34:17.525 [Test worker] DEBUG org.apache.http.headers - >> User-Agent: Apache-HttpClient/4.5.9 (Java/1.8.0_291)
11:34:17.525 [Test worker] DEBUG org.apache.http.headers - >> Accept-Encoding: gzip,deflate
11:34:17.527 [Test worker] DEBUG org.apache.http.wire -  >> "<soapenv:Envelope xmlns:bcc="http://www.huawei.com/bme/cbsinterface/bccommon" xmlns:bcs="http://www.huawei.com/bme/cbsinterface/bcservices" xmlns:ws="http://ws.web.gatewaycbs.tigo.com.co/" xmlns:soapenv="http://schemas.xmlsoap.org/soap/envelope/">[\n]"
11:34:17.527 [Test worker] DEBUG org.apache.http.wire -  >> "   <soapenv:Header/>[\n]"
11:34:17.527 [Test worker] DEBUG org.apache.http.wire -  >> "   <soapenv:Body>[\n]"
11:34:17.527 [Test worker] DEBUG org.apache.http.wire -  >> "      <ws:queryCustomerInfo>[\n]"
11:34:17.527 [Test worker] DEBUG org.apache.http.wire -  >> "         <!--Optional:-->[\n]"
11:34:17.527 [Test worker] DEBUG org.apache.http.wire -  >> "         <QueryCustomerInfoRequest>[\n]"
11:34:17.527 [Test worker] DEBUG org.apache.http.wire -  >> "            <bcs:QueryObj>[\n]"
11:34:17.527 [Test worker] DEBUG org.apache.http.wire -  >> "               <!--Optional:-->[\n]"
11:34:17.527 [Test worker] DEBUG org.apache.http.wire -  >> "               <bcs:SubAccessCode>[\n]"
11:34:17.527 [Test worker] DEBUG org.apache.http.wire -  >> "                  <!--Optional:-->[\n]"
11:34:17.527 [Test worker] DEBUG org.apache.http.wire -  >> "                  <bcc:PrimaryIdentity>3052749177</bcc:PrimaryIdentity>[\n]"
11:34:17.527 [Test worker] DEBUG org.apache.http.wire -  >> "               </bcs:SubAccessCode>[\n]"
11:34:17.527 [Test worker] DEBUG org.apache.http.wire -  >> "            </bcs:QueryObj>[\n]"
11:34:17.527 [Test worker] DEBUG org.apache.http.wire -  >> "         </QueryCustomerInfoRequest>[\n]"
11:34:17.528 [Test worker] DEBUG org.apache.http.wire -  >> "      </ws:queryCustomerInfo>[\n]"
11:34:17.528 [Test worker] DEBUG org.apache.http.wire -  >> "   </soapenv:Body>[\n]"
11:34:17.528 [Test worker] DEBUG org.apache.http.wire -  >> "</soapenv:Envelope>"
11:34:17.631 [Test worker] DEBUG org.apache.http.wire -  << "HTTP/1.1 200 OK[\r][\n]"
11:34:17.631 [Test worker] DEBUG org.apache.http.wire -  << "Date: Fri, 08 Jul 2022 16:39:57 GMT[\r][\n]"
11:34:17.631 [Test worker] DEBUG org.apache.http.wire -  << "Transfer-Encoding: chunked[\r][\n]"
11:34:17.631 [Test worker] DEBUG org.apache.http.wire -  << "Content-Type: text/xml; charset=utf-8[\r][\n]"
11:34:17.632 [Test worker] DEBUG org.apache.http.wire -  << "X-Powered-By: Servlet/2.5 JSP/2.1[\r][\n]"
11:34:17.632 [Test worker] DEBUG org.apache.http.wire -  << "[\r][\n]"
11:34:17.632 [Test worker] DEBUG org.apache.http.impl.conn.DefaultClientConnection - Receiving response: HTTP/1.1 200 OK
11:34:17.632 [Test worker] DEBUG org.apache.http.headers - << HTTP/1.1 200 OK
11:34:17.632 [Test worker] DEBUG org.apache.http.headers - << Date: Fri, 08 Jul 2022 16:39:57 GMT
11:34:17.632 [Test worker] DEBUG org.apache.http.headers - << Transfer-Encoding: chunked
11:34:17.632 [Test worker] DEBUG org.apache.http.headers - << Content-Type: text/xml; charset=utf-8
11:34:17.632 [Test worker] DEBUG org.apache.http.headers - << X-Powered-By: Servlet/2.5 JSP/2.1
11:34:17.632 [Test worker] DEBUG org.apache.http.impl.client.DefaultHttpClient - Connection can be kept alive indefinitely
11:34:17.632 [Test worker] DEBUG io.restassured.internal.RequestSpecificationImpl$RestAssuredHttpBuilder - Parsing response as: text/xml; charset=utf-8
11:34:17.633 [Test worker] DEBUG io.restassured.internal.RequestSpecificationImpl$RestAssuredHttpBuilder - Parsed data to instance of: class org.apache.http.conn.EofSensorInputStream
11:34:17.634 [Test worker] DEBUG org.apache.http.wire -  << "0347[\r][\n]"
11:34:17.634 [Test worker] DEBUG org.apache.http.wire -  << "<?xml version='1.0' encoding='UTF-8'?><S:Envelope xmlns:S="http://schemas.xmlsoap.org/soap/envelope/"><S:Header><work:WorkContext xmlns:work="http://oracle.com/weblogic/soap/workarea/">rO0ABXdOABx3ZWJsb2dpYy5hcHAuR2F0ZXdheUNic1dTSW50AAAA1gAAACN3ZWJsb2dpYy53b3JrYXJlYS5TdHJpbmdXb3JrQ29udGV4dAABMQAA</work:WorkContext></S:Header><S:Body><ns4:queryCustomerInfoResponse xmlns:ns5="http://www.huawei.com/bme/cbsinterface/cbscommon" xmlns:ns4="http://ws.web.gatewaycbs.tigo.com.co/" xmlns:ns3="http://www.huawei.com/bme/cbsinterface/bcservices" xmlns:ns2="http://www.huawei.com/bme/cbsinterface/bccommon"><return><ResultHeader><ns5:Version>1</ns5:Version><ns5:ResultCode>118030260</ns5:ResultCode><ns5:ResultDesc>Subscriber 3052749177 does not exist.</ns5:ResultDesc></ResultHeader></return></ns4:queryCustomerInfoResponse></S:Body></S:Envelope>"
11:34:17.634 [Test worker] DEBUG org.apache.http.wire -  << "[\r][\n]"
11:34:17.634 [Test worker] DEBUG org.apache.http.wire -  << "0000[\r][\n]"
11:34:17.634 [Test worker] DEBUG org.apache.http.wire -  << "[\r][\n]"
11:34:17.634 [Test worker] DEBUG org.apache.http.impl.conn.BasicClientConnectionManager - Releasing connection org.apache.http.impl.conn.ManagedClientConnectionImpl@325df760
11:34:17.634 [Test worker] DEBUG org.apache.http.impl.conn.BasicClientConnectionManager - Connection can be kept alive indefinitely
La linea 3052749177 no esta activa
se ejecuta correctamente DB Activator
se ejecuta correctamente  DB EPOS
se ejecuta correctamente DB Siebel
se ejecuta correctamente DB Postale
11:34:22.868 [Test worker] DEBUG org.apache.http.impl.conn.BasicClientConnectionManager - Get connection for route {}->http://10.65.45.14:7001
11:34:22.869 [Test worker] DEBUG org.apache.http.impl.conn.DefaultClientConnectionOperator - Connecting to 10.65.45.14:7001
11:34:22.935 [Test worker] DEBUG org.apache.http.client.protocol.RequestAddCookies - CookieSpec selected: ignoreCookies
11:34:22.935 [Test worker] DEBUG org.apache.http.client.protocol.RequestAuthCache - Auth cache not set in the context
11:34:22.936 [Test worker] DEBUG org.apache.http.client.protocol.RequestTargetAuthentication - Target auth state: UNCHALLENGED
11:34:22.936 [Test worker] DEBUG org.apache.http.client.protocol.RequestProxyAuthentication - Proxy auth state: UNCHALLENGED
11:34:22.936 [Test worker] DEBUG org.apache.http.impl.client.DefaultHttpClient - Attempt 1 to execute request
11:34:22.936 [Test worker] DEBUG org.apache.http.impl.conn.DefaultClientConnection - Sending request: POST /gatewaycbs/BcServicesInt?WSDL HTTP/1.1
11:34:22.936 [Test worker] DEBUG org.apache.http.wire -  >> "POST /gatewaycbs/BcServicesInt?WSDL HTTP/1.1[\r][\n]"
11:34:22.936 [Test worker] DEBUG org.apache.http.wire -  >> "Accept: */*[\r][\n]"
11:34:22.936 [Test worker] DEBUG org.apache.http.wire -  >> "Content-Type: text/xml;charset=UTF-8[\r][\n]"
11:34:22.936 [Test worker] DEBUG org.apache.http.wire -  >> "Content-Length: 748[\r][\n]"
11:34:22.936 [Test worker] DEBUG org.apache.http.wire -  >> "Host: 10.65.45.14:7001[\r][\n]"
11:34:22.936 [Test worker] DEBUG org.apache.http.wire -  >> "Connection: Keep-Alive[\r][\n]"
11:34:22.936 [Test worker] DEBUG org.apache.http.wire -  >> "User-Agent: Apache-HttpClient/4.5.9 (Java/1.8.0_291)[\r][\n]"
11:34:22.936 [Test worker] DEBUG org.apache.http.wire -  >> "Accept-Encoding: gzip,deflate[\r][\n]"
11:34:22.936 [Test worker] DEBUG org.apache.http.wire -  >> "[\r][\n]"
11:34:22.936 [Test worker] DEBUG org.apache.http.headers - >> POST /gatewaycbs/BcServicesInt?WSDL HTTP/1.1
11:34:22.936 [Test worker] DEBUG org.apache.http.headers - >> Accept: */*
11:34:22.936 [Test worker] DEBUG org.apache.http.headers - >> Content-Type: text/xml;charset=UTF-8
11:34:22.936 [Test worker] DEBUG org.apache.http.headers - >> Content-Length: 748
11:34:22.936 [Test worker] DEBUG org.apache.http.headers - >> Host: 10.65.45.14:7001
11:34:22.936 [Test worker] DEBUG org.apache.http.headers - >> Connection: Keep-Alive
11:34:22.936 [Test worker] DEBUG org.apache.http.headers - >> User-Agent: Apache-HttpClient/4.5.9 (Java/1.8.0_291)
11:34:22.936 [Test worker] DEBUG org.apache.http.headers - >> Accept-Encoding: gzip,deflate
11:34:22.937 [Test worker] DEBUG org.apache.http.wire -  >> "<soapenv:Envelope xmlns:bcc="http://www.huawei.com/bme/cbsinterface/bccommon" xmlns:bcs="http://www.huawei.com/bme/cbsinterface/bcservices" xmlns:ws="http://ws.web.gatewaycbs.tigo.com.co/" xmlns:soapenv="http://schemas.xmlsoap.org/soap/envelope/">[\n]"
11:34:22.937 [Test worker] DEBUG org.apache.http.wire -  >> "   <soapenv:Header/>[\n]"
11:34:22.937 [Test worker] DEBUG org.apache.http.wire -  >> "   <soapenv:Body>[\n]"
11:34:22.937 [Test worker] DEBUG org.apache.http.wire -  >> "      <ws:queryCustomerInfo>[\n]"
11:34:22.937 [Test worker] DEBUG org.apache.http.wire -  >> "         <!--Optional:-->[\n]"
11:34:22.937 [Test worker] DEBUG org.apache.http.wire -  >> "         <QueryCustomerInfoRequest>[\n]"
11:34:22.937 [Test worker] DEBUG org.apache.http.wire -  >> "            <bcs:QueryObj>[\n]"
11:34:22.937 [Test worker] DEBUG org.apache.http.wire -  >> "               <!--Optional:-->[\n]"
11:34:22.937 [Test worker] DEBUG org.apache.http.wire -  >> "               <bcs:SubAccessCode>[\n]"
11:34:22.937 [Test worker] DEBUG org.apache.http.wire -  >> "                  <!--Optional:-->[\n]"
11:34:22.937 [Test worker] DEBUG org.apache.http.wire -  >> "                  <bcc:PrimaryIdentity>3045987650</bcc:PrimaryIdentity>[\n]"
11:34:22.937 [Test worker] DEBUG org.apache.http.wire -  >> "               </bcs:SubAccessCode>[\n]"
11:34:22.937 [Test worker] DEBUG org.apache.http.wire -  >> "            </bcs:QueryObj>[\n]"
11:34:22.937 [Test worker] DEBUG org.apache.http.wire -  >> "         </QueryCustomerInfoRequest>[\n]"
11:34:22.937 [Test worker] DEBUG org.apache.http.wire -  >> "      </ws:queryCustomerInfo>[\n]"
11:34:22.937 [Test worker] DEBUG org.apache.http.wire -  >> "   </soapenv:Body>[\n]"
11:34:22.937 [Test worker] DEBUG org.apache.http.wire -  >> "</soapenv:Envelope>"
11:34:23.051 [Test worker] DEBUG org.apache.http.wire -  << "HTTP/1.1 200 OK[\r][\n]"
11:34:23.051 [Test worker] DEBUG org.apache.http.wire -  << "Date: Fri, 08 Jul 2022 16:40:02 GMT[\r][\n]"
11:34:23.051 [Test worker] DEBUG org.apache.http.wire -  << "Transfer-Encoding: chunked[\r][\n]"
11:34:23.051 [Test worker] DEBUG org.apache.http.wire -  << "Content-Type: text/xml; charset=utf-8[\r][\n]"
11:34:23.051 [Test worker] DEBUG org.apache.http.wire -  << "X-Powered-By: Servlet/2.5 JSP/2.1[\r][\n]"
11:34:23.051 [Test worker] DEBUG org.apache.http.wire -  << "[\r][\n]"
11:34:23.051 [Test worker] DEBUG org.apache.http.impl.conn.DefaultClientConnection - Receiving response: HTTP/1.1 200 OK
11:34:23.051 [Test worker] DEBUG org.apache.http.headers - << HTTP/1.1 200 OK
11:34:23.051 [Test worker] DEBUG org.apache.http.headers - << Date: Fri, 08 Jul 2022 16:40:02 GMT
11:34:23.051 [Test worker] DEBUG org.apache.http.headers - << Transfer-Encoding: chunked
11:34:23.051 [Test worker] DEBUG org.apache.http.headers - << Content-Type: text/xml; charset=utf-8
11:34:23.051 [Test worker] DEBUG org.apache.http.headers - << X-Powered-By: Servlet/2.5 JSP/2.1
11:34:23.051 [Test worker] DEBUG org.apache.http.impl.client.DefaultHttpClient - Connection can be kept alive indefinitely
11:34:23.052 [Test worker] DEBUG io.restassured.internal.RequestSpecificationImpl$RestAssuredHttpBuilder - Parsing response as: text/xml; charset=utf-8
11:34:23.052 [Test worker] DEBUG io.restassured.internal.RequestSpecificationImpl$RestAssuredHttpBuilder - Parsed data to instance of: class org.apache.http.conn.EofSensorInputStream
11:34:23.055 [Test worker] DEBUG org.apache.http.wire -  << "0347[\r][\n]"
11:34:23.055 [Test worker] DEBUG org.apache.http.wire -  << "<?xml version='1.0' encoding='UTF-8'?><S:Envelope xmlns:S="http://schemas.xmlsoap.org/soap/envelope/"><S:Header><work:WorkContext xmlns:work="http://oracle.com/weblogic/soap/workarea/">rO0ABXdOABx3ZWJsb2dpYy5hcHAuR2F0ZXdheUNic1dTSW50AAAA1gAAACN3ZWJsb2dpYy53b3JrYXJlYS5TdHJpbmdXb3JrQ29udGV4dAABMQAA</work:WorkContext></S:Header><S:Body><ns4:queryCustomerInfoResponse xmlns:ns5="http://www.huawei.com/bme/cbsinterface/cbscommon" xmlns:ns4="http://ws.web.gatewaycbs.tigo.com.co/" xmlns:ns3="http://www.huawei.com/bme/cbsinterface/bcservices" xmlns:ns2="http://www.huawei.com/bme/cbsinterface/bccommon"><return><ResultHeader><ns5:Version>1</ns5:Version><ns5:ResultCode>118030260</ns5:ResultCode><ns5:ResultDesc>Subscriber 3045987650 does not exist.</ns5:ResultDesc></ResultHeader></return></ns4:queryCustomerInfoResponse></S:Body></S:Envelope>"
11:34:23.055 [Test worker] DEBUG org.apache.http.wire -  << "[\r][\n]"
11:34:23.055 [Test worker] DEBUG org.apache.http.wire -  << "0000[\r][\n]"
11:34:23.055 [Test worker] DEBUG org.apache.http.wire -  << "[\r][\n]"
11:34:23.055 [Test worker] DEBUG org.apache.http.impl.conn.BasicClientConnectionManager - Releasing connection org.apache.http.impl.conn.ManagedClientConnectionImpl@54d60533
11:34:23.055 [Test worker] DEBUG org.apache.http.impl.conn.BasicClientConnectionManager - Connection can be kept alive indefinitely
La linea 3045987650 no esta activa
se ejecuta correctamente DB Activator
11:34:23.945 [Finalizer] DEBUG org.apache.http.impl.conn.DefaultClientConnection - Connection 0.0.0.0:54780<->10.65.45.14:7001 closed
11:34:23.953 [Finalizer] DEBUG org.apache.http.impl.conn.DefaultClientConnection - Connection 0.0.0.0:54775<->10.65.45.14:7001 closed
se ejecuta correctamente  DB EPOS
se ejecuta correctamente DB Siebel
se ejecuta correctamente DB Postale
11:34:27.248 [Test worker] DEBUG org.apache.http.impl.conn.BasicClientConnectionManager - Get connection for route {}->http://10.65.45.14:7001
11:34:27.248 [Test worker] DEBUG org.apache.http.impl.conn.DefaultClientConnectionOperator - Connecting to 10.65.45.14:7001
11:34:27.308 [Test worker] DEBUG org.apache.http.client.protocol.RequestAddCookies - CookieSpec selected: ignoreCookies
11:34:27.308 [Test worker] DEBUG org.apache.http.client.protocol.RequestAuthCache - Auth cache not set in the context
11:34:27.308 [Test worker] DEBUG org.apache.http.client.protocol.RequestTargetAuthentication - Target auth state: UNCHALLENGED
11:34:27.308 [Test worker] DEBUG org.apache.http.client.protocol.RequestProxyAuthentication - Proxy auth state: UNCHALLENGED
11:34:27.308 [Test worker] DEBUG org.apache.http.impl.client.DefaultHttpClient - Attempt 1 to execute request
11:34:27.308 [Test worker] DEBUG org.apache.http.impl.conn.DefaultClientConnection - Sending request: POST /gatewaycbs/BcServicesInt?WSDL HTTP/1.1
11:34:27.308 [Test worker] DEBUG org.apache.http.wire -  >> "POST /gatewaycbs/BcServicesInt?WSDL HTTP/1.1[\r][\n]"
11:34:27.308 [Test worker] DEBUG org.apache.http.wire -  >> "Accept: */*[\r][\n]"
11:34:27.308 [Test worker] DEBUG org.apache.http.wire -  >> "Content-Type: text/xml;charset=UTF-8[\r][\n]"
11:34:27.308 [Test worker] DEBUG org.apache.http.wire -  >> "Content-Length: 748[\r][\n]"
11:34:27.308 [Test worker] DEBUG org.apache.http.wire -  >> "Host: 10.65.45.14:7001[\r][\n]"
11:34:27.308 [Test worker] DEBUG org.apache.http.wire -  >> "Connection: Keep-Alive[\r][\n]"
11:34:27.308 [Test worker] DEBUG org.apache.http.wire -  >> "User-Agent: Apache-HttpClient/4.5.9 (Java/1.8.0_291)[\r][\n]"
11:34:27.308 [Test worker] DEBUG org.apache.http.wire -  >> "Accept-Encoding: gzip,deflate[\r][\n]"
11:34:27.308 [Test worker] DEBUG org.apache.http.wire -  >> "[\r][\n]"
11:34:27.308 [Test worker] DEBUG org.apache.http.headers - >> POST /gatewaycbs/BcServicesInt?WSDL HTTP/1.1
11:34:27.308 [Test worker] DEBUG org.apache.http.headers - >> Accept: */*
11:34:27.308 [Test worker] DEBUG org.apache.http.headers - >> Content-Type: text/xml;charset=UTF-8
11:34:27.308 [Test worker] DEBUG org.apache.http.headers - >> Content-Length: 748
11:34:27.308 [Test worker] DEBUG org.apache.http.headers - >> Host: 10.65.45.14:7001
11:34:27.308 [Test worker] DEBUG org.apache.http.headers - >> Connection: Keep-Alive
11:34:27.308 [Test worker] DEBUG org.apache.http.headers - >> User-Agent: Apache-HttpClient/4.5.9 (Java/1.8.0_291)
11:34:27.309 [Test worker] DEBUG org.apache.http.headers - >> Accept-Encoding: gzip,deflate
11:34:27.309 [Test worker] DEBUG org.apache.http.wire -  >> "<soapenv:Envelope xmlns:bcc="http://www.huawei.com/bme/cbsinterface/bccommon" xmlns:bcs="http://www.huawei.com/bme/cbsinterface/bcservices" xmlns:ws="http://ws.web.gatewaycbs.tigo.com.co/" xmlns:soapenv="http://schemas.xmlsoap.org/soap/envelope/">[\n]"
11:34:27.309 [Test worker] DEBUG org.apache.http.wire -  >> "   <soapenv:Header/>[\n]"
11:34:27.309 [Test worker] DEBUG org.apache.http.wire -  >> "   <soapenv:Body>[\n]"
11:34:27.309 [Test worker] DEBUG org.apache.http.wire -  >> "      <ws:queryCustomerInfo>[\n]"
11:34:27.309 [Test worker] DEBUG org.apache.http.wire -  >> "         <!--Optional:-->[\n]"
11:34:27.309 [Test worker] DEBUG org.apache.http.wire -  >> "         <QueryCustomerInfoRequest>[\n]"
11:34:27.309 [Test worker] DEBUG org.apache.http.wire -  >> "            <bcs:QueryObj>[\n]"
11:34:27.309 [Test worker] DEBUG org.apache.http.wire -  >> "               <!--Optional:-->[\n]"
11:34:27.309 [Test worker] DEBUG org.apache.http.wire -  >> "               <bcs:SubAccessCode>[\n]"
11:34:27.309 [Test worker] DEBUG org.apache.http.wire -  >> "                  <!--Optional:-->[\n]"
11:34:27.309 [Test worker] DEBUG org.apache.http.wire -  >> "                  <bcc:PrimaryIdentity>3046010569</bcc:PrimaryIdentity>[\n]"
11:34:27.309 [Test worker] DEBUG org.apache.http.wire -  >> "               </bcs:SubAccessCode>[\n]"
11:34:27.309 [Test worker] DEBUG org.apache.http.wire -  >> "            </bcs:QueryObj>[\n]"
11:34:27.309 [Test worker] DEBUG org.apache.http.wire -  >> "         </QueryCustomerInfoRequest>[\n]"
11:34:27.309 [Test worker] DEBUG org.apache.http.wire -  >> "      </ws:queryCustomerInfo>[\n]"
11:34:27.309 [Test worker] DEBUG org.apache.http.wire -  >> "   </soapenv:Body>[\n]"
11:34:27.309 [Test worker] DEBUG org.apache.http.wire -  >> "</soapenv:Envelope>"
11:34:27.416 [Test worker] DEBUG org.apache.http.wire -  << "HTTP/1.1 200 OK[\r][\n]"
11:34:27.417 [Test worker] DEBUG org.apache.http.wire -  << "Date: Fri, 08 Jul 2022 16:40:07 GMT[\r][\n]"
11:34:27.417 [Test worker] DEBUG org.apache.http.wire -  << "Transfer-Encoding: chunked[\r][\n]"
11:34:27.417 [Test worker] DEBUG org.apache.http.wire -  << "Content-Type: text/xml; charset=utf-8[\r][\n]"
11:34:27.417 [Test worker] DEBUG org.apache.http.wire -  << "X-Powered-By: Servlet/2.5 JSP/2.1[\r][\n]"
11:34:27.417 [Test worker] DEBUG org.apache.http.wire -  << "[\r][\n]"
11:34:27.417 [Test worker] DEBUG org.apache.http.impl.conn.DefaultClientConnection - Receiving response: HTTP/1.1 200 OK
11:34:27.417 [Test worker] DEBUG org.apache.http.headers - << HTTP/1.1 200 OK
11:34:27.417 [Test worker] DEBUG org.apache.http.headers - << Date: Fri, 08 Jul 2022 16:40:07 GMT
11:34:27.417 [Test worker] DEBUG org.apache.http.headers - << Transfer-Encoding: chunked
11:34:27.417 [Test worker] DEBUG org.apache.http.headers - << Content-Type: text/xml; charset=utf-8
11:34:27.417 [Test worker] DEBUG org.apache.http.headers - << X-Powered-By: Servlet/2.5 JSP/2.1
11:34:27.417 [Test worker] DEBUG org.apache.http.impl.client.DefaultHttpClient - Connection can be kept alive indefinitely
11:34:27.418 [Test worker] DEBUG io.restassured.internal.RequestSpecificationImpl$RestAssuredHttpBuilder - Parsing response as: text/xml; charset=utf-8
11:34:27.418 [Test worker] DEBUG io.restassured.internal.RequestSpecificationImpl$RestAssuredHttpBuilder - Parsed data to instance of: class org.apache.http.conn.EofSensorInputStream
11:34:27.420 [Test worker] DEBUG org.apache.http.wire -  << "0347[\r][\n]"
11:34:27.420 [Test worker] DEBUG org.apache.http.wire -  << "<?xml version='1.0' encoding='UTF-8'?><S:Envelope xmlns:S="http://schemas.xmlsoap.org/soap/envelope/"><S:Header><work:WorkContext xmlns:work="http://oracle.com/weblogic/soap/workarea/">rO0ABXdOABx3ZWJsb2dpYy5hcHAuR2F0ZXdheUNic1dTSW50AAAA1gAAACN3ZWJsb2dpYy53b3JrYXJlYS5TdHJpbmdXb3JrQ29udGV4dAABMQAA</work:WorkContext></S:Header><S:Body><ns4:queryCustomerInfoResponse xmlns:ns5="http://www.huawei.com/bme/cbsinterface/cbscommon" xmlns:ns4="http://ws.web.gatewaycbs.tigo.com.co/" xmlns:ns3="http://www.huawei.com/bme/cbsinterface/bcservices" xmlns:ns2="http://www.huawei.com/bme/cbsinterface/bccommon"><return><ResultHeader><ns5:Version>1</ns5:Version><ns5:ResultCode>118030260</ns5:ResultCode><ns5:ResultDesc>Subscriber 3046010569 does not exist.</ns5:ResultDesc></ResultHeader></return></ns4:queryCustomerInfoResponse></S:Body></S:Envelope>"
11:34:27.420 [Test worker] DEBUG org.apache.http.wire -  << "[\r][\n]"
11:34:27.420 [Test worker] DEBUG org.apache.http.wire -  << "0000[\r][\n]"
11:34:27.420 [Test worker] DEBUG org.apache.http.wire -  << "[\r][\n]"
11:34:27.420 [Test worker] DEBUG org.apache.http.impl.conn.BasicClientConnectionManager - Releasing connection org.apache.http.impl.conn.ManagedClientConnectionImpl@32d2d05b
11:34:27.420 [Test worker] DEBUG org.apache.http.impl.conn.BasicClientConnectionManager - Connection can be kept alive indefinitely
La linea 3046010569 no esta activa
se ejecuta correctamente DB Activator
se ejecuta correctamente  DB EPOS
se ejecuta correctamente DB Siebel
se ejecuta correctamente DB Postale
11:34:31.520 [Test worker] DEBUG org.apache.http.impl.conn.BasicClientConnectionManager - Get connection for route {}->http://10.65.45.14:7001
11:34:31.520 [Test worker] DEBUG org.apache.http.impl.conn.DefaultClientConnectionOperator - Connecting to 10.65.45.14:7001
11:34:31.581 [Test worker] DEBUG org.apache.http.client.protocol.RequestAddCookies - CookieSpec selected: ignoreCookies
11:34:31.581 [Test worker] DEBUG org.apache.http.client.protocol.RequestAuthCache - Auth cache not set in the context
11:34:31.581 [Test worker] DEBUG org.apache.http.client.protocol.RequestTargetAuthentication - Target auth state: UNCHALLENGED
11:34:31.581 [Test worker] DEBUG org.apache.http.client.protocol.RequestProxyAuthentication - Proxy auth state: UNCHALLENGED
11:34:31.581 [Test worker] DEBUG org.apache.http.impl.client.DefaultHttpClient - Attempt 1 to execute request
11:34:31.581 [Test worker] DEBUG org.apache.http.impl.conn.DefaultClientConnection - Sending request: POST /gatewaycbs/BcServicesInt?WSDL HTTP/1.1
11:34:31.581 [Test worker] DEBUG org.apache.http.wire -  >> "POST /gatewaycbs/BcServicesInt?WSDL HTTP/1.1[\r][\n]"
11:34:31.582 [Test worker] DEBUG org.apache.http.wire -  >> "Accept: */*[\r][\n]"
11:34:31.582 [Test worker] DEBUG org.apache.http.wire -  >> "Content-Type: text/xml;charset=UTF-8[\r][\n]"
11:34:31.582 [Test worker] DEBUG org.apache.http.wire -  >> "Content-Length: 748[\r][\n]"
11:34:31.582 [Test worker] DEBUG org.apache.http.wire -  >> "Host: 10.65.45.14:7001[\r][\n]"
11:34:31.582 [Test worker] DEBUG org.apache.http.wire -  >> "Connection: Keep-Alive[\r][\n]"
11:34:31.582 [Test worker] DEBUG org.apache.http.wire -  >> "User-Agent: Apache-HttpClient/4.5.9 (Java/1.8.0_291)[\r][\n]"
11:34:31.582 [Test worker] DEBUG org.apache.http.wire -  >> "Accept-Encoding: gzip,deflate[\r][\n]"
11:34:31.582 [Test worker] DEBUG org.apache.http.wire -  >> "[\r][\n]"
11:34:31.582 [Test worker] DEBUG org.apache.http.headers - >> POST /gatewaycbs/BcServicesInt?WSDL HTTP/1.1
11:34:31.582 [Test worker] DEBUG org.apache.http.headers - >> Accept: */*
11:34:31.582 [Test worker] DEBUG org.apache.http.headers - >> Content-Type: text/xml;charset=UTF-8
11:34:31.582 [Test worker] DEBUG org.apache.http.headers - >> Content-Length: 748
11:34:31.583 [Test worker] DEBUG org.apache.http.headers - >> Host: 10.65.45.14:7001
11:34:31.583 [Test worker] DEBUG org.apache.http.headers - >> Connection: Keep-Alive
11:34:31.583 [Test worker] DEBUG org.apache.http.headers - >> User-Agent: Apache-HttpClient/4.5.9 (Java/1.8.0_291)
11:34:31.583 [Test worker] DEBUG org.apache.http.headers - >> Accept-Encoding: gzip,deflate
11:34:31.584 [Test worker] DEBUG org.apache.http.wire -  >> "<soapenv:Envelope xmlns:bcc="http://www.huawei.com/bme/cbsinterface/bccommon" xmlns:bcs="http://www.huawei.com/bme/cbsinterface/bcservices" xmlns:ws="http://ws.web.gatewaycbs.tigo.com.co/" xmlns:soapenv="http://schemas.xmlsoap.org/soap/envelope/">[\n]"
11:34:31.584 [Test worker] DEBUG org.apache.http.wire -  >> "   <soapenv:Header/>[\n]"
11:34:31.584 [Test worker] DEBUG org.apache.http.wire -  >> "   <soapenv:Body>[\n]"
11:34:31.584 [Test worker] DEBUG org.apache.http.wire -  >> "      <ws:queryCustomerInfo>[\n]"
11:34:31.584 [Test worker] DEBUG org.apache.http.wire -  >> "         <!--Optional:-->[\n]"
11:34:31.584 [Test worker] DEBUG org.apache.http.wire -  >> "         <QueryCustomerInfoRequest>[\n]"
11:34:31.584 [Test worker] DEBUG org.apache.http.wire -  >> "            <bcs:QueryObj>[\n]"
11:34:31.584 [Test worker] DEBUG org.apache.http.wire -  >> "               <!--Optional:-->[\n]"
11:34:31.584 [Test worker] DEBUG org.apache.http.wire -  >> "               <bcs:SubAccessCode>[\n]"
11:34:31.584 [Test worker] DEBUG org.apache.http.wire -  >> "                  <!--Optional:-->[\n]"
11:34:31.584 [Test worker] DEBUG org.apache.http.wire -  >> "                  <bcc:PrimaryIdentity>3045984556</bcc:PrimaryIdentity>[\n]"
11:34:31.584 [Test worker] DEBUG org.apache.http.wire -  >> "               </bcs:SubAccessCode>[\n]"
11:34:31.584 [Test worker] DEBUG org.apache.http.wire -  >> "            </bcs:QueryObj>[\n]"
11:34:31.584 [Test worker] DEBUG org.apache.http.wire -  >> "         </QueryCustomerInfoRequest>[\n]"
11:34:31.585 [Test worker] DEBUG org.apache.http.wire -  >> "      </ws:queryCustomerInfo>[\n]"
11:34:31.585 [Test worker] DEBUG org.apache.http.wire -  >> "   </soapenv:Body>[\n]"
11:34:31.585 [Test worker] DEBUG org.apache.http.wire -  >> "</soapenv:Envelope>"
11:34:31.692 [Test worker] DEBUG org.apache.http.wire -  << "HTTP/1.1 200 OK[\r][\n]"
11:34:31.693 [Test worker] DEBUG org.apache.http.wire -  << "Date: Fri, 08 Jul 2022 16:40:11 GMT[\r][\n]"
11:34:31.693 [Test worker] DEBUG org.apache.http.wire -  << "Transfer-Encoding: chunked[\r][\n]"
11:34:31.693 [Test worker] DEBUG org.apache.http.wire -  << "Content-Type: text/xml; charset=utf-8[\r][\n]"
11:34:31.693 [Test worker] DEBUG org.apache.http.wire -  << "X-Powered-By: Servlet/2.5 JSP/2.1[\r][\n]"
11:34:31.693 [Test worker] DEBUG org.apache.http.wire -  << "[\r][\n]"
11:34:31.693 [Test worker] DEBUG org.apache.http.impl.conn.DefaultClientConnection - Receiving response: HTTP/1.1 200 OK
11:34:31.693 [Test worker] DEBUG org.apache.http.headers - << HTTP/1.1 200 OK
11:34:31.693 [Test worker] DEBUG org.apache.http.headers - << Date: Fri, 08 Jul 2022 16:40:11 GMT
11:34:31.693 [Test worker] DEBUG org.apache.http.headers - << Transfer-Encoding: chunked
11:34:31.693 [Test worker] DEBUG org.apache.http.headers - << Content-Type: text/xml; charset=utf-8
11:34:31.693 [Test worker] DEBUG org.apache.http.headers - << X-Powered-By: Servlet/2.5 JSP/2.1
11:34:31.693 [Test worker] DEBUG org.apache.http.impl.client.DefaultHttpClient - Connection can be kept alive indefinitely
11:34:31.694 [Test worker] DEBUG io.restassured.internal.RequestSpecificationImpl$RestAssuredHttpBuilder - Parsing response as: text/xml; charset=utf-8
11:34:31.694 [Test worker] DEBUG io.restassured.internal.RequestSpecificationImpl$RestAssuredHttpBuilder - Parsed data to instance of: class org.apache.http.conn.EofSensorInputStream
11:34:31.695 [Test worker] DEBUG org.apache.http.wire -  << "0347[\r][\n]"
11:34:31.695 [Test worker] DEBUG org.apache.http.wire -  << "<?xml version='1.0' encoding='UTF-8'?><S:Envelope xmlns:S="http://schemas.xmlsoap.org/soap/envelope/"><S:Header><work:WorkContext xmlns:work="http://oracle.com/weblogic/soap/workarea/">rO0ABXdOABx3ZWJsb2dpYy5hcHAuR2F0ZXdheUNic1dTSW50AAAA1gAAACN3ZWJsb2dpYy53b3JrYXJlYS5TdHJpbmdXb3JrQ29udGV4dAABMQAA</work:WorkContext></S:Header><S:Body><ns4:queryCustomerInfoResponse xmlns:ns5="http://www.huawei.com/bme/cbsinterface/cbscommon" xmlns:ns4="http://ws.web.gatewaycbs.tigo.com.co/" xmlns:ns3="http://www.huawei.com/bme/cbsinterface/bcservices" xmlns:ns2="http://www.huawei.com/bme/cbsinterface/bccommon"><return><ResultHeader><ns5:Version>1</ns5:Version><ns5:ResultCode>118030260</ns5:ResultCode><ns5:ResultDesc>Subscriber 3045984556 does not exist.</ns5:ResultDesc></ResultHeader></return></ns4:queryCustomerInfoResponse></S:Body></S:Envelope>"
11:34:31.695 [Test worker] DEBUG org.apache.http.wire -  << "[\r][\n]"
11:34:31.695 [Test worker] DEBUG org.apache.http.wire -  << "0000[\r][\n]"
11:34:31.695 [Test worker] DEBUG org.apache.http.wire -  << "[\r][\n]"
11:34:31.695 [Test worker] DEBUG org.apache.http.impl.conn.BasicClientConnectionManager - Releasing connection org.apache.http.impl.conn.ManagedClientConnectionImpl@3c51d31f
11:34:31.695 [Test worker] DEBUG org.apache.http.impl.conn.BasicClientConnectionManager - Connection can be kept alive indefinitely
La linea 3045984556 no esta activa
se ejecuta correctamente DB Activator
se ejecuta correctamente  DB EPOS
11:34:34.385 [Finalizer] DEBUG org.apache.http.impl.conn.DefaultClientConnection - Connection 0.0.0.0:54785<->10.65.45.14:7001 closed
11:34:34.387 [Finalizer] DEBUG org.apache.http.impl.conn.DefaultClientConnection - Connection 0.0.0.0:54790<->10.65.45.14:7001 closed
se ejecuta correctamente DB Siebel
se ejecuta correctamente DB Postale
11:34:35.818 [Test worker] DEBUG org.apache.http.impl.conn.BasicClientConnectionManager - Get connection for route {}->http://10.65.45.14:7001
11:34:35.818 [Test worker] DEBUG org.apache.http.impl.conn.DefaultClientConnectionOperator - Connecting to 10.65.45.14:7001
11:34:35.885 [Test worker] DEBUG org.apache.http.client.protocol.RequestAddCookies - CookieSpec selected: ignoreCookies
11:34:35.885 [Test worker] DEBUG org.apache.http.client.protocol.RequestAuthCache - Auth cache not set in the context
11:34:35.885 [Test worker] DEBUG org.apache.http.client.protocol.RequestTargetAuthentication - Target auth state: UNCHALLENGED
11:34:35.885 [Test worker] DEBUG org.apache.http.client.protocol.RequestProxyAuthentication - Proxy auth state: UNCHALLENGED
11:34:35.885 [Test worker] DEBUG org.apache.http.impl.client.DefaultHttpClient - Attempt 1 to execute request
11:34:35.885 [Test worker] DEBUG org.apache.http.impl.conn.DefaultClientConnection - Sending request: POST /gatewaycbs/BcServicesInt?WSDL HTTP/1.1
11:34:35.886 [Test worker] DEBUG org.apache.http.wire -  >> "POST /gatewaycbs/BcServicesInt?WSDL HTTP/1.1[\r][\n]"
11:34:35.886 [Test worker] DEBUG org.apache.http.wire -  >> "Accept: */*[\r][\n]"
11:34:35.886 [Test worker] DEBUG org.apache.http.wire -  >> "Content-Type: text/xml;charset=UTF-8[\r][\n]"
11:34:35.886 [Test worker] DEBUG org.apache.http.wire -  >> "Content-Length: 748[\r][\n]"
11:34:35.886 [Test worker] DEBUG org.apache.http.wire -  >> "Host: 10.65.45.14:7001[\r][\n]"
11:34:35.886 [Test worker] DEBUG org.apache.http.wire -  >> "Connection: Keep-Alive[\r][\n]"
11:34:35.886 [Test worker] DEBUG org.apache.http.wire -  >> "User-Agent: Apache-HttpClient/4.5.9 (Java/1.8.0_291)[\r][\n]"
11:34:35.886 [Test worker] DEBUG org.apache.http.wire -  >> "Accept-Encoding: gzip,deflate[\r][\n]"
11:34:35.886 [Test worker] DEBUG org.apache.http.wire -  >> "[\r][\n]"
11:34:35.886 [Test worker] DEBUG org.apache.http.headers - >> POST /gatewaycbs/BcServicesInt?WSDL HTTP/1.1
11:34:35.886 [Test worker] DEBUG org.apache.http.headers - >> Accept: */*
11:34:35.886 [Test worker] DEBUG org.apache.http.headers - >> Content-Type: text/xml;charset=UTF-8
11:34:35.886 [Test worker] DEBUG org.apache.http.headers - >> Content-Length: 748
11:34:35.886 [Test worker] DEBUG org.apache.http.headers - >> Host: 10.65.45.14:7001
11:34:35.886 [Test worker] DEBUG org.apache.http.headers - >> Connection: Keep-Alive
11:34:35.887 [Test worker] DEBUG org.apache.http.headers - >> User-Agent: Apache-HttpClient/4.5.9 (Java/1.8.0_291)
11:34:35.887 [Test worker] DEBUG org.apache.http.headers - >> Accept-Encoding: gzip,deflate
11:34:35.888 [Test worker] DEBUG org.apache.http.wire -  >> "<soapenv:Envelope xmlns:bcc="http://www.huawei.com/bme/cbsinterface/bccommon" xmlns:bcs="http://www.huawei.com/bme/cbsinterface/bcservices" xmlns:ws="http://ws.web.gatewaycbs.tigo.com.co/" xmlns:soapenv="http://schemas.xmlsoap.org/soap/envelope/">[\n]"
11:34:35.888 [Test worker] DEBUG org.apache.http.wire -  >> "   <soapenv:Header/>[\n]"
11:34:35.888 [Test worker] DEBUG org.apache.http.wire -  >> "   <soapenv:Body>[\n]"
11:34:35.888 [Test worker] DEBUG org.apache.http.wire -  >> "      <ws:queryCustomerInfo>[\n]"
11:34:35.888 [Test worker] DEBUG org.apache.http.wire -  >> "         <!--Optional:-->[\n]"
11:34:35.888 [Test worker] DEBUG org.apache.http.wire -  >> "         <QueryCustomerInfoRequest>[\n]"
11:34:35.888 [Test worker] DEBUG org.apache.http.wire -  >> "            <bcs:QueryObj>[\n]"
11:34:35.888 [Test worker] DEBUG org.apache.http.wire -  >> "               <!--Optional:-->[\n]"
11:34:35.888 [Test worker] DEBUG org.apache.http.wire -  >> "               <bcs:SubAccessCode>[\n]"
11:34:35.888 [Test worker] DEBUG org.apache.http.wire -  >> "                  <!--Optional:-->[\n]"
11:34:35.888 [Test worker] DEBUG org.apache.http.wire -  >> "                  <bcc:PrimaryIdentity>3052754289</bcc:PrimaryIdentity>[\n]"
11:34:35.888 [Test worker] DEBUG org.apache.http.wire -  >> "               </bcs:SubAccessCode>[\n]"
11:34:35.888 [Test worker] DEBUG org.apache.http.wire -  >> "            </bcs:QueryObj>[\n]"
11:34:35.888 [Test worker] DEBUG org.apache.http.wire -  >> "         </QueryCustomerInfoRequest>[\n]"
11:34:35.888 [Test worker] DEBUG org.apache.http.wire -  >> "      </ws:queryCustomerInfo>[\n]"
11:34:35.888 [Test worker] DEBUG org.apache.http.wire -  >> "   </soapenv:Body>[\n]"
11:34:35.888 [Test worker] DEBUG org.apache.http.wire -  >> "</soapenv:Envelope>"
11:34:35.993 [Test worker] DEBUG org.apache.http.wire -  << "HTTP/1.1 200 OK[\r][\n]"
11:34:35.993 [Test worker] DEBUG org.apache.http.wire -  << "Date: Fri, 08 Jul 2022 16:40:15 GMT[\r][\n]"
11:34:35.993 [Test worker] DEBUG org.apache.http.wire -  << "Transfer-Encoding: chunked[\r][\n]"
11:34:35.993 [Test worker] DEBUG org.apache.http.wire -  << "Content-Type: text/xml; charset=utf-8[\r][\n]"
11:34:35.993 [Test worker] DEBUG org.apache.http.wire -  << "X-Powered-By: Servlet/2.5 JSP/2.1[\r][\n]"
11:34:35.994 [Test worker] DEBUG org.apache.http.wire -  << "[\r][\n]"
11:34:35.994 [Test worker] DEBUG org.apache.http.impl.conn.DefaultClientConnection - Receiving response: HTTP/1.1 200 OK
11:34:35.994 [Test worker] DEBUG org.apache.http.headers - << HTTP/1.1 200 OK
11:34:35.994 [Test worker] DEBUG org.apache.http.headers - << Date: Fri, 08 Jul 2022 16:40:15 GMT
11:34:35.994 [Test worker] DEBUG org.apache.http.headers - << Transfer-Encoding: chunked
11:34:35.994 [Test worker] DEBUG org.apache.http.headers - << Content-Type: text/xml; charset=utf-8
11:34:35.994 [Test worker] DEBUG org.apache.http.headers - << X-Powered-By: Servlet/2.5 JSP/2.1
11:34:35.994 [Test worker] DEBUG org.apache.http.impl.client.DefaultHttpClient - Connection can be kept alive indefinitely
11:34:35.994 [Test worker] DEBUG io.restassured.internal.RequestSpecificationImpl$RestAssuredHttpBuilder - Parsing response as: text/xml; charset=utf-8
11:34:35.995 [Test worker] DEBUG io.restassured.internal.RequestSpecificationImpl$RestAssuredHttpBuilder - Parsed data to instance of: class org.apache.http.conn.EofSensorInputStream
11:34:35.996 [Test worker] DEBUG org.apache.http.wire -  << "0347[\r][\n]"
11:34:35.996 [Test worker] DEBUG org.apache.http.wire -  << "<?xml version='1.0' encoding='UTF-8'?><S:Envelope xmlns:S="http://schemas.xmlsoap.org/soap/envelope/"><S:Header><work:WorkContext xmlns:work="http://oracle.com/weblogic/soap/workarea/">rO0ABXdOABx3ZWJsb2dpYy5hcHAuR2F0ZXdheUNic1dTSW50AAAA1gAAACN3ZWJsb2dpYy53b3JrYXJlYS5TdHJpbmdXb3JrQ29udGV4dAABMQAA</work:WorkContext></S:Header><S:Body><ns4:queryCustomerInfoResponse xmlns:ns5="http://www.huawei.com/bme/cbsinterface/cbscommon" xmlns:ns4="http://ws.web.gatewaycbs.tigo.com.co/" xmlns:ns3="http://www.huawei.com/bme/cbsinterface/bcservices" xmlns:ns2="http://www.huawei.com/bme/cbsinterface/bccommon"><return><ResultHeader><ns5:Version>1</ns5:Version><ns5:ResultCode>118030260</ns5:ResultCode><ns5:ResultDesc>Subscriber 3052754289 does not exist.</ns5:ResultDesc></ResultHeader></return></ns4:queryCustomerInfoResponse></S:Body></S:Envelope>"
11:34:35.996 [Test worker] DEBUG org.apache.http.wire -  << "[\r][\n]"
11:34:35.996 [Test worker] DEBUG org.apache.http.wire -  << "0000[\r][\n]"
11:34:35.996 [Test worker] DEBUG org.apache.http.wire -  << "[\r][\n]"
11:34:35.997 [Test worker] DEBUG org.apache.http.impl.conn.BasicClientConnectionManager - Releasing connection org.apache.http.impl.conn.ManagedClientConnectionImpl@243dc34b
11:34:35.997 [Test worker] DEBUG org.apache.http.impl.conn.BasicClientConnectionManager - Connection can be kept alive indefinitely
La linea 3052754289 no esta activa
se ejecuta correctamente DB Activator
se ejecuta correctamente  DB EPOS
se ejecuta correctamente DB Siebel
se ejecuta correctamente DB Postale
11:34:40.074 [Test worker] DEBUG org.apache.http.impl.conn.BasicClientConnectionManager - Get connection for route {}->http://10.65.45.14:7001
11:34:40.075 [Test worker] DEBUG org.apache.http.impl.conn.DefaultClientConnectionOperator - Connecting to 10.65.45.14:7001
11:34:40.134 [Test worker] DEBUG org.apache.http.client.protocol.RequestAddCookies - CookieSpec selected: ignoreCookies
11:34:40.134 [Test worker] DEBUG org.apache.http.client.protocol.RequestAuthCache - Auth cache not set in the context
11:34:40.134 [Test worker] DEBUG org.apache.http.client.protocol.RequestTargetAuthentication - Target auth state: UNCHALLENGED
11:34:40.134 [Test worker] DEBUG org.apache.http.client.protocol.RequestProxyAuthentication - Proxy auth state: UNCHALLENGED
11:34:40.134 [Test worker] DEBUG org.apache.http.impl.client.DefaultHttpClient - Attempt 1 to execute request
11:34:40.135 [Test worker] DEBUG org.apache.http.impl.conn.DefaultClientConnection - Sending request: POST /gatewaycbs/BcServicesInt?WSDL HTTP/1.1
11:34:40.135 [Test worker] DEBUG org.apache.http.wire -  >> "POST /gatewaycbs/BcServicesInt?WSDL HTTP/1.1[\r][\n]"
11:34:40.135 [Test worker] DEBUG org.apache.http.wire -  >> "Accept: */*[\r][\n]"
11:34:40.135 [Test worker] DEBUG org.apache.http.wire -  >> "Content-Type: text/xml;charset=UTF-8[\r][\n]"
11:34:40.135 [Test worker] DEBUG org.apache.http.wire -  >> "Content-Length: 748[\r][\n]"
11:34:40.135 [Test worker] DEBUG org.apache.http.wire -  >> "Host: 10.65.45.14:7001[\r][\n]"
11:34:40.135 [Test worker] DEBUG org.apache.http.wire -  >> "Connection: Keep-Alive[\r][\n]"
11:34:40.135 [Test worker] DEBUG org.apache.http.wire -  >> "User-Agent: Apache-HttpClient/4.5.9 (Java/1.8.0_291)[\r][\n]"
11:34:40.135 [Test worker] DEBUG org.apache.http.wire -  >> "Accept-Encoding: gzip,deflate[\r][\n]"
11:34:40.135 [Test worker] DEBUG org.apache.http.wire -  >> "[\r][\n]"
11:34:40.135 [Test worker] DEBUG org.apache.http.headers - >> POST /gatewaycbs/BcServicesInt?WSDL HTTP/1.1
11:34:40.135 [Test worker] DEBUG org.apache.http.headers - >> Accept: */*
11:34:40.135 [Test worker] DEBUG org.apache.http.headers - >> Content-Type: text/xml;charset=UTF-8
11:34:40.135 [Test worker] DEBUG org.apache.http.headers - >> Content-Length: 748
11:34:40.135 [Test worker] DEBUG org.apache.http.headers - >> Host: 10.65.45.14:7001
11:34:40.135 [Test worker] DEBUG org.apache.http.headers - >> Connection: Keep-Alive
11:34:40.135 [Test worker] DEBUG org.apache.http.headers - >> User-Agent: Apache-HttpClient/4.5.9 (Java/1.8.0_291)
11:34:40.136 [Test worker] DEBUG org.apache.http.headers - >> Accept-Encoding: gzip,deflate
11:34:40.137 [Test worker] DEBUG org.apache.http.wire -  >> "<soapenv:Envelope xmlns:bcc="http://www.huawei.com/bme/cbsinterface/bccommon" xmlns:bcs="http://www.huawei.com/bme/cbsinterface/bcservices" xmlns:ws="http://ws.web.gatewaycbs.tigo.com.co/" xmlns:soapenv="http://schemas.xmlsoap.org/soap/envelope/">[\n]"
11:34:40.137 [Test worker] DEBUG org.apache.http.wire -  >> "   <soapenv:Header/>[\n]"
11:34:40.137 [Test worker] DEBUG org.apache.http.wire -  >> "   <soapenv:Body>[\n]"
11:34:40.137 [Test worker] DEBUG org.apache.http.wire -  >> "      <ws:queryCustomerInfo>[\n]"
11:34:40.137 [Test worker] DEBUG org.apache.http.wire -  >> "         <!--Optional:-->[\n]"
11:34:40.137 [Test worker] DEBUG org.apache.http.wire -  >> "         <QueryCustomerInfoRequest>[\n]"
11:34:40.137 [Test worker] DEBUG org.apache.http.wire -  >> "            <bcs:QueryObj>[\n]"
11:34:40.137 [Test worker] DEBUG org.apache.http.wire -  >> "               <!--Optional:-->[\n]"
11:34:40.137 [Test worker] DEBUG org.apache.http.wire -  >> "               <bcs:SubAccessCode>[\n]"
11:34:40.137 [Test worker] DEBUG org.apache.http.wire -  >> "                  <!--Optional:-->[\n]"
11:34:40.137 [Test worker] DEBUG org.apache.http.wire -  >> "                  <bcc:PrimaryIdentity>3046008586</bcc:PrimaryIdentity>[\n]"
11:34:40.137 [Test worker] DEBUG org.apache.http.wire -  >> "               </bcs:SubAccessCode>[\n]"
11:34:40.137 [Test worker] DEBUG org.apache.http.wire -  >> "            </bcs:QueryObj>[\n]"
11:34:40.137 [Test worker] DEBUG org.apache.http.wire -  >> "         </QueryCustomerInfoRequest>[\n]"
11:34:40.137 [Test worker] DEBUG org.apache.http.wire -  >> "      </ws:queryCustomerInfo>[\n]"
11:34:40.137 [Test worker] DEBUG org.apache.http.wire -  >> "   </soapenv:Body>[\n]"
11:34:40.138 [Test worker] DEBUG org.apache.http.wire -  >> "</soapenv:Envelope>"
11:34:40.233 [Test worker] DEBUG org.apache.http.wire -  << "HTTP/1.1 200 OK[\r][\n]"
11:34:40.234 [Test worker] DEBUG org.apache.http.wire -  << "Date: Fri, 08 Jul 2022 16:40:19 GMT[\r][\n]"
11:34:40.234 [Test worker] DEBUG org.apache.http.wire -  << "Transfer-Encoding: chunked[\r][\n]"
11:34:40.234 [Test worker] DEBUG org.apache.http.wire -  << "Content-Type: text/xml; charset=utf-8[\r][\n]"
11:34:40.234 [Test worker] DEBUG org.apache.http.wire -  << "X-Powered-By: Servlet/2.5 JSP/2.1[\r][\n]"
11:34:40.234 [Test worker] DEBUG org.apache.http.wire -  << "[\r][\n]"
11:34:40.234 [Test worker] DEBUG org.apache.http.impl.conn.DefaultClientConnection - Receiving response: HTTP/1.1 200 OK
11:34:40.234 [Test worker] DEBUG org.apache.http.headers - << HTTP/1.1 200 OK
11:34:40.234 [Test worker] DEBUG org.apache.http.headers - << Date: Fri, 08 Jul 2022 16:40:19 GMT
11:34:40.234 [Test worker] DEBUG org.apache.http.headers - << Transfer-Encoding: chunked
11:34:40.234 [Test worker] DEBUG org.apache.http.headers - << Content-Type: text/xml; charset=utf-8
11:34:40.234 [Test worker] DEBUG org.apache.http.headers - << X-Powered-By: Servlet/2.5 JSP/2.1
11:34:40.234 [Test worker] DEBUG org.apache.http.impl.client.DefaultHttpClient - Connection can be kept alive indefinitely
11:34:40.234 [Test worker] DEBUG io.restassured.internal.RequestSpecificationImpl$RestAssuredHttpBuilder - Parsing response as: text/xml; charset=utf-8
11:34:40.234 [Test worker] DEBUG io.restassured.internal.RequestSpecificationImpl$RestAssuredHttpBuilder - Parsed data to instance of: class org.apache.http.conn.EofSensorInputStream
11:34:40.236 [Test worker] DEBUG org.apache.http.wire -  << "0347[\r][\n]"
11:34:40.236 [Test worker] DEBUG org.apache.http.wire -  << "<?xml version='1.0' encoding='UTF-8'?><S:Envelope xmlns:S="http://schemas.xmlsoap.org/soap/envelope/"><S:Header><work:WorkContext xmlns:work="http://oracle.com/weblogic/soap/workarea/">rO0ABXdOABx3ZWJsb2dpYy5hcHAuR2F0ZXdheUNic1dTSW50AAAA1gAAACN3ZWJsb2dpYy53b3JrYXJlYS5TdHJpbmdXb3JrQ29udGV4dAABMQAA</work:WorkContext></S:Header><S:Body><ns4:queryCustomerInfoResponse xmlns:ns5="http://www.huawei.com/bme/cbsinterface/cbscommon" xmlns:ns4="http://ws.web.gatewaycbs.tigo.com.co/" xmlns:ns3="http://www.huawei.com/bme/cbsinterface/bcservices" xmlns:ns2="http://www.huawei.com/bme/cbsinterface/bccommon"><return><ResultHeader><ns5:Version>1</ns5:Version><ns5:ResultCode>118030260</ns5:ResultCode><ns5:ResultDesc>Subscriber 3046008586 does not exist.</ns5:ResultDesc></ResultHeader></return></ns4:queryCustomerInfoResponse></S:Body></S:Envelope>"
11:34:40.236 [Test worker] DEBUG org.apache.http.wire -  << "[\r][\n]"
11:34:40.236 [Test worker] DEBUG org.apache.http.wire -  << "0000[\r][\n]"
11:34:40.236 [Test worker] DEBUG org.apache.http.wire -  << "[\r][\n]"
11:34:40.236 [Test worker] DEBUG org.apache.http.impl.conn.BasicClientConnectionManager - Releasing connection org.apache.http.impl.conn.ManagedClientConnectionImpl@7de8d6c2
11:34:40.236 [Test worker] DEBUG org.apache.http.impl.conn.BasicClientConnectionManager - Connection can be kept alive indefinitely
La linea 3046008586 no esta activa
se ejecuta correctamente DB Activator
se ejecuta correctamente  DB EPOS
11:34:42.899 [Finalizer] DEBUG org.apache.http.impl.conn.DefaultClientConnection - Connection 0.0.0.0:54802<->10.65.45.14:7001 closed
11:34:42.901 [Finalizer] DEBUG org.apache.http.impl.conn.DefaultClientConnection - Connection 0.0.0.0:54797<->10.65.45.14:7001 closed
se ejecuta correctamente DB Siebel
se ejecuta correctamente DB Postale
11:34:44.755 [Test worker] INFO net.serenitybdd.core.webdriver.driverproviders.ProvideNewDriver - Instantiating driver
11:34:44.755 [Test worker] INFO net.serenitybdd.core.webdriver.driverproviders.ProvideNewDriver - Driver capabilities: Capabilities {acceptInsecureCerts: true, browserName: firefox, firefox_profile: org.openqa.selenium.firefox..., headless: false, loggingPrefs: org.openqa.selenium.logging..., marionette: true, moz:firefoxOptions: {}, platform: ANY, version: }
11:34:51.575 [Test worker] DEBUG net.serenitybdd.core.photography.Darkroom - Opening darkroom
11:34:51.577 [Darkroom Processing Line] DEBUG net.serenitybdd.core.photography.DarkroomProcessingLine - Darkroom processing line starting up
11:34:51.714 [Test worker] DEBUG net.serenitybdd.core.photography.Darkroom - Send negative for processing for C:\Users\nriosa\Desktop\SanitySemillas\SanitySemilla11\target\site\serenity\63694f168e36d6146328aa1c799046950a4537e9d67c87bc68807b754e4488e8.png
11:34:52.129 [Test worker] DEBUG net.serenitybdd.core.photography.Darkroom - Send negative for processing for C:\Users\nriosa\Desktop\SanitySemillas\SanitySemilla11\target\site\serenity\d7225d4beca8b4af4de9c07b3983ba90e05195eaab2618243e24e78c19d7dde1.png
11:34:55.609 [Test worker] DEBUG net.serenitybdd.core.photography.Darkroom - Send negative for processing for C:\Users\nriosa\Desktop\SanitySemillas\SanitySemilla11\target\site\serenity\06500dded8be3f08f9adb28ddd664deee1fde968fa3c7cc495a1ad6beaa50694.png
11:34:55.615 [Darkroom Processing Line] DEBUG net.serenitybdd.core.photography.DarkroomProcessingLine - Processing screenshot image in /var/screenshots/screenshot-1596341370435367876
11:34:55.615 [Darkroom Processing Line] DEBUG net.serenitybdd.core.photography.DarkroomProcessingLine - Saving screenshot to C:\Users\nriosa\Desktop\SanitySemillas\SanitySemilla11\target\site\serenity\06500dded8be3f08f9adb28ddd664deee1fde968fa3c7cc495a1ad6beaa50694.png
11:34:57.706 [Test worker] DEBUG net.serenitybdd.core.photography.Darkroom - Send negative for processing for C:\Users\nriosa\Desktop\SanitySemillas\SanitySemilla11\target\site\serenity\2b09b566c6d73c72c1c04c321d2422ce6ba4d6c1e561a103a4e9bbc663335755.png
11:34:57.708 [Darkroom Processing Line] DEBUG net.serenitybdd.core.photography.DarkroomProcessingLine - Processing screenshot image in /var/screenshots/screenshot-8568104689926429476
11:34:57.708 [Darkroom Processing Line] DEBUG net.serenitybdd.core.photography.DarkroomProcessingLine - Saving screenshot to C:\Users\nriosa\Desktop\SanitySemillas\SanitySemilla11\target\site\serenity\2b09b566c6d73c72c1c04c321d2422ce6ba4d6c1e561a103a4e9bbc663335755.png
11:34:58.514 [Test worker] DEBUG net.serenitybdd.core.photography.Darkroom - Send negative for processing for C:\Users\nriosa\Desktop\SanitySemillas\SanitySemilla11\target\site\serenity\0b569b193977347ee18785e3a3529c75283ab28c5322646ad8b81211fd35234c.png
11:34:58.516 [Darkroom Processing Line] DEBUG net.serenitybdd.core.photography.DarkroomProcessingLine - Processing screenshot image in /var/screenshots/screenshot-8870859175822871918
11:34:58.516 [Darkroom Processing Line] DEBUG net.serenitybdd.core.photography.DarkroomProcessingLine - Saving screenshot to C:\Users\nriosa\Desktop\SanitySemillas\SanitySemilla11\target\site\serenity\0b569b193977347ee18785e3a3529c75283ab28c5322646ad8b81211fd35234c.png
11:34:59.698 [Test worker] DEBUG net.serenitybdd.core.photography.Darkroom - Send negative for processing for C:\Users\nriosa\Desktop\SanitySemillas\SanitySemilla11\target\site\serenity\dd3aee85157f899bebf920bb8d6516637d49f8225b73658060b5dd2a0af72bdb.png
11:34:59.702 [Darkroom Processing Line] DEBUG net.serenitybdd.core.photography.DarkroomProcessingLine - Processing screenshot image in /var/screenshots/screenshot-8133739710040030926
11:34:59.702 [Darkroom Processing Line] DEBUG net.serenitybdd.core.photography.DarkroomProcessingLine - Saving screenshot to C:\Users\nriosa\Desktop\SanitySemillas\SanitySemilla11\target\site\serenity\dd3aee85157f899bebf920bb8d6516637d49f8225b73658060b5dd2a0af72bdb.png
11:35:00.626 [Test worker] DEBUG net.serenitybdd.core.photography.Darkroom - Send negative for processing for C:\Users\nriosa\Desktop\SanitySemillas\SanitySemilla11\target\site\serenity\6054ee76bab241ec22db82387dd934d9c038e71276021c56a7d378a0dc24dd73.png
11:35:00.629 [Darkroom Processing Line] DEBUG net.serenitybdd.core.photography.DarkroomProcessingLine - Processing screenshot image in /var/screenshots/screenshot-2191830776456109232
11:35:00.630 [Darkroom Processing Line] DEBUG net.serenitybdd.core.photography.DarkroomProcessingLine - Saving screenshot to C:\Users\nriosa\Desktop\SanitySemillas\SanitySemilla11\target\site\serenity\6054ee76bab241ec22db82387dd934d9c038e71276021c56a7d378a0dc24dd73.png
11:35:01.700 [Test worker] DEBUG net.serenitybdd.core.photography.Darkroom - Send negative for processing for C:\Users\nriosa\Desktop\SanitySemillas\SanitySemilla11\target\site\serenity\678bcb5d681a425fca89ab4e81e4c25ae3e00b1218efbb17c778ef5e6da8e48e.png
11:35:01.702 [Darkroom Processing Line] DEBUG net.serenitybdd.core.photography.DarkroomProcessingLine - Processing screenshot image in /var/screenshots/screenshot-8912900617708514019
11:35:01.702 [Darkroom Processing Line] DEBUG net.serenitybdd.core.photography.DarkroomProcessingLine - Saving screenshot to C:\Users\nriosa\Desktop\SanitySemillas\SanitySemilla11\target\site\serenity\678bcb5d681a425fca89ab4e81e4c25ae3e00b1218efbb17c778ef5e6da8e48e.png
11:35:04.571 [Test worker] DEBUG net.serenitybdd.core.photography.Darkroom - Send negative for processing for C:\Users\nriosa\Desktop\SanitySemillas\SanitySemilla11\target\site\serenity\33729915dadcc59f76b3a5896168683866d585ecdc30e8caa801d1ca47675c54.png
11:35:04.573 [Darkroom Processing Line] DEBUG net.serenitybdd.core.photography.DarkroomProcessingLine - Processing screenshot image in /var/screenshots/screenshot-8312380644407855144
11:35:04.573 [Darkroom Processing Line] DEBUG net.serenitybdd.core.photography.DarkroomProcessingLine - Saving screenshot to C:\Users\nriosa\Desktop\SanitySemillas\SanitySemilla11\target\site\serenity\33729915dadcc59f76b3a5896168683866d585ecdc30e8caa801d1ca47675c54.png
11:35:05.267 [Test worker] DEBUG net.serenitybdd.core.photography.Darkroom - Send negative for processing for C:\Users\nriosa\Desktop\SanitySemillas\SanitySemilla11\target\site\serenity\504bded15dff01e9c507468c851a83a5d46ce4c69f6e086d521d86b6a1bf6e0b.png
11:35:05.269 [Darkroom Processing Line] DEBUG net.serenitybdd.core.photography.DarkroomProcessingLine - Processing screenshot image in /var/screenshots/screenshot-4001799100020233498
11:35:05.269 [Darkroom Processing Line] DEBUG net.serenitybdd.core.photography.DarkroomProcessingLine - Saving screenshot to C:\Users\nriosa\Desktop\SanitySemillas\SanitySemilla11\target\site\serenity\504bded15dff01e9c507468c851a83a5d46ce4c69f6e086d521d86b6a1bf6e0b.png
11:35:07.972 [Test worker] DEBUG net.serenitybdd.core.photography.Darkroom - Send negative for processing for C:\Users\nriosa\Desktop\SanitySemillas\SanitySemilla11\target\site\serenity\a1da0d0d9d985b116d61420676c5e811be5f3f93051ffa4747e132dfa1b4840c.png
11:35:07.975 [Darkroom Processing Line] DEBUG net.serenitybdd.core.photography.DarkroomProcessingLine - Processing screenshot image in /var/screenshots/screenshot-1300459967100920450
11:35:07.975 [Darkroom Processing Line] DEBUG net.serenitybdd.core.photography.DarkroomProcessingLine - Saving screenshot to C:\Users\nriosa\Desktop\SanitySemillas\SanitySemilla11\target\site\serenity\a1da0d0d9d985b116d61420676c5e811be5f3f93051ffa4747e132dfa1b4840c.png
11:35:57.448 [Test worker] DEBUG net.serenitybdd.core.photography.Darkroom - Send negative for processing for C:\Users\nriosa\Desktop\SanitySemillas\SanitySemilla11\target\site\serenity\69ba0bd0bbcbb6d1639d7ce70f7bc596ff14ce242a5a20f19f35a7aa28c4e285.png
11:36:03.429 [Test worker] INFO net.thucydides.core.steps.ConsoleLoggingListener - ?[92m
        __    _____ _____ ____ _____   ____   _    ____  ____  _____ ____  
  _     \ \  |_   _| ____/ ___|_   _| |  _ \ / \  / ___|/ ___|| ____|  _ \ 
 (_)_____| |   | | |  _| \___ \ | |   | |_) / _ \ \___ \\___ \|  _| | | | |
  _|_____| |   | | | |___ ___) || |   |  __/ ___ \ ___) |___) | |___| |_| |
 (_)     | |   |_| |_____|____/ |_|   |_| /_/   \_\____/|____/|_____|____/ 
        /_/                                                                

TEST PASSED: se quiere ingresar a la plataforma epos
----------------------------------------------------------------------------?[0m
11:36:03.637 [Test worker] INFO net.serenitybdd.core.webdriver.driverproviders.ProvideNewDriver - Instantiating driver
11:36:03.637 [Test worker] INFO net.serenitybdd.core.webdriver.driverproviders.ProvideNewDriver - Driver capabilities: Capabilities {acceptInsecureCerts: true, browserName: firefox, firefox_profile: org.openqa.selenium.firefox..., headless: false, loggingPrefs: org.openqa.selenium.logging..., marionette: true, moz:firefoxOptions: {}, platform: ANY, version: }
11:36:10.126 [Test worker] DEBUG net.serenitybdd.core.photography.Darkroom - Send negative for processing for C:\Users\nriosa\Desktop\SanitySemillas\SanitySemilla11\target\site\serenity\63694f168e36d6146328aa1c799046950a4537e9d67c87bc68807b754e4488e8.png
11:36:10.460 [Test worker] DEBUG net.serenitybdd.core.photography.Darkroom - Send negative for processing for C:\Users\nriosa\Desktop\SanitySemillas\SanitySemilla11\target\site\serenity\d7225d4beca8b4af4de9c07b3983ba90e05195eaab2618243e24e78c19d7dde1.png
11:36:13.863 [Test worker] DEBUG net.serenitybdd.core.photography.Darkroom - Send negative for processing for C:\Users\nriosa\Desktop\SanitySemillas\SanitySemilla11\target\site\serenity\85f69514c16e1cacbbf9cfe010264ac5571c1d134c134473f8e3e2dd8e39a9c9.png
11:36:13.865 [Darkroom Processing Line] DEBUG net.serenitybdd.core.photography.DarkroomProcessingLine - Processing screenshot image in /var/screenshots/screenshot-8978343229960084092
11:36:13.865 [Darkroom Processing Line] DEBUG net.serenitybdd.core.photography.DarkroomProcessingLine - Saving screenshot to C:\Users\nriosa\Desktop\SanitySemillas\SanitySemilla11\target\site\serenity\85f69514c16e1cacbbf9cfe010264ac5571c1d134c134473f8e3e2dd8e39a9c9.png
11:36:17.548 [Test worker] DEBUG net.serenitybdd.core.photography.Darkroom - Send negative for processing for C:\Users\nriosa\Desktop\SanitySemillas\SanitySemilla11\target\site\serenity\c02d5db0a37faa2d37d7ae83420012aa229ef43f984e67efb842eb8090bd4785.png
11:36:17.550 [Darkroom Processing Line] DEBUG net.serenitybdd.core.photography.DarkroomProcessingLine - Processing screenshot image in /var/screenshots/screenshot-1227493521643313250
11:36:17.550 [Darkroom Processing Line] DEBUG net.serenitybdd.core.photography.DarkroomProcessingLine - Saving screenshot to C:\Users\nriosa\Desktop\SanitySemillas\SanitySemilla11\target\site\serenity\c02d5db0a37faa2d37d7ae83420012aa229ef43f984e67efb842eb8090bd4785.png
11:36:20.695 [Test worker] DEBUG net.serenitybdd.core.photography.Darkroom - Send negative for processing for C:\Users\nriosa\Desktop\SanitySemillas\SanitySemilla11\target\site\serenity\895f4733b1e7939f8a33f046a92f2cd2ea76dc0f90c3fcabfe94fd9f3325f53a.png
11:36:20.698 [Darkroom Processing Line] DEBUG net.serenitybdd.core.photography.DarkroomProcessingLine - Processing screenshot image in /var/screenshots/screenshot-622286450258238343
11:36:20.698 [Darkroom Processing Line] DEBUG net.serenitybdd.core.photography.DarkroomProcessingLine - Saving screenshot to C:\Users\nriosa\Desktop\SanitySemillas\SanitySemilla11\target\site\serenity\895f4733b1e7939f8a33f046a92f2cd2ea76dc0f90c3fcabfe94fd9f3325f53a.png
11:36:24.591 [Test worker] DEBUG net.serenitybdd.core.photography.Darkroom - Send negative for processing for C:\Users\nriosa\Desktop\SanitySemillas\SanitySemilla11\target\site\serenity\8167e2a26ae3a6a884c3e4d463ed3ec9c620ee59e87c31fa6fc21416e7a6c027.png
11:36:24.592 [Darkroom Processing Line] DEBUG net.serenitybdd.core.photography.DarkroomProcessingLine - Processing screenshot image in /var/screenshots/screenshot-113026374729183851
11:36:24.592 [Darkroom Processing Line] DEBUG net.serenitybdd.core.photography.DarkroomProcessingLine - Saving screenshot to C:\Users\nriosa\Desktop\SanitySemillas\SanitySemilla11\target\site\serenity\8167e2a26ae3a6a884c3e4d463ed3ec9c620ee59e87c31fa6fc21416e7a6c027.png
11:36:27.733 [Test worker] DEBUG net.serenitybdd.core.photography.Darkroom - Send negative for processing for C:\Users\nriosa\Desktop\SanitySemillas\SanitySemilla11\target\site\serenity\ed5f92d75e134b80070e63fc264582c3bb90a6442ea584ea896779602ab07153.png
11:36:27.735 [Darkroom Processing Line] DEBUG net.serenitybdd.core.photography.DarkroomProcessingLine - Processing screenshot image in /var/screenshots/screenshot-3149893061957113648
11:36:27.735 [Darkroom Processing Line] DEBUG net.serenitybdd.core.photography.DarkroomProcessingLine - Saving screenshot to C:\Users\nriosa\Desktop\SanitySemillas\SanitySemilla11\target\site\serenity\ed5f92d75e134b80070e63fc264582c3bb90a6442ea584ea896779602ab07153.png
11:36:28.616 [Test worker] DEBUG net.serenitybdd.core.photography.Darkroom - Send negative for processing for C:\Users\nriosa\Desktop\SanitySemillas\SanitySemilla11\target\site\serenity\bbef122a99b1c2aaff7a81f74d956a98ef755cd341d1dab42090e93e90c01cd6.png
11:36:28.619 [Darkroom Processing Line] DEBUG net.serenitybdd.core.photography.DarkroomProcessingLine - Processing screenshot image in /var/screenshots/screenshot-8228705591173950658
11:36:28.619 [Darkroom Processing Line] DEBUG net.serenitybdd.core.photography.DarkroomProcessingLine - Saving screenshot to C:\Users\nriosa\Desktop\SanitySemillas\SanitySemilla11\target\site\serenity\bbef122a99b1c2aaff7a81f74d956a98ef755cd341d1dab42090e93e90c01cd6.png
11:36:30.070 [Test worker] DEBUG net.serenitybdd.core.photography.Darkroom - Send negative for processing for C:\Users\nriosa\Desktop\SanitySemillas\SanitySemilla11\target\site\serenity\5a2f2516711bab5f50492722efadd3748c0c61cf0c0214a3c1ba836dde28ba3a.png
11:36:30.072 [Darkroom Processing Line] DEBUG net.serenitybdd.core.photography.DarkroomProcessingLine - Processing screenshot image in /var/screenshots/screenshot-3043468003735351729
11:36:30.072 [Darkroom Processing Line] DEBUG net.serenitybdd.core.photography.DarkroomProcessingLine - Saving screenshot to C:\Users\nriosa\Desktop\SanitySemillas\SanitySemilla11\target\site\serenity\5a2f2516711bab5f50492722efadd3748c0c61cf0c0214a3c1ba836dde28ba3a.png
11:36:31.021 [Test worker] DEBUG net.serenitybdd.core.photography.Darkroom - Send negative for processing for C:\Users\nriosa\Desktop\SanitySemillas\SanitySemilla11\target\site\serenity\5b91fb43e10dbcf73e1d8fa41c788027e4e1e8790f1d1361e8d99a3446ea4d6a.png
11:36:34.710 [Test worker] DEBUG net.serenitybdd.core.photography.Darkroom - Send negative for processing for C:\Users\nriosa\Desktop\SanitySemillas\SanitySemilla11\target\site\serenity\1d001e8b97d918fa77478dd5443694e5198d127ec529b22f28357bc73735ecb6.png
11:36:34.711 [Darkroom Processing Line] DEBUG net.serenitybdd.core.photography.DarkroomProcessingLine - Processing screenshot image in /var/screenshots/screenshot-5974878539426495130
11:36:34.711 [Darkroom Processing Line] DEBUG net.serenitybdd.core.photography.DarkroomProcessingLine - Saving screenshot to C:\Users\nriosa\Desktop\SanitySemillas\SanitySemilla11\target\site\serenity\1d001e8b97d918fa77478dd5443694e5198d127ec529b22f28357bc73735ecb6.png
11:36:35.308 [Test worker] DEBUG net.serenitybdd.core.photography.Darkroom - Send negative for processing for C:\Users\nriosa\Desktop\SanitySemillas\SanitySemilla11\target\site\serenity\69f7ac9a4b4c4f78f4d931ac8d3fa1bacae3244400c285d172a36b6aceee967c.png
11:36:35.310 [Darkroom Processing Line] DEBUG net.serenitybdd.core.photography.DarkroomProcessingLine - Processing screenshot image in /var/screenshots/screenshot-3987489219494591487
11:36:35.310 [Darkroom Processing Line] DEBUG net.serenitybdd.core.photography.DarkroomProcessingLine - Saving screenshot to C:\Users\nriosa\Desktop\SanitySemillas\SanitySemilla11\target\site\serenity\69f7ac9a4b4c4f78f4d931ac8d3fa1bacae3244400c285d172a36b6aceee967c.png
11:36:39.469 [Test worker] DEBUG net.serenitybdd.core.photography.Darkroom - Send negative for processing for C:\Users\nriosa\Desktop\SanitySemillas\SanitySemilla11\target\site\serenity\69ba0bd0bbcbb6d1639d7ce70f7bc596ff14ce242a5a20f19f35a7aa28c4e285.png
11:36:47.237 [Test worker] INFO net.thucydides.core.steps.ConsoleLoggingListener - ?[92m
        __    _____ _____ ____ _____   ____   _    ____  ____  _____ ____  
  _     \ \  |_   _| ____/ ___|_   _| |  _ \ / \  / ___|/ ___|| ____|  _ \ 
 (_)_____| |   | | |  _| \___ \ | |   | |_) / _ \ \___ \\___ \|  _| | | | |
  _|_____| |   | | | |___ ___) || |   |  __/ ___ \ ___) |___) | |___| |_| |
 (_)     | |   |_| |_____|____/ |_|   |_| /_/   \_\____/|____/|_____|____/ 
        /_/                                                                

TEST PASSED: realizar el cargue de inventario
----------------------------------------------------------------------------?[0m
11:37:08.267 [Test worker] INFO net.thucydides.core.steps.ConsoleLoggingListener - ?[92m
        __    _____ _____ ____ _____   ____   _    ____  ____  _____ ____  
  _     \ \  |_   _| ____/ ___|_   _| |  _ \ / \  / ___|/ ___|| ____|  _ \ 
 (_)_____| |   | | |  _| \___ \ | |   | |_) / _ \ \___ \\___ \|  _| | | | |
  _|_____| |   | | | |___ ___) || |   |  __/ ___ \ ___) |___) | |___| |_| |
 (_)     | |   |_| |_____|____/ |_|   |_| /_/   \_\____/|____/|_____|____/ 
        /_/                                                                

TEST PASSED: realizar la confirmacion de inventario
----------------------------------------------------------------------------?[0m
]]></system-out>
  <system-err><![CDATA[jul 08, 2022 11:34:44 AM org.openqa.selenium.remote.DesiredCapabilities firefox
INFORMACIÓN: Using `new FirefoxOptions()` is preferred to `DesiredCapabilities.firefox()`
jul 08, 2022 11:34:44 AM org.openqa.selenium.remote.DesiredCapabilities firefox
INFORMACIÓN: Using `new FirefoxOptions()` is preferred to `DesiredCapabilities.firefox()`
1657298085125	geckodriver	INFO	Listening on 127.0.0.1:44784
1657298085816	mozrunner::runner	INFO	Running command: "C:\\Program Files\\Mozilla Firefox\\firefox.exe" "--marionette" "-foreground" "-no-remote" "-profile" "C:\\Users\\nriosa\\AppData\\Local\\Temp\\rust_mozprofilexuQeRG"
1657298086941	addons.webextension.doh-rollout@mozilla.org	WARN	Loading extension 'doh-rollout@mozilla.org': Reading manifest: Invalid extension permission: networkStatus
1657298086974	addons.webextension.screenshots@mozilla.org	WARN	Loading extension 'screenshots@mozilla.org': Reading manifest: Invalid extension permission: mozillaAddons
1657298086974	addons.webextension.screenshots@mozilla.org	WARN	Loading extension 'screenshots@mozilla.org': Reading manifest: Invalid extension permission: telemetry
1657298086974	addons.webextension.screenshots@mozilla.org	WARN	Loading extension 'screenshots@mozilla.org': Reading manifest: Invalid extension permission: resource://pdf.js/
1657298086974	addons.webextension.screenshots@mozilla.org	WARN	Loading extension 'screenshots@mozilla.org': Reading manifest: Invalid extension permission: about:reader*
JavaScript error: resource://gre/modules/XULStore.jsm, line 66: Error: Can't find profile directory.
1657298089642	Marionette	INFO	Listening on port 54812
1657298090446	Marionette	WARN	TLS certificate errors will be ignored for this session
jul 08, 2022 11:34:50 AM org.openqa.selenium.remote.ProtocolHandshake createSession
INFORMACIÓN: Detected dialect: W3C
1657298157705	Marionette	INFO	Stopped listening on port 54812
Extension error: [Exception... "Component not initialized"  nsresult: "0xc1f30001 (NS_ERROR_NOT_INITIALIZED)"  location: "JS frame :: moz-extension://68e2bba3-1357-42c2-96d0-fc5b1a0d82b1/main.js :: connect :: line 12034"  data: no] undefined 12034
[[Exception stack
connect@moz-extension://68e2bba3-1357-42c2-96d0-fc5b1a0d82b1/main.js:12034:23
onPortDisconnected@moz-extension://68e2bba3-1357-42c2-96d0-fc5b1a0d82b1/main.js:20120:30
makeConnection/channel<@moz-extension://68e2bba3-1357-42c2-96d0-fc5b1a0d82b1/main.js:20093:136
handleDisconnect@moz-extension://68e2bba3-1357-42c2-96d0-fc5b1a0d82b1/main.js:12138:14
connect/</<@moz-extension://68e2bba3-1357-42c2-96d0-fc5b1a0d82b1/main.js:12020:63
Current stack
applySafeWithoutClone@resource://gre/modules/ExtensionCommon.jsm:606:13
addListener/asyncWithoutClone/<@resource://gre/modules/ExtensionCommon.jsm:2443:39
]]

###!!! [Child][RunMessage] Error: Channel closing: too late to send/recv, messages will be lost


###!!! [Child][RunMessage] Error: Channel closing: too late to send/recv, messages will be lost


###!!! [Child][MessageChannel::SendAndWait] Error: Channel error: cannot send/recv

jul 08, 2022 11:36:03 AM org.openqa.selenium.remote.DesiredCapabilities firefox
INFORMACIÓN: Using `new FirefoxOptions()` is preferred to `DesiredCapabilities.firefox()`
jul 08, 2022 11:36:03 AM org.openqa.selenium.remote.DesiredCapabilities firefox
INFORMACIÓN: Using `new FirefoxOptions()` is preferred to `DesiredCapabilities.firefox()`
1657298163932	geckodriver	INFO	Listening on 127.0.0.1:25350
1657298164447	mozrunner::runner	INFO	Running command: "C:\\Program Files\\Mozilla Firefox\\firefox.exe" "--marionette" "-foreground" "-no-remote" "-profile" "C:\\Users\\nriosa\\AppData\\Local\\Temp\\rust_mozprofileHF1QiZ"
1657298165617	addons.webextension.doh-rollout@mozilla.org	WARN	Loading extension 'doh-rollout@mozilla.org': Reading manifest: Invalid extension permission: networkStatus
1657298165742	addons.webextension.screenshots@mozilla.org	WARN	Loading extension 'screenshots@mozilla.org': Reading manifest: Invalid extension permission: mozillaAddons
1657298165742	addons.webextension.screenshots@mozilla.org	WARN	Loading extension 'screenshots@mozilla.org': Reading manifest: Invalid extension permission: telemetry
1657298165742	addons.webextension.screenshots@mozilla.org	WARN	Loading extension 'screenshots@mozilla.org': Reading manifest: Invalid extension permission: resource://pdf.js/
1657298165742	addons.webextension.screenshots@mozilla.org	WARN	Loading extension 'screenshots@mozilla.org': Reading manifest: Invalid extension permission: about:reader*
JavaScript error: resource://gre/modules/XULStore.jsm, line 66: Error: Can't find profile directory.
1657298168420	Marionette	INFO	Listening on port 54852
1657298169146	Marionette	WARN	TLS certificate errors will be ignored for this session
jul 08, 2022 11:36:09 AM org.openqa.selenium.remote.ProtocolHandshake createSession
INFORMACIÓN: Detected dialect: W3C
JavaScript error: http://10.65.50.9:8180/tigo-pos-web-ii/a4j_3_2_0.SR1-SNAPSHOTorg/ajax4jsf/javascript/scripts/form.js.jsf, line 11: TypeError: element is null
JavaScript error: http://10.65.50.9:8180/tigo-pos-web-ii/a4j_3_2_0.SR1-SNAPSHOTorg/ajax4jsf/javascript/scripts/form.js.jsf, line 11: TypeError: element is null
1657298199702	Marionette	INFO	Stopped listening on port 54852
Extension error: [Exception... "Component not initialized"  nsresult: "0xc1f30001 (NS_ERROR_NOT_INITIALIZED)"  location: "JS frame :: moz-extension://960451ad-27e8-4377-915f-ea9a7e14d1fa/main.js :: connect :: line 12034"  data: no] undefined 12034
[[Exception stack
connect@moz-extension://960451ad-27e8-4377-915f-ea9a7e14d1fa/main.js:12034:23
onPortDisconnected@moz-extension://960451ad-27e8-4377-915f-ea9a7e14d1fa/main.js:20120:30
makeConnection/channel<@moz-extension://960451ad-27e8-4377-915f-ea9a7e14d1fa/main.js:20093:136
handleDisconnect@moz-extension://960451ad-27e8-4377-915f-ea9a7e14d1fa/main.js:12138:14
connect/</<@moz-extension://960451ad-27e8-4377-915f-ea9a7e14d1fa/main.js:12020:63
Current stack
applySafeWithoutClone@resource://gre/modules/ExtensionCommon.jsm:606:13
addListener/asyncWithoutClone/<@resource://gre/modules/ExtensionCommon.jsm:2443:39
]]

###!!! [Child][RunMessage] Error: Channel closing: too late to send/recv, messages will be lost


###!!! [Child][MessageChannel::SendAndWait] Error: Channel error: cannot send/recv

]]></system-err>
</testsuite>
