<?xml version="1.0" encoding="UTF-8"?>
<testsuite name="Sanity limpieza y aprovisionamiento de recursos" tests="3" skipped="0" failures="0" errors="0" timestamp="2022-07-07T18:09:39" hostname="22LAP5CD1195RQX" time="172.463">
  <properties/>
  <testcase name="se quiere ingresar a la plataforma epos" classname="Sanity limpieza y aprovisionamiento de recursos" time="108.849"/>
  <testcase name="realizar el cargue de inventario" classname="Sanity limpieza y aprovisionamiento de recursos" time="42.321"/>
  <testcase name="realizar la confirmacion de inventario" classname="Sanity limpieza y aprovisionamiento de recursos" time="21.277"/>
  <system-out><![CDATA[13:09:41.960 [Test worker] DEBUG org.apache.http.impl.conn.BasicClientConnectionManager - Get connection for route {}->http://10.65.45.14:7001
13:09:41.966 [Test worker] DEBUG org.apache.http.impl.conn.DefaultClientConnectionOperator - Connecting to 10.65.45.14:7001
13:09:42.032 [Test worker] DEBUG org.apache.http.client.protocol.RequestAddCookies - CookieSpec selected: ignoreCookies
13:09:42.034 [Test worker] DEBUG org.apache.http.client.protocol.RequestAuthCache - Auth cache not set in the context
13:09:42.034 [Test worker] DEBUG org.apache.http.client.protocol.RequestTargetAuthentication - Target auth state: UNCHALLENGED
13:09:42.034 [Test worker] DEBUG org.apache.http.client.protocol.RequestProxyAuthentication - Proxy auth state: UNCHALLENGED
13:09:42.034 [Test worker] DEBUG org.apache.http.impl.client.DefaultHttpClient - Attempt 1 to execute request
13:09:42.034 [Test worker] DEBUG org.apache.http.impl.conn.DefaultClientConnection - Sending request: POST /gatewaycbs/BcServicesInt?WSDL HTTP/1.1
13:09:42.035 [Test worker] DEBUG org.apache.http.wire -  >> "POST /gatewaycbs/BcServicesInt?WSDL HTTP/1.1[\r][\n]"
13:09:42.035 [Test worker] DEBUG org.apache.http.wire -  >> "Accept: */*[\r][\n]"
13:09:42.035 [Test worker] DEBUG org.apache.http.wire -  >> "Content-Type: text/xml;charset=UTF-8[\r][\n]"
13:09:42.036 [Test worker] DEBUG org.apache.http.wire -  >> "Content-Length: 748[\r][\n]"
13:09:42.036 [Test worker] DEBUG org.apache.http.wire -  >> "Host: 10.65.45.14:7001[\r][\n]"
13:09:42.036 [Test worker] DEBUG org.apache.http.wire -  >> "Connection: Keep-Alive[\r][\n]"
13:09:42.036 [Test worker] DEBUG org.apache.http.wire -  >> "User-Agent: Apache-HttpClient/4.5.9 (Java/1.8.0_291)[\r][\n]"
13:09:42.036 [Test worker] DEBUG org.apache.http.wire -  >> "Accept-Encoding: gzip,deflate[\r][\n]"
13:09:42.036 [Test worker] DEBUG org.apache.http.wire -  >> "[\r][\n]"
13:09:42.036 [Test worker] DEBUG org.apache.http.headers - >> POST /gatewaycbs/BcServicesInt?WSDL HTTP/1.1
13:09:42.036 [Test worker] DEBUG org.apache.http.headers - >> Accept: */*
13:09:42.036 [Test worker] DEBUG org.apache.http.headers - >> Content-Type: text/xml;charset=UTF-8
13:09:42.036 [Test worker] DEBUG org.apache.http.headers - >> Content-Length: 748
13:09:42.036 [Test worker] DEBUG org.apache.http.headers - >> Host: 10.65.45.14:7001
13:09:42.036 [Test worker] DEBUG org.apache.http.headers - >> Connection: Keep-Alive
13:09:42.036 [Test worker] DEBUG org.apache.http.headers - >> User-Agent: Apache-HttpClient/4.5.9 (Java/1.8.0_291)
13:09:42.036 [Test worker] DEBUG org.apache.http.headers - >> Accept-Encoding: gzip,deflate
13:09:42.037 [Test worker] DEBUG org.apache.http.wire -  >> "<soapenv:Envelope xmlns:bcc="http://www.huawei.com/bme/cbsinterface/bccommon" xmlns:bcs="http://www.huawei.com/bme/cbsinterface/bcservices" xmlns:ws="http://ws.web.gatewaycbs.tigo.com.co/" xmlns:soapenv="http://schemas.xmlsoap.org/soap/envelope/">[\n]"
13:09:42.037 [Test worker] DEBUG org.apache.http.wire -  >> "   <soapenv:Header/>[\n]"
13:09:42.038 [Test worker] DEBUG org.apache.http.wire -  >> "   <soapenv:Body>[\n]"
13:09:42.038 [Test worker] DEBUG org.apache.http.wire -  >> "      <ws:queryCustomerInfo>[\n]"
13:09:42.038 [Test worker] DEBUG org.apache.http.wire -  >> "         <!--Optional:-->[\n]"
13:09:42.038 [Test worker] DEBUG org.apache.http.wire -  >> "         <QueryCustomerInfoRequest>[\n]"
13:09:42.038 [Test worker] DEBUG org.apache.http.wire -  >> "            <bcs:QueryObj>[\n]"
13:09:42.038 [Test worker] DEBUG org.apache.http.wire -  >> "               <!--Optional:-->[\n]"
13:09:42.038 [Test worker] DEBUG org.apache.http.wire -  >> "               <bcs:SubAccessCode>[\n]"
13:09:42.038 [Test worker] DEBUG org.apache.http.wire -  >> "                  <!--Optional:-->[\n]"
13:09:42.038 [Test worker] DEBUG org.apache.http.wire -  >> "                  <bcc:PrimaryIdentity>3052754293</bcc:PrimaryIdentity>[\n]"
13:09:42.038 [Test worker] DEBUG org.apache.http.wire -  >> "               </bcs:SubAccessCode>[\n]"
13:09:42.038 [Test worker] DEBUG org.apache.http.wire -  >> "            </bcs:QueryObj>[\n]"
13:09:42.038 [Test worker] DEBUG org.apache.http.wire -  >> "         </QueryCustomerInfoRequest>[\n]"
13:09:42.038 [Test worker] DEBUG org.apache.http.wire -  >> "      </ws:queryCustomerInfo>[\n]"
13:09:42.038 [Test worker] DEBUG org.apache.http.wire -  >> "   </soapenv:Body>[\n]"
13:09:42.038 [Test worker] DEBUG org.apache.http.wire -  >> "</soapenv:Envelope>"
13:09:42.147 [Test worker] DEBUG org.apache.http.wire -  << "HTTP/1.1 200 OK[\r][\n]"
13:09:42.149 [Test worker] DEBUG org.apache.http.wire -  << "Date: Thu, 07 Jul 2022 18:15:20 GMT[\r][\n]"
13:09:42.150 [Test worker] DEBUG org.apache.http.wire -  << "Transfer-Encoding: chunked[\r][\n]"
13:09:42.150 [Test worker] DEBUG org.apache.http.wire -  << "Content-Type: text/xml; charset=utf-8[\r][\n]"
13:09:42.150 [Test worker] DEBUG org.apache.http.wire -  << "X-Powered-By: Servlet/2.5 JSP/2.1[\r][\n]"
13:09:42.150 [Test worker] DEBUG org.apache.http.wire -  << "[\r][\n]"
13:09:42.151 [Test worker] DEBUG org.apache.http.impl.conn.DefaultClientConnection - Receiving response: HTTP/1.1 200 OK
13:09:42.151 [Test worker] DEBUG org.apache.http.headers - << HTTP/1.1 200 OK
13:09:42.151 [Test worker] DEBUG org.apache.http.headers - << Date: Thu, 07 Jul 2022 18:15:20 GMT
13:09:42.151 [Test worker] DEBUG org.apache.http.headers - << Transfer-Encoding: chunked
13:09:42.151 [Test worker] DEBUG org.apache.http.headers - << Content-Type: text/xml; charset=utf-8
13:09:42.151 [Test worker] DEBUG org.apache.http.headers - << X-Powered-By: Servlet/2.5 JSP/2.1
13:09:42.154 [Test worker] DEBUG org.apache.http.impl.client.DefaultHttpClient - Connection can be kept alive indefinitely
13:09:42.169 [Test worker] DEBUG io.restassured.internal.RequestSpecificationImpl$RestAssuredHttpBuilder - Parsing response as: text/xml; charset=utf-8
13:09:42.170 [Test worker] DEBUG io.restassured.internal.RequestSpecificationImpl$RestAssuredHttpBuilder - Parsed data to instance of: class org.apache.http.conn.EofSensorInputStream
13:09:42.216 [Test worker] DEBUG org.apache.http.wire -  << "0347[\r][\n]"
13:09:42.216 [Test worker] DEBUG org.apache.http.wire -  << "<?xml version='1.0' encoding='UTF-8'?><S:Envelope xmlns:S="http://schemas.xmlsoap.org/soap/envelope/"><S:Header><work:WorkContext xmlns:work="http://oracle.com/weblogic/soap/workarea/">rO0ABXdOABx3ZWJsb2dpYy5hcHAuR2F0ZXdheUNic1dTSW50AAAA1gAAACN3ZWJsb2dpYy53b3JrYXJlYS5TdHJpbmdXb3JrQ29udGV4dAABMQAA</work:WorkContext></S:Header><S:Body><ns4:queryCustomerInfoResponse xmlns:ns5="http://www.huawei.com/bme/cbsinterface/cbscommon" xmlns:ns4="http://ws.web.gatewaycbs.tigo.com.co/" xmlns:ns3="http://www.huawei.com/bme/cbsinterface/bcservices" xmlns:ns2="http://www.huawei.com/bme/cbsinterface/bccommon"><return><ResultHeader><ns5:Version>1</ns5:Version><ns5:ResultCode>118030260</ns5:ResultCode><ns5:ResultDesc>Subscriber 3052754293 does not exist.</ns5:ResultDesc></ResultHeader></return></ns4:queryCustomerInfoResponse></S:Body></S:Envelope>"
13:09:42.217 [Test worker] DEBUG org.apache.http.wire -  << "[\r][\n]"
13:09:42.217 [Test worker] DEBUG org.apache.http.wire -  << "0000[\r][\n]"
13:09:42.217 [Test worker] DEBUG org.apache.http.wire -  << "[\r][\n]"
13:09:42.217 [Test worker] DEBUG org.apache.http.impl.conn.BasicClientConnectionManager - Releasing connection org.apache.http.impl.conn.ManagedClientConnectionImpl@6cb38011
13:09:42.217 [Test worker] DEBUG org.apache.http.impl.conn.BasicClientConnectionManager - Connection can be kept alive indefinitely
La linea 3052754293 no esta activa
se ejecuta correctamente DB Activator
se ejecuta correctamente  DB EPOS
se ejecuta correctamente DB Siebel
se ejecuta correctamente DB Postale
13:09:50.031 [Test worker] DEBUG org.apache.http.impl.conn.BasicClientConnectionManager - Get connection for route {}->http://10.65.45.14:7001
13:09:50.031 [Test worker] DEBUG org.apache.http.impl.conn.DefaultClientConnectionOperator - Connecting to 10.65.45.14:7001
13:09:50.079 [Test worker] DEBUG org.apache.http.client.protocol.RequestAddCookies - CookieSpec selected: ignoreCookies
13:09:50.079 [Test worker] DEBUG org.apache.http.client.protocol.RequestAuthCache - Auth cache not set in the context
13:09:50.079 [Test worker] DEBUG org.apache.http.client.protocol.RequestTargetAuthentication - Target auth state: UNCHALLENGED
13:09:50.079 [Test worker] DEBUG org.apache.http.client.protocol.RequestProxyAuthentication - Proxy auth state: UNCHALLENGED
13:09:50.079 [Test worker] DEBUG org.apache.http.impl.client.DefaultHttpClient - Attempt 1 to execute request
13:09:50.079 [Test worker] DEBUG org.apache.http.impl.conn.DefaultClientConnection - Sending request: POST /gatewaycbs/BcServicesInt?WSDL HTTP/1.1
13:09:50.079 [Test worker] DEBUG org.apache.http.wire -  >> "POST /gatewaycbs/BcServicesInt?WSDL HTTP/1.1[\r][\n]"
13:09:50.080 [Test worker] DEBUG org.apache.http.wire -  >> "Accept: */*[\r][\n]"
13:09:50.080 [Test worker] DEBUG org.apache.http.wire -  >> "Content-Type: text/xml;charset=UTF-8[\r][\n]"
13:09:50.080 [Test worker] DEBUG org.apache.http.wire -  >> "Content-Length: 748[\r][\n]"
13:09:50.080 [Test worker] DEBUG org.apache.http.wire -  >> "Host: 10.65.45.14:7001[\r][\n]"
13:09:50.080 [Test worker] DEBUG org.apache.http.wire -  >> "Connection: Keep-Alive[\r][\n]"
13:09:50.080 [Test worker] DEBUG org.apache.http.wire -  >> "User-Agent: Apache-HttpClient/4.5.9 (Java/1.8.0_291)[\r][\n]"
13:09:50.080 [Test worker] DEBUG org.apache.http.wire -  >> "Accept-Encoding: gzip,deflate[\r][\n]"
13:09:50.080 [Test worker] DEBUG org.apache.http.wire -  >> "[\r][\n]"
13:09:50.080 [Test worker] DEBUG org.apache.http.headers - >> POST /gatewaycbs/BcServicesInt?WSDL HTTP/1.1
13:09:50.080 [Test worker] DEBUG org.apache.http.headers - >> Accept: */*
13:09:50.080 [Test worker] DEBUG org.apache.http.headers - >> Content-Type: text/xml;charset=UTF-8
13:09:50.080 [Test worker] DEBUG org.apache.http.headers - >> Content-Length: 748
13:09:50.080 [Test worker] DEBUG org.apache.http.headers - >> Host: 10.65.45.14:7001
13:09:50.080 [Test worker] DEBUG org.apache.http.headers - >> Connection: Keep-Alive
13:09:50.080 [Test worker] DEBUG org.apache.http.headers - >> User-Agent: Apache-HttpClient/4.5.9 (Java/1.8.0_291)
13:09:50.080 [Test worker] DEBUG org.apache.http.headers - >> Accept-Encoding: gzip,deflate
13:09:50.082 [Test worker] DEBUG org.apache.http.wire -  >> "<soapenv:Envelope xmlns:bcc="http://www.huawei.com/bme/cbsinterface/bccommon" xmlns:bcs="http://www.huawei.com/bme/cbsinterface/bcservices" xmlns:ws="http://ws.web.gatewaycbs.tigo.com.co/" xmlns:soapenv="http://schemas.xmlsoap.org/soap/envelope/">[\n]"
13:09:50.082 [Test worker] DEBUG org.apache.http.wire -  >> "   <soapenv:Header/>[\n]"
13:09:50.082 [Test worker] DEBUG org.apache.http.wire -  >> "   <soapenv:Body>[\n]"
13:09:50.082 [Test worker] DEBUG org.apache.http.wire -  >> "      <ws:queryCustomerInfo>[\n]"
13:09:50.082 [Test worker] DEBUG org.apache.http.wire -  >> "         <!--Optional:-->[\n]"
13:09:50.082 [Test worker] DEBUG org.apache.http.wire -  >> "         <QueryCustomerInfoRequest>[\n]"
13:09:50.082 [Test worker] DEBUG org.apache.http.wire -  >> "            <bcs:QueryObj>[\n]"
13:09:50.082 [Test worker] DEBUG org.apache.http.wire -  >> "               <!--Optional:-->[\n]"
13:09:50.082 [Test worker] DEBUG org.apache.http.wire -  >> "               <bcs:SubAccessCode>[\n]"
13:09:50.082 [Test worker] DEBUG org.apache.http.wire -  >> "                  <!--Optional:-->[\n]"
13:09:50.082 [Test worker] DEBUG org.apache.http.wire -  >> "                  <bcc:PrimaryIdentity>3052754289</bcc:PrimaryIdentity>[\n]"
13:09:50.082 [Test worker] DEBUG org.apache.http.wire -  >> "               </bcs:SubAccessCode>[\n]"
13:09:50.082 [Test worker] DEBUG org.apache.http.wire -  >> "            </bcs:QueryObj>[\n]"
13:09:50.083 [Test worker] DEBUG org.apache.http.wire -  >> "         </QueryCustomerInfoRequest>[\n]"
13:09:50.083 [Test worker] DEBUG org.apache.http.wire -  >> "      </ws:queryCustomerInfo>[\n]"
13:09:50.083 [Test worker] DEBUG org.apache.http.wire -  >> "   </soapenv:Body>[\n]"
13:09:50.083 [Test worker] DEBUG org.apache.http.wire -  >> "</soapenv:Envelope>"
13:09:50.162 [Test worker] DEBUG org.apache.http.wire -  << "HTTP/1.1 200 OK[\r][\n]"
13:09:50.163 [Test worker] DEBUG org.apache.http.wire -  << "Date: Thu, 07 Jul 2022 18:15:28 GMT[\r][\n]"
13:09:50.163 [Test worker] DEBUG org.apache.http.wire -  << "Transfer-Encoding: chunked[\r][\n]"
13:09:50.163 [Test worker] DEBUG org.apache.http.wire -  << "Content-Type: text/xml; charset=utf-8[\r][\n]"
13:09:50.163 [Test worker] DEBUG org.apache.http.wire -  << "X-Powered-By: Servlet/2.5 JSP/2.1[\r][\n]"
13:09:50.163 [Test worker] DEBUG org.apache.http.wire -  << "[\r][\n]"
13:09:50.163 [Test worker] DEBUG org.apache.http.impl.conn.DefaultClientConnection - Receiving response: HTTP/1.1 200 OK
13:09:50.163 [Test worker] DEBUG org.apache.http.headers - << HTTP/1.1 200 OK
13:09:50.163 [Test worker] DEBUG org.apache.http.headers - << Date: Thu, 07 Jul 2022 18:15:28 GMT
13:09:50.163 [Test worker] DEBUG org.apache.http.headers - << Transfer-Encoding: chunked
13:09:50.164 [Test worker] DEBUG org.apache.http.headers - << Content-Type: text/xml; charset=utf-8
13:09:50.164 [Test worker] DEBUG org.apache.http.headers - << X-Powered-By: Servlet/2.5 JSP/2.1
13:09:50.164 [Test worker] DEBUG org.apache.http.impl.client.DefaultHttpClient - Connection can be kept alive indefinitely
13:09:50.164 [Test worker] DEBUG io.restassured.internal.RequestSpecificationImpl$RestAssuredHttpBuilder - Parsing response as: text/xml; charset=utf-8
13:09:50.164 [Test worker] DEBUG io.restassured.internal.RequestSpecificationImpl$RestAssuredHttpBuilder - Parsed data to instance of: class org.apache.http.conn.EofSensorInputStream
13:09:50.166 [Test worker] DEBUG org.apache.http.wire -  << "0347[\r][\n]"
13:09:50.166 [Test worker] DEBUG org.apache.http.wire -  << "<?xml version='1.0' encoding='UTF-8'?><S:Envelope xmlns:S="http://schemas.xmlsoap.org/soap/envelope/"><S:Header><work:WorkContext xmlns:work="http://oracle.com/weblogic/soap/workarea/">rO0ABXdOABx3ZWJsb2dpYy5hcHAuR2F0ZXdheUNic1dTSW50AAAA1gAAACN3ZWJsb2dpYy53b3JrYXJlYS5TdHJpbmdXb3JrQ29udGV4dAABMQAA</work:WorkContext></S:Header><S:Body><ns4:queryCustomerInfoResponse xmlns:ns5="http://www.huawei.com/bme/cbsinterface/cbscommon" xmlns:ns4="http://ws.web.gatewaycbs.tigo.com.co/" xmlns:ns3="http://www.huawei.com/bme/cbsinterface/bcservices" xmlns:ns2="http://www.huawei.com/bme/cbsinterface/bccommon"><return><ResultHeader><ns5:Version>1</ns5:Version><ns5:ResultCode>118030260</ns5:ResultCode><ns5:ResultDesc>Subscriber 3052754289 does not exist.</ns5:ResultDesc></ResultHeader></return></ns4:queryCustomerInfoResponse></S:Body></S:Envelope>"
13:09:50.166 [Test worker] DEBUG org.apache.http.wire -  << "[\r][\n]"
13:09:50.166 [Test worker] DEBUG org.apache.http.wire -  << "0000[\r][\n]"
13:09:50.166 [Test worker] DEBUG org.apache.http.wire -  << "[\r][\n]"
13:09:50.167 [Test worker] DEBUG org.apache.http.impl.conn.BasicClientConnectionManager - Releasing connection org.apache.http.impl.conn.ManagedClientConnectionImpl@e10517
13:09:50.167 [Test worker] DEBUG org.apache.http.impl.conn.BasicClientConnectionManager - Connection can be kept alive indefinitely
La linea 3052754289 no esta activa
13:09:50.206 [Finalizer] DEBUG org.apache.http.impl.conn.DefaultClientConnection - Connection 0.0.0.0:59463<->10.65.45.14:7001 closed
13:09:50.218 [Finalizer] DEBUG org.apache.http.impl.conn.DefaultClientConnection - Connection 0.0.0.0:59456<->10.65.45.14:7001 closed
se ejecuta correctamente DB Activator
se ejecuta correctamente  DB EPOS
se ejecuta correctamente DB Siebel
se ejecuta correctamente DB Postale
13:09:56.464 [Test worker] DEBUG org.apache.http.impl.conn.BasicClientConnectionManager - Get connection for route {}->http://10.65.45.14:7001
13:09:56.464 [Test worker] DEBUG org.apache.http.impl.conn.DefaultClientConnectionOperator - Connecting to 10.65.45.14:7001
13:09:56.510 [Test worker] DEBUG org.apache.http.client.protocol.RequestAddCookies - CookieSpec selected: ignoreCookies
13:09:56.511 [Test worker] DEBUG org.apache.http.client.protocol.RequestAuthCache - Auth cache not set in the context
13:09:56.511 [Test worker] DEBUG org.apache.http.client.protocol.RequestTargetAuthentication - Target auth state: UNCHALLENGED
13:09:56.511 [Test worker] DEBUG org.apache.http.client.protocol.RequestProxyAuthentication - Proxy auth state: UNCHALLENGED
13:09:56.511 [Test worker] DEBUG org.apache.http.impl.client.DefaultHttpClient - Attempt 1 to execute request
13:09:56.511 [Test worker] DEBUG org.apache.http.impl.conn.DefaultClientConnection - Sending request: POST /gatewaycbs/BcServicesInt?WSDL HTTP/1.1
13:09:56.511 [Test worker] DEBUG org.apache.http.wire -  >> "POST /gatewaycbs/BcServicesInt?WSDL HTTP/1.1[\r][\n]"
13:09:56.511 [Test worker] DEBUG org.apache.http.wire -  >> "Accept: */*[\r][\n]"
13:09:56.511 [Test worker] DEBUG org.apache.http.wire -  >> "Content-Type: text/xml;charset=UTF-8[\r][\n]"
13:09:56.511 [Test worker] DEBUG org.apache.http.wire -  >> "Content-Length: 748[\r][\n]"
13:09:56.511 [Test worker] DEBUG org.apache.http.wire -  >> "Host: 10.65.45.14:7001[\r][\n]"
13:09:56.511 [Test worker] DEBUG org.apache.http.wire -  >> "Connection: Keep-Alive[\r][\n]"
13:09:56.511 [Test worker] DEBUG org.apache.http.wire -  >> "User-Agent: Apache-HttpClient/4.5.9 (Java/1.8.0_291)[\r][\n]"
13:09:56.511 [Test worker] DEBUG org.apache.http.wire -  >> "Accept-Encoding: gzip,deflate[\r][\n]"
13:09:56.511 [Test worker] DEBUG org.apache.http.wire -  >> "[\r][\n]"
13:09:56.511 [Test worker] DEBUG org.apache.http.headers - >> POST /gatewaycbs/BcServicesInt?WSDL HTTP/1.1
13:09:56.511 [Test worker] DEBUG org.apache.http.headers - >> Accept: */*
13:09:56.511 [Test worker] DEBUG org.apache.http.headers - >> Content-Type: text/xml;charset=UTF-8
13:09:56.511 [Test worker] DEBUG org.apache.http.headers - >> Content-Length: 748
13:09:56.511 [Test worker] DEBUG org.apache.http.headers - >> Host: 10.65.45.14:7001
13:09:56.511 [Test worker] DEBUG org.apache.http.headers - >> Connection: Keep-Alive
13:09:56.512 [Test worker] DEBUG org.apache.http.headers - >> User-Agent: Apache-HttpClient/4.5.9 (Java/1.8.0_291)
13:09:56.512 [Test worker] DEBUG org.apache.http.headers - >> Accept-Encoding: gzip,deflate
13:09:56.512 [Test worker] DEBUG org.apache.http.wire -  >> "<soapenv:Envelope xmlns:bcc="http://www.huawei.com/bme/cbsinterface/bccommon" xmlns:bcs="http://www.huawei.com/bme/cbsinterface/bcservices" xmlns:ws="http://ws.web.gatewaycbs.tigo.com.co/" xmlns:soapenv="http://schemas.xmlsoap.org/soap/envelope/">[\n]"
13:09:56.512 [Test worker] DEBUG org.apache.http.wire -  >> "   <soapenv:Header/>[\n]"
13:09:56.512 [Test worker] DEBUG org.apache.http.wire -  >> "   <soapenv:Body>[\n]"
13:09:56.513 [Test worker] DEBUG org.apache.http.wire -  >> "      <ws:queryCustomerInfo>[\n]"
13:09:56.513 [Test worker] DEBUG org.apache.http.wire -  >> "         <!--Optional:-->[\n]"
13:09:56.513 [Test worker] DEBUG org.apache.http.wire -  >> "         <QueryCustomerInfoRequest>[\n]"
13:09:56.513 [Test worker] DEBUG org.apache.http.wire -  >> "            <bcs:QueryObj>[\n]"
13:09:56.513 [Test worker] DEBUG org.apache.http.wire -  >> "               <!--Optional:-->[\n]"
13:09:56.513 [Test worker] DEBUG org.apache.http.wire -  >> "               <bcs:SubAccessCode>[\n]"
13:09:56.513 [Test worker] DEBUG org.apache.http.wire -  >> "                  <!--Optional:-->[\n]"
13:09:56.513 [Test worker] DEBUG org.apache.http.wire -  >> "                  <bcc:PrimaryIdentity>3052754293</bcc:PrimaryIdentity>[\n]"
13:09:56.513 [Test worker] DEBUG org.apache.http.wire -  >> "               </bcs:SubAccessCode>[\n]"
13:09:56.513 [Test worker] DEBUG org.apache.http.wire -  >> "            </bcs:QueryObj>[\n]"
13:09:56.513 [Test worker] DEBUG org.apache.http.wire -  >> "         </QueryCustomerInfoRequest>[\n]"
13:09:56.513 [Test worker] DEBUG org.apache.http.wire -  >> "      </ws:queryCustomerInfo>[\n]"
13:09:56.513 [Test worker] DEBUG org.apache.http.wire -  >> "   </soapenv:Body>[\n]"
13:09:56.513 [Test worker] DEBUG org.apache.http.wire -  >> "</soapenv:Envelope>"
13:09:56.586 [Test worker] DEBUG org.apache.http.wire -  << "HTTP/1.1 200 OK[\r][\n]"
13:09:56.586 [Test worker] DEBUG org.apache.http.wire -  << "Date: Thu, 07 Jul 2022 18:15:34 GMT[\r][\n]"
13:09:56.586 [Test worker] DEBUG org.apache.http.wire -  << "Transfer-Encoding: chunked[\r][\n]"
13:09:56.586 [Test worker] DEBUG org.apache.http.wire -  << "Content-Type: text/xml; charset=utf-8[\r][\n]"
13:09:56.586 [Test worker] DEBUG org.apache.http.wire -  << "X-Powered-By: Servlet/2.5 JSP/2.1[\r][\n]"
13:09:56.586 [Test worker] DEBUG org.apache.http.wire -  << "[\r][\n]"
13:09:56.586 [Test worker] DEBUG org.apache.http.impl.conn.DefaultClientConnection - Receiving response: HTTP/1.1 200 OK
13:09:56.586 [Test worker] DEBUG org.apache.http.headers - << HTTP/1.1 200 OK
13:09:56.586 [Test worker] DEBUG org.apache.http.headers - << Date: Thu, 07 Jul 2022 18:15:34 GMT
13:09:56.586 [Test worker] DEBUG org.apache.http.headers - << Transfer-Encoding: chunked
13:09:56.586 [Test worker] DEBUG org.apache.http.headers - << Content-Type: text/xml; charset=utf-8
13:09:56.586 [Test worker] DEBUG org.apache.http.headers - << X-Powered-By: Servlet/2.5 JSP/2.1
13:09:56.587 [Test worker] DEBUG org.apache.http.impl.client.DefaultHttpClient - Connection can be kept alive indefinitely
13:09:56.587 [Test worker] DEBUG io.restassured.internal.RequestSpecificationImpl$RestAssuredHttpBuilder - Parsing response as: text/xml; charset=utf-8
13:09:56.587 [Test worker] DEBUG io.restassured.internal.RequestSpecificationImpl$RestAssuredHttpBuilder - Parsed data to instance of: class org.apache.http.conn.EofSensorInputStream
13:09:56.588 [Test worker] DEBUG org.apache.http.wire -  << "0347[\r][\n]"
13:09:56.589 [Test worker] DEBUG org.apache.http.wire -  << "<?xml version='1.0' encoding='UTF-8'?><S:Envelope xmlns:S="http://schemas.xmlsoap.org/soap/envelope/"><S:Header><work:WorkContext xmlns:work="http://oracle.com/weblogic/soap/workarea/">rO0ABXdOABx3ZWJsb2dpYy5hcHAuR2F0ZXdheUNic1dTSW50AAAA1gAAACN3ZWJsb2dpYy53b3JrYXJlYS5TdHJpbmdXb3JrQ29udGV4dAABMQAA</work:WorkContext></S:Header><S:Body><ns4:queryCustomerInfoResponse xmlns:ns5="http://www.huawei.com/bme/cbsinterface/cbscommon" xmlns:ns4="http://ws.web.gatewaycbs.tigo.com.co/" xmlns:ns3="http://www.huawei.com/bme/cbsinterface/bcservices" xmlns:ns2="http://www.huawei.com/bme/cbsinterface/bccommon"><return><ResultHeader><ns5:Version>1</ns5:Version><ns5:ResultCode>118030260</ns5:ResultCode><ns5:ResultDesc>Subscriber 3052754293 does not exist.</ns5:ResultDesc></ResultHeader></return></ns4:queryCustomerInfoResponse></S:Body></S:Envelope>"
13:09:56.589 [Test worker] DEBUG org.apache.http.wire -  << "[\r][\n]"
13:09:56.589 [Test worker] DEBUG org.apache.http.wire -  << "0000[\r][\n]"
13:09:56.589 [Test worker] DEBUG org.apache.http.wire -  << "[\r][\n]"
13:09:56.589 [Test worker] DEBUG org.apache.http.impl.conn.BasicClientConnectionManager - Releasing connection org.apache.http.impl.conn.ManagedClientConnectionImpl@6e8bfe66
13:09:56.589 [Test worker] DEBUG org.apache.http.impl.conn.BasicClientConnectionManager - Connection can be kept alive indefinitely
La linea 3052754293 no esta activa
se ejecuta correctamente DB Activator
se ejecuta correctamente  DB EPOS
se ejecuta correctamente DB Siebel
se ejecuta correctamente DB Postale
13:10:00.431 [Test worker] DEBUG org.apache.http.impl.conn.BasicClientConnectionManager - Get connection for route {}->http://10.65.45.14:7001
13:10:00.431 [Test worker] DEBUG org.apache.http.impl.conn.DefaultClientConnectionOperator - Connecting to 10.65.45.14:7001
13:10:00.478 [Test worker] DEBUG org.apache.http.client.protocol.RequestAddCookies - CookieSpec selected: ignoreCookies
13:10:00.478 [Test worker] DEBUG org.apache.http.client.protocol.RequestAuthCache - Auth cache not set in the context
13:10:00.478 [Test worker] DEBUG org.apache.http.client.protocol.RequestTargetAuthentication - Target auth state: UNCHALLENGED
13:10:00.478 [Test worker] DEBUG org.apache.http.client.protocol.RequestProxyAuthentication - Proxy auth state: UNCHALLENGED
13:10:00.478 [Test worker] DEBUG org.apache.http.impl.client.DefaultHttpClient - Attempt 1 to execute request
13:10:00.478 [Test worker] DEBUG org.apache.http.impl.conn.DefaultClientConnection - Sending request: POST /gatewaycbs/BcServicesInt?WSDL HTTP/1.1
13:10:00.478 [Test worker] DEBUG org.apache.http.wire -  >> "POST /gatewaycbs/BcServicesInt?WSDL HTTP/1.1[\r][\n]"
13:10:00.478 [Test worker] DEBUG org.apache.http.wire -  >> "Accept: */*[\r][\n]"
13:10:00.478 [Test worker] DEBUG org.apache.http.wire -  >> "Content-Type: text/xml;charset=UTF-8[\r][\n]"
13:10:00.478 [Test worker] DEBUG org.apache.http.wire -  >> "Content-Length: 748[\r][\n]"
13:10:00.478 [Test worker] DEBUG org.apache.http.wire -  >> "Host: 10.65.45.14:7001[\r][\n]"
13:10:00.478 [Test worker] DEBUG org.apache.http.wire -  >> "Connection: Keep-Alive[\r][\n]"
13:10:00.479 [Test worker] DEBUG org.apache.http.wire -  >> "User-Agent: Apache-HttpClient/4.5.9 (Java/1.8.0_291)[\r][\n]"
13:10:00.479 [Test worker] DEBUG org.apache.http.wire -  >> "Accept-Encoding: gzip,deflate[\r][\n]"
13:10:00.479 [Test worker] DEBUG org.apache.http.wire -  >> "[\r][\n]"
13:10:00.479 [Test worker] DEBUG org.apache.http.headers - >> POST /gatewaycbs/BcServicesInt?WSDL HTTP/1.1
13:10:00.479 [Test worker] DEBUG org.apache.http.headers - >> Accept: */*
13:10:00.479 [Test worker] DEBUG org.apache.http.headers - >> Content-Type: text/xml;charset=UTF-8
13:10:00.479 [Test worker] DEBUG org.apache.http.headers - >> Content-Length: 748
13:10:00.479 [Test worker] DEBUG org.apache.http.headers - >> Host: 10.65.45.14:7001
13:10:00.479 [Test worker] DEBUG org.apache.http.headers - >> Connection: Keep-Alive
13:10:00.479 [Test worker] DEBUG org.apache.http.headers - >> User-Agent: Apache-HttpClient/4.5.9 (Java/1.8.0_291)
13:10:00.479 [Test worker] DEBUG org.apache.http.headers - >> Accept-Encoding: gzip,deflate
13:10:00.480 [Test worker] DEBUG org.apache.http.wire -  >> "<soapenv:Envelope xmlns:bcc="http://www.huawei.com/bme/cbsinterface/bccommon" xmlns:bcs="http://www.huawei.com/bme/cbsinterface/bcservices" xmlns:ws="http://ws.web.gatewaycbs.tigo.com.co/" xmlns:soapenv="http://schemas.xmlsoap.org/soap/envelope/">[\n]"
13:10:00.480 [Test worker] DEBUG org.apache.http.wire -  >> "   <soapenv:Header/>[\n]"
13:10:00.480 [Test worker] DEBUG org.apache.http.wire -  >> "   <soapenv:Body>[\n]"
13:10:00.480 [Test worker] DEBUG org.apache.http.wire -  >> "      <ws:queryCustomerInfo>[\n]"
13:10:00.480 [Test worker] DEBUG org.apache.http.wire -  >> "         <!--Optional:-->[\n]"
13:10:00.480 [Test worker] DEBUG org.apache.http.wire -  >> "         <QueryCustomerInfoRequest>[\n]"
13:10:00.480 [Test worker] DEBUG org.apache.http.wire -  >> "            <bcs:QueryObj>[\n]"
13:10:00.480 [Test worker] DEBUG org.apache.http.wire -  >> "               <!--Optional:-->[\n]"
13:10:00.480 [Test worker] DEBUG org.apache.http.wire -  >> "               <bcs:SubAccessCode>[\n]"
13:10:00.480 [Test worker] DEBUG org.apache.http.wire -  >> "                  <!--Optional:-->[\n]"
13:10:00.480 [Test worker] DEBUG org.apache.http.wire -  >> "                  <bcc:PrimaryIdentity>3045987650</bcc:PrimaryIdentity>[\n]"
13:10:00.480 [Test worker] DEBUG org.apache.http.wire -  >> "               </bcs:SubAccessCode>[\n]"
13:10:00.480 [Test worker] DEBUG org.apache.http.wire -  >> "            </bcs:QueryObj>[\n]"
13:10:00.480 [Test worker] DEBUG org.apache.http.wire -  >> "         </QueryCustomerInfoRequest>[\n]"
13:10:00.480 [Test worker] DEBUG org.apache.http.wire -  >> "      </ws:queryCustomerInfo>[\n]"
13:10:00.480 [Test worker] DEBUG org.apache.http.wire -  >> "   </soapenv:Body>[\n]"
13:10:00.480 [Test worker] DEBUG org.apache.http.wire -  >> "</soapenv:Envelope>"
13:10:00.555 [Test worker] DEBUG org.apache.http.wire -  << "HTTP/1.1 200 OK[\r][\n]"
13:10:00.556 [Test worker] DEBUG org.apache.http.wire -  << "Date: Thu, 07 Jul 2022 18:15:38 GMT[\r][\n]"
13:10:00.556 [Test worker] DEBUG org.apache.http.wire -  << "Transfer-Encoding: chunked[\r][\n]"
13:10:00.556 [Test worker] DEBUG org.apache.http.wire -  << "Content-Type: text/xml; charset=utf-8[\r][\n]"
13:10:00.556 [Test worker] DEBUG org.apache.http.wire -  << "X-Powered-By: Servlet/2.5 JSP/2.1[\r][\n]"
13:10:00.556 [Test worker] DEBUG org.apache.http.wire -  << "[\r][\n]"
13:10:00.556 [Test worker] DEBUG org.apache.http.impl.conn.DefaultClientConnection - Receiving response: HTTP/1.1 200 OK
13:10:00.556 [Test worker] DEBUG org.apache.http.headers - << HTTP/1.1 200 OK
13:10:00.556 [Test worker] DEBUG org.apache.http.headers - << Date: Thu, 07 Jul 2022 18:15:38 GMT
13:10:00.556 [Test worker] DEBUG org.apache.http.headers - << Transfer-Encoding: chunked
13:10:00.556 [Test worker] DEBUG org.apache.http.headers - << Content-Type: text/xml; charset=utf-8
13:10:00.556 [Test worker] DEBUG org.apache.http.headers - << X-Powered-By: Servlet/2.5 JSP/2.1
13:10:00.557 [Test worker] DEBUG org.apache.http.impl.client.DefaultHttpClient - Connection can be kept alive indefinitely
13:10:00.557 [Test worker] DEBUG io.restassured.internal.RequestSpecificationImpl$RestAssuredHttpBuilder - Parsing response as: text/xml; charset=utf-8
13:10:00.557 [Test worker] DEBUG io.restassured.internal.RequestSpecificationImpl$RestAssuredHttpBuilder - Parsed data to instance of: class org.apache.http.conn.EofSensorInputStream
13:10:00.559 [Test worker] DEBUG org.apache.http.wire -  << "0347[\r][\n]"
13:10:00.559 [Test worker] DEBUG org.apache.http.wire -  << "<?xml version='1.0' encoding='UTF-8'?><S:Envelope xmlns:S="http://schemas.xmlsoap.org/soap/envelope/"><S:Header><work:WorkContext xmlns:work="http://oracle.com/weblogic/soap/workarea/">rO0ABXdOABx3ZWJsb2dpYy5hcHAuR2F0ZXdheUNic1dTSW50AAAA1gAAACN3ZWJsb2dpYy53b3JrYXJlYS5TdHJpbmdXb3JrQ29udGV4dAABMQAA</work:WorkContext></S:Header><S:Body><ns4:queryCustomerInfoResponse xmlns:ns5="http://www.huawei.com/bme/cbsinterface/cbscommon" xmlns:ns4="http://ws.web.gatewaycbs.tigo.com.co/" xmlns:ns3="http://www.huawei.com/bme/cbsinterface/bcservices" xmlns:ns2="http://www.huawei.com/bme/cbsinterface/bccommon"><return><ResultHeader><ns5:Version>1</ns5:Version><ns5:ResultCode>118030260</ns5:ResultCode><ns5:ResultDesc>Subscriber 3045987650 does not exist.</ns5:ResultDesc></ResultHeader></return></ns4:queryCustomerInfoResponse></S:Body></S:Envelope>"
13:10:00.559 [Test worker] DEBUG org.apache.http.wire -  << "[\r][\n]"
13:10:00.559 [Test worker] DEBUG org.apache.http.wire -  << "0000[\r][\n]"
13:10:00.559 [Test worker] DEBUG org.apache.http.wire -  << "[\r][\n]"
13:10:00.559 [Test worker] DEBUG org.apache.http.impl.conn.BasicClientConnectionManager - Releasing connection org.apache.http.impl.conn.ManagedClientConnectionImpl@2c66c1c4
13:10:00.559 [Test worker] DEBUG org.apache.http.impl.conn.BasicClientConnectionManager - Connection can be kept alive indefinitely
La linea 3045987650 no esta activa
se ejecuta correctamente DB Activator
13:10:01.274 [Finalizer] DEBUG org.apache.http.impl.conn.DefaultClientConnection - Connection 0.0.0.0:59478<->10.65.45.14:7001 closed
13:10:01.282 [Finalizer] DEBUG org.apache.http.impl.conn.DefaultClientConnection - Connection 0.0.0.0:59468<->10.65.45.14:7001 closed
se ejecuta correctamente  DB EPOS
se ejecuta correctamente DB Siebel
se ejecuta correctamente DB Postale
13:10:04.199 [Test worker] DEBUG org.apache.http.impl.conn.BasicClientConnectionManager - Get connection for route {}->http://10.65.45.14:7001
13:10:04.199 [Test worker] DEBUG org.apache.http.impl.conn.DefaultClientConnectionOperator - Connecting to 10.65.45.14:7001
13:10:04.248 [Test worker] DEBUG org.apache.http.client.protocol.RequestAddCookies - CookieSpec selected: ignoreCookies
13:10:04.248 [Test worker] DEBUG org.apache.http.client.protocol.RequestAuthCache - Auth cache not set in the context
13:10:04.248 [Test worker] DEBUG org.apache.http.client.protocol.RequestTargetAuthentication - Target auth state: UNCHALLENGED
13:10:04.248 [Test worker] DEBUG org.apache.http.client.protocol.RequestProxyAuthentication - Proxy auth state: UNCHALLENGED
13:10:04.248 [Test worker] DEBUG org.apache.http.impl.client.DefaultHttpClient - Attempt 1 to execute request
13:10:04.248 [Test worker] DEBUG org.apache.http.impl.conn.DefaultClientConnection - Sending request: POST /gatewaycbs/BcServicesInt?WSDL HTTP/1.1
13:10:04.248 [Test worker] DEBUG org.apache.http.wire -  >> "POST /gatewaycbs/BcServicesInt?WSDL HTTP/1.1[\r][\n]"
13:10:04.248 [Test worker] DEBUG org.apache.http.wire -  >> "Accept: */*[\r][\n]"
13:10:04.248 [Test worker] DEBUG org.apache.http.wire -  >> "Content-Type: text/xml;charset=UTF-8[\r][\n]"
13:10:04.248 [Test worker] DEBUG org.apache.http.wire -  >> "Content-Length: 748[\r][\n]"
13:10:04.249 [Test worker] DEBUG org.apache.http.wire -  >> "Host: 10.65.45.14:7001[\r][\n]"
13:10:04.249 [Test worker] DEBUG org.apache.http.wire -  >> "Connection: Keep-Alive[\r][\n]"
13:10:04.249 [Test worker] DEBUG org.apache.http.wire -  >> "User-Agent: Apache-HttpClient/4.5.9 (Java/1.8.0_291)[\r][\n]"
13:10:04.249 [Test worker] DEBUG org.apache.http.wire -  >> "Accept-Encoding: gzip,deflate[\r][\n]"
13:10:04.249 [Test worker] DEBUG org.apache.http.wire -  >> "[\r][\n]"
13:10:04.249 [Test worker] DEBUG org.apache.http.headers - >> POST /gatewaycbs/BcServicesInt?WSDL HTTP/1.1
13:10:04.249 [Test worker] DEBUG org.apache.http.headers - >> Accept: */*
13:10:04.249 [Test worker] DEBUG org.apache.http.headers - >> Content-Type: text/xml;charset=UTF-8
13:10:04.249 [Test worker] DEBUG org.apache.http.headers - >> Content-Length: 748
13:10:04.249 [Test worker] DEBUG org.apache.http.headers - >> Host: 10.65.45.14:7001
13:10:04.249 [Test worker] DEBUG org.apache.http.headers - >> Connection: Keep-Alive
13:10:04.249 [Test worker] DEBUG org.apache.http.headers - >> User-Agent: Apache-HttpClient/4.5.9 (Java/1.8.0_291)
13:10:04.249 [Test worker] DEBUG org.apache.http.headers - >> Accept-Encoding: gzip,deflate
13:10:04.249 [Test worker] DEBUG org.apache.http.wire -  >> "<soapenv:Envelope xmlns:bcc="http://www.huawei.com/bme/cbsinterface/bccommon" xmlns:bcs="http://www.huawei.com/bme/cbsinterface/bcservices" xmlns:ws="http://ws.web.gatewaycbs.tigo.com.co/" xmlns:soapenv="http://schemas.xmlsoap.org/soap/envelope/">[\n]"
13:10:04.249 [Test worker] DEBUG org.apache.http.wire -  >> "   <soapenv:Header/>[\n]"
13:10:04.249 [Test worker] DEBUG org.apache.http.wire -  >> "   <soapenv:Body>[\n]"
13:10:04.249 [Test worker] DEBUG org.apache.http.wire -  >> "      <ws:queryCustomerInfo>[\n]"
13:10:04.249 [Test worker] DEBUG org.apache.http.wire -  >> "         <!--Optional:-->[\n]"
13:10:04.249 [Test worker] DEBUG org.apache.http.wire -  >> "         <QueryCustomerInfoRequest>[\n]"
13:10:04.249 [Test worker] DEBUG org.apache.http.wire -  >> "            <bcs:QueryObj>[\n]"
13:10:04.249 [Test worker] DEBUG org.apache.http.wire -  >> "               <!--Optional:-->[\n]"
13:10:04.249 [Test worker] DEBUG org.apache.http.wire -  >> "               <bcs:SubAccessCode>[\n]"
13:10:04.249 [Test worker] DEBUG org.apache.http.wire -  >> "                  <!--Optional:-->[\n]"
13:10:04.249 [Test worker] DEBUG org.apache.http.wire -  >> "                  <bcc:PrimaryIdentity>3046010569</bcc:PrimaryIdentity>[\n]"
13:10:04.249 [Test worker] DEBUG org.apache.http.wire -  >> "               </bcs:SubAccessCode>[\n]"
13:10:04.250 [Test worker] DEBUG org.apache.http.wire -  >> "            </bcs:QueryObj>[\n]"
13:10:04.250 [Test worker] DEBUG org.apache.http.wire -  >> "         </QueryCustomerInfoRequest>[\n]"
13:10:04.250 [Test worker] DEBUG org.apache.http.wire -  >> "      </ws:queryCustomerInfo>[\n]"
13:10:04.250 [Test worker] DEBUG org.apache.http.wire -  >> "   </soapenv:Body>[\n]"
13:10:04.250 [Test worker] DEBUG org.apache.http.wire -  >> "</soapenv:Envelope>"
13:10:04.329 [Test worker] DEBUG org.apache.http.wire -  << "HTTP/1.1 200 OK[\r][\n]"
13:10:04.329 [Test worker] DEBUG org.apache.http.wire -  << "Date: Thu, 07 Jul 2022 18:15:42 GMT[\r][\n]"
13:10:04.329 [Test worker] DEBUG org.apache.http.wire -  << "Transfer-Encoding: chunked[\r][\n]"
13:10:04.329 [Test worker] DEBUG org.apache.http.wire -  << "Content-Type: text/xml; charset=utf-8[\r][\n]"
13:10:04.329 [Test worker] DEBUG org.apache.http.wire -  << "X-Powered-By: Servlet/2.5 JSP/2.1[\r][\n]"
13:10:04.330 [Test worker] DEBUG org.apache.http.wire -  << "[\r][\n]"
13:10:04.330 [Test worker] DEBUG org.apache.http.impl.conn.DefaultClientConnection - Receiving response: HTTP/1.1 200 OK
13:10:04.330 [Test worker] DEBUG org.apache.http.headers - << HTTP/1.1 200 OK
13:10:04.330 [Test worker] DEBUG org.apache.http.headers - << Date: Thu, 07 Jul 2022 18:15:42 GMT
13:10:04.330 [Test worker] DEBUG org.apache.http.headers - << Transfer-Encoding: chunked
13:10:04.330 [Test worker] DEBUG org.apache.http.headers - << Content-Type: text/xml; charset=utf-8
13:10:04.330 [Test worker] DEBUG org.apache.http.headers - << X-Powered-By: Servlet/2.5 JSP/2.1
13:10:04.330 [Test worker] DEBUG org.apache.http.impl.client.DefaultHttpClient - Connection can be kept alive indefinitely
13:10:04.330 [Test worker] DEBUG io.restassured.internal.RequestSpecificationImpl$RestAssuredHttpBuilder - Parsing response as: text/xml; charset=utf-8
13:10:04.331 [Test worker] DEBUG io.restassured.internal.RequestSpecificationImpl$RestAssuredHttpBuilder - Parsed data to instance of: class org.apache.http.conn.EofSensorInputStream
13:10:04.332 [Test worker] DEBUG org.apache.http.wire -  << "0347[\r][\n]"
13:10:04.332 [Test worker] DEBUG org.apache.http.wire -  << "<?xml version='1.0' encoding='UTF-8'?><S:Envelope xmlns:S="http://schemas.xmlsoap.org/soap/envelope/"><S:Header><work:WorkContext xmlns:work="http://oracle.com/weblogic/soap/workarea/">rO0ABXdOABx3ZWJsb2dpYy5hcHAuR2F0ZXdheUNic1dTSW50AAAA1gAAACN3ZWJsb2dpYy53b3JrYXJlYS5TdHJpbmdXb3JrQ29udGV4dAABMQAA</work:WorkContext></S:Header><S:Body><ns4:queryCustomerInfoResponse xmlns:ns5="http://www.huawei.com/bme/cbsinterface/cbscommon" xmlns:ns4="http://ws.web.gatewaycbs.tigo.com.co/" xmlns:ns3="http://www.huawei.com/bme/cbsinterface/bcservices" xmlns:ns2="http://www.huawei.com/bme/cbsinterface/bccommon"><return><ResultHeader><ns5:Version>1</ns5:Version><ns5:ResultCode>118030260</ns5:ResultCode><ns5:ResultDesc>Subscriber 3046010569 does not exist.</ns5:ResultDesc></ResultHeader></return></ns4:queryCustomerInfoResponse></S:Body></S:Envelope>"
13:10:04.332 [Test worker] DEBUG org.apache.http.wire -  << "[\r][\n]"
13:10:04.332 [Test worker] DEBUG org.apache.http.wire -  << "0000[\r][\n]"
13:10:04.332 [Test worker] DEBUG org.apache.http.wire -  << "[\r][\n]"
13:10:04.332 [Test worker] DEBUG org.apache.http.impl.conn.BasicClientConnectionManager - Releasing connection org.apache.http.impl.conn.ManagedClientConnectionImpl@375e5f83
13:10:04.332 [Test worker] DEBUG org.apache.http.impl.conn.BasicClientConnectionManager - Connection can be kept alive indefinitely
La linea 3046010569 no esta activa
se ejecuta correctamente DB Activator
se ejecuta correctamente  DB EPOS
se ejecuta correctamente DB Siebel
se ejecuta correctamente DB Postale
13:10:07.922 [Test worker] DEBUG org.apache.http.impl.conn.BasicClientConnectionManager - Get connection for route {}->http://10.65.45.14:7001
13:10:07.922 [Test worker] DEBUG org.apache.http.impl.conn.DefaultClientConnectionOperator - Connecting to 10.65.45.14:7001
13:10:07.976 [Test worker] DEBUG org.apache.http.client.protocol.RequestAddCookies - CookieSpec selected: ignoreCookies
13:10:07.976 [Test worker] DEBUG org.apache.http.client.protocol.RequestAuthCache - Auth cache not set in the context
13:10:07.976 [Test worker] DEBUG org.apache.http.client.protocol.RequestTargetAuthentication - Target auth state: UNCHALLENGED
13:10:07.976 [Test worker] DEBUG org.apache.http.client.protocol.RequestProxyAuthentication - Proxy auth state: UNCHALLENGED
13:10:07.976 [Test worker] DEBUG org.apache.http.impl.client.DefaultHttpClient - Attempt 1 to execute request
13:10:07.976 [Test worker] DEBUG org.apache.http.impl.conn.DefaultClientConnection - Sending request: POST /gatewaycbs/BcServicesInt?WSDL HTTP/1.1
13:10:07.977 [Test worker] DEBUG org.apache.http.wire -  >> "POST /gatewaycbs/BcServicesInt?WSDL HTTP/1.1[\r][\n]"
13:10:07.977 [Test worker] DEBUG org.apache.http.wire -  >> "Accept: */*[\r][\n]"
13:10:07.977 [Test worker] DEBUG org.apache.http.wire -  >> "Content-Type: text/xml;charset=UTF-8[\r][\n]"
13:10:07.977 [Test worker] DEBUG org.apache.http.wire -  >> "Content-Length: 748[\r][\n]"
13:10:07.977 [Test worker] DEBUG org.apache.http.wire -  >> "Host: 10.65.45.14:7001[\r][\n]"
13:10:07.977 [Test worker] DEBUG org.apache.http.wire -  >> "Connection: Keep-Alive[\r][\n]"
13:10:07.977 [Test worker] DEBUG org.apache.http.wire -  >> "User-Agent: Apache-HttpClient/4.5.9 (Java/1.8.0_291)[\r][\n]"
13:10:07.977 [Test worker] DEBUG org.apache.http.wire -  >> "Accept-Encoding: gzip,deflate[\r][\n]"
13:10:07.977 [Test worker] DEBUG org.apache.http.wire -  >> "[\r][\n]"
13:10:07.977 [Test worker] DEBUG org.apache.http.headers - >> POST /gatewaycbs/BcServicesInt?WSDL HTTP/1.1
13:10:07.977 [Test worker] DEBUG org.apache.http.headers - >> Accept: */*
13:10:07.977 [Test worker] DEBUG org.apache.http.headers - >> Content-Type: text/xml;charset=UTF-8
13:10:07.977 [Test worker] DEBUG org.apache.http.headers - >> Content-Length: 748
13:10:07.977 [Test worker] DEBUG org.apache.http.headers - >> Host: 10.65.45.14:7001
13:10:07.977 [Test worker] DEBUG org.apache.http.headers - >> Connection: Keep-Alive
13:10:07.977 [Test worker] DEBUG org.apache.http.headers - >> User-Agent: Apache-HttpClient/4.5.9 (Java/1.8.0_291)
13:10:07.977 [Test worker] DEBUG org.apache.http.headers - >> Accept-Encoding: gzip,deflate
13:10:07.978 [Test worker] DEBUG org.apache.http.wire -  >> "<soapenv:Envelope xmlns:bcc="http://www.huawei.com/bme/cbsinterface/bccommon" xmlns:bcs="http://www.huawei.com/bme/cbsinterface/bcservices" xmlns:ws="http://ws.web.gatewaycbs.tigo.com.co/" xmlns:soapenv="http://schemas.xmlsoap.org/soap/envelope/">[\n]"
13:10:07.978 [Test worker] DEBUG org.apache.http.wire -  >> "   <soapenv:Header/>[\n]"
13:10:07.978 [Test worker] DEBUG org.apache.http.wire -  >> "   <soapenv:Body>[\n]"
13:10:07.978 [Test worker] DEBUG org.apache.http.wire -  >> "      <ws:queryCustomerInfo>[\n]"
13:10:07.978 [Test worker] DEBUG org.apache.http.wire -  >> "         <!--Optional:-->[\n]"
13:10:07.978 [Test worker] DEBUG org.apache.http.wire -  >> "         <QueryCustomerInfoRequest>[\n]"
13:10:07.978 [Test worker] DEBUG org.apache.http.wire -  >> "            <bcs:QueryObj>[\n]"
13:10:07.978 [Test worker] DEBUG org.apache.http.wire -  >> "               <!--Optional:-->[\n]"
13:10:07.978 [Test worker] DEBUG org.apache.http.wire -  >> "               <bcs:SubAccessCode>[\n]"
13:10:07.978 [Test worker] DEBUG org.apache.http.wire -  >> "                  <!--Optional:-->[\n]"
13:10:07.978 [Test worker] DEBUG org.apache.http.wire -  >> "                  <bcc:PrimaryIdentity>3046010523</bcc:PrimaryIdentity>[\n]"
13:10:07.978 [Test worker] DEBUG org.apache.http.wire -  >> "               </bcs:SubAccessCode>[\n]"
13:10:07.978 [Test worker] DEBUG org.apache.http.wire -  >> "            </bcs:QueryObj>[\n]"
13:10:07.978 [Test worker] DEBUG org.apache.http.wire -  >> "         </QueryCustomerInfoRequest>[\n]"
13:10:07.978 [Test worker] DEBUG org.apache.http.wire -  >> "      </ws:queryCustomerInfo>[\n]"
13:10:07.978 [Test worker] DEBUG org.apache.http.wire -  >> "   </soapenv:Body>[\n]"
13:10:07.978 [Test worker] DEBUG org.apache.http.wire -  >> "</soapenv:Envelope>"
13:10:08.051 [Test worker] DEBUG org.apache.http.wire -  << "HTTP/1.1 200 OK[\r][\n]"
13:10:08.052 [Test worker] DEBUG org.apache.http.wire -  << "Date: Thu, 07 Jul 2022 18:15:46 GMT[\r][\n]"
13:10:08.052 [Test worker] DEBUG org.apache.http.wire -  << "Transfer-Encoding: chunked[\r][\n]"
13:10:08.052 [Test worker] DEBUG org.apache.http.wire -  << "Content-Type: text/xml; charset=utf-8[\r][\n]"
13:10:08.052 [Test worker] DEBUG org.apache.http.wire -  << "X-Powered-By: Servlet/2.5 JSP/2.1[\r][\n]"
13:10:08.052 [Test worker] DEBUG org.apache.http.wire -  << "[\r][\n]"
13:10:08.052 [Test worker] DEBUG org.apache.http.impl.conn.DefaultClientConnection - Receiving response: HTTP/1.1 200 OK
13:10:08.052 [Test worker] DEBUG org.apache.http.headers - << HTTP/1.1 200 OK
13:10:08.052 [Test worker] DEBUG org.apache.http.headers - << Date: Thu, 07 Jul 2022 18:15:46 GMT
13:10:08.052 [Test worker] DEBUG org.apache.http.headers - << Transfer-Encoding: chunked
13:10:08.052 [Test worker] DEBUG org.apache.http.headers - << Content-Type: text/xml; charset=utf-8
13:10:08.052 [Test worker] DEBUG org.apache.http.headers - << X-Powered-By: Servlet/2.5 JSP/2.1
13:10:08.052 [Test worker] DEBUG org.apache.http.impl.client.DefaultHttpClient - Connection can be kept alive indefinitely
13:10:08.053 [Test worker] DEBUG io.restassured.internal.RequestSpecificationImpl$RestAssuredHttpBuilder - Parsing response as: text/xml; charset=utf-8
13:10:08.053 [Test worker] DEBUG io.restassured.internal.RequestSpecificationImpl$RestAssuredHttpBuilder - Parsed data to instance of: class org.apache.http.conn.EofSensorInputStream
13:10:08.054 [Test worker] DEBUG org.apache.http.wire -  << "0347[\r][\n]"
13:10:08.054 [Test worker] DEBUG org.apache.http.wire -  << "<?xml version='1.0' encoding='UTF-8'?><S:Envelope xmlns:S="http://schemas.xmlsoap.org/soap/envelope/"><S:Header><work:WorkContext xmlns:work="http://oracle.com/weblogic/soap/workarea/">rO0ABXdOABx3ZWJsb2dpYy5hcHAuR2F0ZXdheUNic1dTSW50AAAA1gAAACN3ZWJsb2dpYy53b3JrYXJlYS5TdHJpbmdXb3JrQ29udGV4dAABMQAA</work:WorkContext></S:Header><S:Body><ns4:queryCustomerInfoResponse xmlns:ns5="http://www.huawei.com/bme/cbsinterface/cbscommon" xmlns:ns4="http://ws.web.gatewaycbs.tigo.com.co/" xmlns:ns3="http://www.huawei.com/bme/cbsinterface/bcservices" xmlns:ns2="http://www.huawei.com/bme/cbsinterface/bccommon"><return><ResultHeader><ns5:Version>1</ns5:Version><ns5:ResultCode>118030260</ns5:ResultCode><ns5:ResultDesc>Subscriber 3046010523 does not exist.</ns5:ResultDesc></ResultHeader></return></ns4:queryCustomerInfoResponse></S:Body></S:Envelope>"
13:10:08.054 [Test worker] DEBUG org.apache.http.wire -  << "[\r][\n]"
13:10:08.054 [Test worker] DEBUG org.apache.http.wire -  << "0000[\r][\n]"
13:10:08.054 [Test worker] DEBUG org.apache.http.wire -  << "[\r][\n]"
13:10:08.054 [Test worker] DEBUG org.apache.http.impl.conn.BasicClientConnectionManager - Releasing connection org.apache.http.impl.conn.ManagedClientConnectionImpl@a100235
13:10:08.054 [Test worker] DEBUG org.apache.http.impl.conn.BasicClientConnectionManager - Connection can be kept alive indefinitely
La linea 3046010523 no esta activa
se ejecuta correctamente DB Activator
se ejecuta correctamente  DB EPOS
13:10:10.453 [Finalizer] DEBUG org.apache.http.impl.conn.DefaultClientConnection - Connection 0.0.0.0:59489<->10.65.45.14:7001 closed
13:10:10.456 [Finalizer] DEBUG org.apache.http.impl.conn.DefaultClientConnection - Connection 0.0.0.0:59484<->10.65.45.14:7001 closed
se ejecuta correctamente DB Siebel
se ejecuta correctamente DB Postale
13:10:12.084 [Test worker] INFO net.serenitybdd.core.webdriver.driverproviders.ProvideNewDriver - Instantiating driver
13:10:12.084 [Test worker] INFO net.serenitybdd.core.webdriver.driverproviders.ProvideNewDriver - Driver capabilities: Capabilities {acceptInsecureCerts: true, browserName: firefox, firefox_profile: org.openqa.selenium.firefox..., headless: false, loggingPrefs: org.openqa.selenium.logging..., marionette: true, moz:firefoxOptions: {}, platform: ANY, version: }
13:10:18.134 [Test worker] DEBUG net.serenitybdd.core.photography.Darkroom - Opening darkroom
13:10:18.135 [Darkroom Processing Line] DEBUG net.serenitybdd.core.photography.DarkroomProcessingLine - Darkroom processing line starting up
13:10:18.258 [Test worker] DEBUG net.serenitybdd.core.photography.Darkroom - Send negative for processing for C:\Users\nriosa\Desktop\SanitySemillas\SanitySemilla11\target\site\serenity\63694f168e36d6146328aa1c799046950a4537e9d67c87bc68807b754e4488e8.png
13:10:18.633 [Test worker] DEBUG net.serenitybdd.core.photography.Darkroom - Send negative for processing for C:\Users\nriosa\Desktop\SanitySemillas\SanitySemilla11\target\site\serenity\d7225d4beca8b4af4de9c07b3983ba90e05195eaab2618243e24e78c19d7dde1.png
13:10:21.817 [Test worker] DEBUG net.serenitybdd.core.photography.Darkroom - Send negative for processing for C:\Users\nriosa\Desktop\SanitySemillas\SanitySemilla11\target\site\serenity\9bbca96785ce7c817386c99d3fa785471c337df8ab7888f237eeac1a42d1ff73.png
13:10:21.820 [Darkroom Processing Line] DEBUG net.serenitybdd.core.photography.DarkroomProcessingLine - Processing screenshot image in /var/screenshots/screenshot-8749771623252192238
13:10:21.820 [Darkroom Processing Line] DEBUG net.serenitybdd.core.photography.DarkroomProcessingLine - Saving screenshot to C:\Users\nriosa\Desktop\SanitySemillas\SanitySemilla11\target\site\serenity\9bbca96785ce7c817386c99d3fa785471c337df8ab7888f237eeac1a42d1ff73.png
13:10:23.930 [Test worker] DEBUG net.serenitybdd.core.photography.Darkroom - Send negative for processing for C:\Users\nriosa\Desktop\SanitySemillas\SanitySemilla11\target\site\serenity\15cb0e9b2029aea4fe31c7588cfc1921a8a9a6b73dcaccbb6d4f9df7d64d1b52.png
13:10:23.932 [Darkroom Processing Line] DEBUG net.serenitybdd.core.photography.DarkroomProcessingLine - Processing screenshot image in /var/screenshots/screenshot-4041737051057301131
13:10:23.932 [Darkroom Processing Line] DEBUG net.serenitybdd.core.photography.DarkroomProcessingLine - Saving screenshot to C:\Users\nriosa\Desktop\SanitySemillas\SanitySemilla11\target\site\serenity\15cb0e9b2029aea4fe31c7588cfc1921a8a9a6b73dcaccbb6d4f9df7d64d1b52.png
13:10:24.682 [Test worker] DEBUG net.serenitybdd.core.photography.Darkroom - Send negative for processing for C:\Users\nriosa\Desktop\SanitySemillas\SanitySemilla11\target\site\serenity\b65c54a68df6218897633d1c0138ecc16c71c81219ee9d57114c69577e034359.png
13:10:24.684 [Darkroom Processing Line] DEBUG net.serenitybdd.core.photography.DarkroomProcessingLine - Processing screenshot image in /var/screenshots/screenshot-462014563285827727
13:10:24.684 [Darkroom Processing Line] DEBUG net.serenitybdd.core.photography.DarkroomProcessingLine - Saving screenshot to C:\Users\nriosa\Desktop\SanitySemillas\SanitySemilla11\target\site\serenity\b65c54a68df6218897633d1c0138ecc16c71c81219ee9d57114c69577e034359.png
13:10:25.811 [Test worker] DEBUG net.serenitybdd.core.photography.Darkroom - Send negative for processing for C:\Users\nriosa\Desktop\SanitySemillas\SanitySemilla11\target\site\serenity\310230c57dafad59904fa327ea04940d6916b9e7c20311093df55fe719b4bc77.png
13:10:25.814 [Darkroom Processing Line] DEBUG net.serenitybdd.core.photography.DarkroomProcessingLine - Processing screenshot image in /var/screenshots/screenshot-2510571412942240427
13:10:25.814 [Darkroom Processing Line] DEBUG net.serenitybdd.core.photography.DarkroomProcessingLine - Saving screenshot to C:\Users\nriosa\Desktop\SanitySemillas\SanitySemilla11\target\site\serenity\310230c57dafad59904fa327ea04940d6916b9e7c20311093df55fe719b4bc77.png
13:10:26.752 [Test worker] DEBUG net.serenitybdd.core.photography.Darkroom - Send negative for processing for C:\Users\nriosa\Desktop\SanitySemillas\SanitySemilla11\target\site\serenity\0246379f712ba8bd8fe414b098f8a1862c9fb61dc240eb571f6370c2b2032db0.png
13:10:26.755 [Darkroom Processing Line] DEBUG net.serenitybdd.core.photography.DarkroomProcessingLine - Processing screenshot image in /var/screenshots/screenshot-3726522544218607629
13:10:26.755 [Darkroom Processing Line] DEBUG net.serenitybdd.core.photography.DarkroomProcessingLine - Saving screenshot to C:\Users\nriosa\Desktop\SanitySemillas\SanitySemilla11\target\site\serenity\0246379f712ba8bd8fe414b098f8a1862c9fb61dc240eb571f6370c2b2032db0.png
13:10:27.747 [Test worker] DEBUG net.serenitybdd.core.photography.Darkroom - Send negative for processing for C:\Users\nriosa\Desktop\SanitySemillas\SanitySemilla11\target\site\serenity\7558fb3c840efa50995f00c87c3b26976ac4c189b593c009d5816d2fde682710.png
13:10:27.750 [Darkroom Processing Line] DEBUG net.serenitybdd.core.photography.DarkroomProcessingLine - Processing screenshot image in /var/screenshots/screenshot-843410461297182752
13:10:27.750 [Darkroom Processing Line] DEBUG net.serenitybdd.core.photography.DarkroomProcessingLine - Saving screenshot to C:\Users\nriosa\Desktop\SanitySemillas\SanitySemilla11\target\site\serenity\7558fb3c840efa50995f00c87c3b26976ac4c189b593c009d5816d2fde682710.png
13:10:30.566 [Test worker] DEBUG net.serenitybdd.core.photography.Darkroom - Send negative for processing for C:\Users\nriosa\Desktop\SanitySemillas\SanitySemilla11\target\site\serenity\d343f2fd30847202f8986398adca19853f76821f174af1225551303e5832ee40.png
13:10:30.568 [Darkroom Processing Line] DEBUG net.serenitybdd.core.photography.DarkroomProcessingLine - Processing screenshot image in /var/screenshots/screenshot-8919091898612421265
13:10:30.568 [Darkroom Processing Line] DEBUG net.serenitybdd.core.photography.DarkroomProcessingLine - Saving screenshot to C:\Users\nriosa\Desktop\SanitySemillas\SanitySemilla11\target\site\serenity\d343f2fd30847202f8986398adca19853f76821f174af1225551303e5832ee40.png
13:10:31.266 [Test worker] DEBUG net.serenitybdd.core.photography.Darkroom - Send negative for processing for C:\Users\nriosa\Desktop\SanitySemillas\SanitySemilla11\target\site\serenity\7d20fef48506ed8f2259d24aa4d03110f89cd3a157ffec7db3c267f1e243f6de.png
13:10:31.268 [Darkroom Processing Line] DEBUG net.serenitybdd.core.photography.DarkroomProcessingLine - Processing screenshot image in /var/screenshots/screenshot-6583837640418907149
13:10:31.268 [Darkroom Processing Line] DEBUG net.serenitybdd.core.photography.DarkroomProcessingLine - Saving screenshot to C:\Users\nriosa\Desktop\SanitySemillas\SanitySemilla11\target\site\serenity\7d20fef48506ed8f2259d24aa4d03110f89cd3a157ffec7db3c267f1e243f6de.png
13:10:33.968 [Test worker] DEBUG net.serenitybdd.core.photography.Darkroom - Send negative for processing for C:\Users\nriosa\Desktop\SanitySemillas\SanitySemilla11\target\site\serenity\83dd07b8500fc7fd035fe4edcea7bed8c2a078bde067e09da299a4c3cd7ac594.png
13:10:33.971 [Darkroom Processing Line] DEBUG net.serenitybdd.core.photography.DarkroomProcessingLine - Processing screenshot image in /var/screenshots/screenshot-7709866021756771324
13:10:33.971 [Darkroom Processing Line] DEBUG net.serenitybdd.core.photography.DarkroomProcessingLine - Saving screenshot to C:\Users\nriosa\Desktop\SanitySemillas\SanitySemilla11\target\site\serenity\83dd07b8500fc7fd035fe4edcea7bed8c2a078bde067e09da299a4c3cd7ac594.png
13:11:23.141 [Test worker] DEBUG net.serenitybdd.core.photography.Darkroom - Send negative for processing for C:\Users\nriosa\Desktop\SanitySemillas\SanitySemilla11\target\site\serenity\69ba0bd0bbcbb6d1639d7ce70f7bc596ff14ce242a5a20f19f35a7aa28c4e285.png
13:11:28.624 [Test worker] INFO net.thucydides.core.steps.ConsoleLoggingListener - ?[92m
        __    _____ _____ ____ _____   ____   _    ____  ____  _____ ____  
  _     \ \  |_   _| ____/ ___|_   _| |  _ \ / \  / ___|/ ___|| ____|  _ \ 
 (_)_____| |   | | |  _| \___ \ | |   | |_) / _ \ \___ \\___ \|  _| | | | |
  _|_____| |   | | | |___ ___) || |   |  __/ ___ \ ___) |___) | |___| |_| |
 (_)     | |   |_| |_____|____/ |_|   |_| /_/   \_\____/|____/|_____|____/ 
        /_/                                                                

TEST PASSED: se quiere ingresar a la plataforma epos
----------------------------------------------------------------------------?[0m
13:11:28.863 [Test worker] INFO net.serenitybdd.core.webdriver.driverproviders.ProvideNewDriver - Instantiating driver
13:11:28.863 [Test worker] INFO net.serenitybdd.core.webdriver.driverproviders.ProvideNewDriver - Driver capabilities: Capabilities {acceptInsecureCerts: true, browserName: firefox, firefox_profile: org.openqa.selenium.firefox..., headless: false, loggingPrefs: org.openqa.selenium.logging..., marionette: true, moz:firefoxOptions: {}, platform: ANY, version: }
13:11:34.811 [Test worker] DEBUG net.serenitybdd.core.photography.Darkroom - Send negative for processing for C:\Users\nriosa\Desktop\SanitySemillas\SanitySemilla11\target\site\serenity\63694f168e36d6146328aa1c799046950a4537e9d67c87bc68807b754e4488e8.png
13:11:35.150 [Test worker] DEBUG net.serenitybdd.core.photography.Darkroom - Send negative for processing for C:\Users\nriosa\Desktop\SanitySemillas\SanitySemilla11\target\site\serenity\d7225d4beca8b4af4de9c07b3983ba90e05195eaab2618243e24e78c19d7dde1.png
13:11:38.201 [Test worker] DEBUG net.serenitybdd.core.photography.Darkroom - Send negative for processing for C:\Users\nriosa\Desktop\SanitySemillas\SanitySemilla11\target\site\serenity\d9f5ab0c6858e053064683877401e89551999c366972d6cfa2fcea826815e868.png
13:11:38.204 [Darkroom Processing Line] DEBUG net.serenitybdd.core.photography.DarkroomProcessingLine - Processing screenshot image in /var/screenshots/screenshot-949596332521188999
13:11:38.204 [Darkroom Processing Line] DEBUG net.serenitybdd.core.photography.DarkroomProcessingLine - Saving screenshot to C:\Users\nriosa\Desktop\SanitySemillas\SanitySemilla11\target\site\serenity\d9f5ab0c6858e053064683877401e89551999c366972d6cfa2fcea826815e868.png
13:11:41.315 [Test worker] DEBUG net.serenitybdd.core.photography.Darkroom - Send negative for processing for C:\Users\nriosa\Desktop\SanitySemillas\SanitySemilla11\target\site\serenity\fb59077629b7ac2b96da161269e41bbf6f1b67b5a319bb82d2fc416024b80aad.png
13:11:41.317 [Darkroom Processing Line] DEBUG net.serenitybdd.core.photography.DarkroomProcessingLine - Processing screenshot image in /var/screenshots/screenshot-2899663293139696695
13:11:41.317 [Darkroom Processing Line] DEBUG net.serenitybdd.core.photography.DarkroomProcessingLine - Saving screenshot to C:\Users\nriosa\Desktop\SanitySemillas\SanitySemilla11\target\site\serenity\fb59077629b7ac2b96da161269e41bbf6f1b67b5a319bb82d2fc416024b80aad.png
13:11:44.102 [Test worker] DEBUG net.serenitybdd.core.photography.Darkroom - Send negative for processing for C:\Users\nriosa\Desktop\SanitySemillas\SanitySemilla11\target\site\serenity\12caba52f603c74364e8db31a98251d239ea13abede9e55ca011acff518f8a70.png
13:11:44.104 [Darkroom Processing Line] DEBUG net.serenitybdd.core.photography.DarkroomProcessingLine - Processing screenshot image in /var/screenshots/screenshot-2731788778391022252
13:11:44.104 [Darkroom Processing Line] DEBUG net.serenitybdd.core.photography.DarkroomProcessingLine - Saving screenshot to C:\Users\nriosa\Desktop\SanitySemillas\SanitySemilla11\target\site\serenity\12caba52f603c74364e8db31a98251d239ea13abede9e55ca011acff518f8a70.png
13:11:48.024 [Test worker] DEBUG net.serenitybdd.core.photography.Darkroom - Send negative for processing for C:\Users\nriosa\Desktop\SanitySemillas\SanitySemilla11\target\site\serenity\cf0ea20d7bcd20e6320ed0c1e4d71d39a2d9fc4f9541b6424e3868ac5a668115.png
13:11:48.025 [Darkroom Processing Line] DEBUG net.serenitybdd.core.photography.DarkroomProcessingLine - Processing screenshot image in /var/screenshots/screenshot-4206772041789331368
13:11:48.025 [Darkroom Processing Line] DEBUG net.serenitybdd.core.photography.DarkroomProcessingLine - Saving screenshot to C:\Users\nriosa\Desktop\SanitySemillas\SanitySemilla11\target\site\serenity\cf0ea20d7bcd20e6320ed0c1e4d71d39a2d9fc4f9541b6424e3868ac5a668115.png
13:11:51.204 [Test worker] DEBUG net.serenitybdd.core.photography.Darkroom - Send negative for processing for C:\Users\nriosa\Desktop\SanitySemillas\SanitySemilla11\target\site\serenity\07367f98afcfd835e3c600b296bddb4f6ea383bcd770c4bfd1339982fb1b71e9.png
13:11:51.207 [Darkroom Processing Line] DEBUG net.serenitybdd.core.photography.DarkroomProcessingLine - Processing screenshot image in /var/screenshots/screenshot-2886832420449029496
13:11:51.207 [Darkroom Processing Line] DEBUG net.serenitybdd.core.photography.DarkroomProcessingLine - Saving screenshot to C:\Users\nriosa\Desktop\SanitySemillas\SanitySemilla11\target\site\serenity\07367f98afcfd835e3c600b296bddb4f6ea383bcd770c4bfd1339982fb1b71e9.png
13:11:52.095 [Test worker] DEBUG net.serenitybdd.core.photography.Darkroom - Send negative for processing for C:\Users\nriosa\Desktop\SanitySemillas\SanitySemilla11\target\site\serenity\ee1732cffb3cce61631e613dad81a80902c7bf73eac4ffb57483fa8a09f41702.png
13:11:52.098 [Darkroom Processing Line] DEBUG net.serenitybdd.core.photography.DarkroomProcessingLine - Processing screenshot image in /var/screenshots/screenshot-5407200933439645829
13:11:52.098 [Darkroom Processing Line] DEBUG net.serenitybdd.core.photography.DarkroomProcessingLine - Saving screenshot to C:\Users\nriosa\Desktop\SanitySemillas\SanitySemilla11\target\site\serenity\ee1732cffb3cce61631e613dad81a80902c7bf73eac4ffb57483fa8a09f41702.png
13:11:53.723 [Test worker] DEBUG net.serenitybdd.core.photography.Darkroom - Send negative for processing for C:\Users\nriosa\Desktop\SanitySemillas\SanitySemilla11\target\site\serenity\2f106f1808024a5ea4637f789c09ff5d6bd2f5ca93dd60dd045d63f1a3035ffa.png
13:11:53.725 [Darkroom Processing Line] DEBUG net.serenitybdd.core.photography.DarkroomProcessingLine - Processing screenshot image in /var/screenshots/screenshot-3005430322578519670
13:11:53.725 [Darkroom Processing Line] DEBUG net.serenitybdd.core.photography.DarkroomProcessingLine - Saving screenshot to C:\Users\nriosa\Desktop\SanitySemillas\SanitySemilla11\target\site\serenity\2f106f1808024a5ea4637f789c09ff5d6bd2f5ca93dd60dd045d63f1a3035ffa.png
13:11:54.699 [Test worker] DEBUG net.serenitybdd.core.photography.Darkroom - Send negative for processing for C:\Users\nriosa\Desktop\SanitySemillas\SanitySemilla11\target\site\serenity\2a358073f7dc95635101ce569135fd972663d33b263d68229138cdee076db3eb.png
13:11:58.420 [Test worker] DEBUG net.serenitybdd.core.photography.Darkroom - Send negative for processing for C:\Users\nriosa\Desktop\SanitySemillas\SanitySemilla11\target\site\serenity\1d7cae477bf91f4473d4b29d5e2c56379617e55816cc8bd615c5d6b068b15d9f.png
13:11:58.424 [Darkroom Processing Line] DEBUG net.serenitybdd.core.photography.DarkroomProcessingLine - Processing screenshot image in /var/screenshots/screenshot-6177357697810456378
13:11:58.424 [Darkroom Processing Line] DEBUG net.serenitybdd.core.photography.DarkroomProcessingLine - Saving screenshot to C:\Users\nriosa\Desktop\SanitySemillas\SanitySemilla11\target\site\serenity\1d7cae477bf91f4473d4b29d5e2c56379617e55816cc8bd615c5d6b068b15d9f.png
13:11:59.157 [Test worker] DEBUG net.serenitybdd.core.photography.Darkroom - Send negative for processing for C:\Users\nriosa\Desktop\SanitySemillas\SanitySemilla11\target\site\serenity\353f03b80e9501f2e5b141485e488f6adb28d5cdfde5cb8971eb8bba8f6c361b.png
13:11:59.160 [Darkroom Processing Line] DEBUG net.serenitybdd.core.photography.DarkroomProcessingLine - Processing screenshot image in /var/screenshots/screenshot-1777098122694535378
13:11:59.161 [Darkroom Processing Line] DEBUG net.serenitybdd.core.photography.DarkroomProcessingLine - Saving screenshot to C:\Users\nriosa\Desktop\SanitySemillas\SanitySemilla11\target\site\serenity\353f03b80e9501f2e5b141485e488f6adb28d5cdfde5cb8971eb8bba8f6c361b.png
13:12:02.925 [Test worker] DEBUG net.serenitybdd.core.photography.Darkroom - Send negative for processing for C:\Users\nriosa\Desktop\SanitySemillas\SanitySemilla11\target\site\serenity\69ba0bd0bbcbb6d1639d7ce70f7bc596ff14ce242a5a20f19f35a7aa28c4e285.png
13:12:10.950 [Test worker] INFO net.thucydides.core.steps.ConsoleLoggingListener - ?[92m
        __    _____ _____ ____ _____   ____   _    ____  ____  _____ ____  
  _     \ \  |_   _| ____/ ___|_   _| |  _ \ / \  / ___|/ ___|| ____|  _ \ 
 (_)_____| |   | | |  _| \___ \ | |   | |_) / _ \ \___ \\___ \|  _| | | | |
  _|_____| |   | | | |___ ___) || |   |  __/ ___ \ ___) |___) | |___| |_| |
 (_)     | |   |_| |_____|____/ |_|   |_| /_/   \_\____/|____/|_____|____/ 
        /_/                                                                

TEST PASSED: realizar el cargue de inventario
----------------------------------------------------------------------------?[0m
13:12:32.240 [Test worker] INFO net.thucydides.core.steps.ConsoleLoggingListener - ?[92m
        __    _____ _____ ____ _____   ____   _    ____  ____  _____ ____  
  _     \ \  |_   _| ____/ ___|_   _| |  _ \ / \  / ___|/ ___|| ____|  _ \ 
 (_)_____| |   | | |  _| \___ \ | |   | |_) / _ \ \___ \\___ \|  _| | | | |
  _|_____| |   | | | |___ ___) || |   |  __/ ___ \ ___) |___) | |___| |_| |
 (_)     | |   |_| |_____|____/ |_|   |_| /_/   \_\____/|____/|_____|____/ 
        /_/                                                                

TEST PASSED: realizar la confirmacion de inventario
----------------------------------------------------------------------------?[0m
]]></system-out>
  <system-err><![CDATA[jul 07, 2022 1:10:11 PM org.openqa.selenium.remote.DesiredCapabilities firefox
INFORMACIÓN: Using `new FirefoxOptions()` is preferred to `DesiredCapabilities.firefox()`
jul 07, 2022 1:10:11 PM org.openqa.selenium.remote.DesiredCapabilities firefox
INFORMACIÓN: Using `new FirefoxOptions()` is preferred to `DesiredCapabilities.firefox()`
1657217412464	geckodriver	INFO	Listening on 127.0.0.1:34121
1657217413131	mozrunner::runner	INFO	Running command: "C:\\Program Files\\Mozilla Firefox\\firefox.exe" "--marionette" "-foreground" "-no-remote" "-profile" "C:\\Users\\nriosa\\AppData\\Local\\Temp\\rust_mozprofileMeLYRH"
1657217414233	addons.webextension.doh-rollout@mozilla.org	WARN	Loading extension 'doh-rollout@mozilla.org': Reading manifest: Invalid extension permission: networkStatus
1657217414339	addons.webextension.screenshots@mozilla.org	WARN	Loading extension 'screenshots@mozilla.org': Reading manifest: Invalid extension permission: mozillaAddons
1657217414339	addons.webextension.screenshots@mozilla.org	WARN	Loading extension 'screenshots@mozilla.org': Reading manifest: Invalid extension permission: telemetry
1657217414339	addons.webextension.screenshots@mozilla.org	WARN	Loading extension 'screenshots@mozilla.org': Reading manifest: Invalid extension permission: resource://pdf.js/
1657217414339	addons.webextension.screenshots@mozilla.org	WARN	Loading extension 'screenshots@mozilla.org': Reading manifest: Invalid extension permission: about:reader*
JavaScript error: resource://gre/modules/XULStore.jsm, line 66: Error: Can't find profile directory.
1657217416759	Marionette	INFO	Listening on port 59496
1657217416866	Marionette	WARN	TLS certificate errors will be ignored for this session
jul 07, 2022 1:10:16 PM org.openqa.selenium.remote.ProtocolHandshake createSession
INFORMACIÓN: Detected dialect: W3C
1657217417074	addons.xpi	ERROR	Failed to move file C:\Users\nriosa\AppData\Local\Temp\rust_mozprofileMeLYRH\extensions\staged\firefoxhpwolfsecurityextension@bromium.com.xpi to C:\Users\nriosa\AppData\Local\Temp\rust_mozprofileMeLYRH\extensions: [Exception... "Component returned failure code: 0x8052000e (NS_ERROR_FILE_IS_LOCKED) [nsIFile.moveTo]"  nsresult: "0x8052000e (NS_ERROR_FILE_IS_LOCKED)"  location: "JS frame :: resource://gre/modules/addons/XPIInstall.jsm :: _installFile :: line 1092"  data: no] Stack trace: _installFile()@resource://gre/modules/addons/XPIInstall.jsm:1092
moveUnder()@resource://gre/modules/addons/XPIInstall.jsm:1121
installAddon()@resource://gre/modules/addons/XPIInstall.jsm:3210
install()@resource://gre/modules/addons/XPIInstall.jsm:1767
startInstall/this._startupPromise<()@resource://gre/modules/addons/XPIInstall.jsm:1833
startInstall()@resource://gre/modules/addons/XPIInstall.jsm:1839
1657217417078	addons.xpi	WARN	Failed to install C:\Users\nriosa\AppData\Local\Temp\tmp-jgy.xpi from https://addons.bromium-online.com/wsx.xpi to C:\Users\nriosa\AppData\Local\Temp\rust_mozprofileMeLYRH\extensions\staged\firefoxhpwolfsecurityextension@bromium.com.xpi: [Exception... "Component returned failure code: 0x8052000e (NS_ERROR_FILE_IS_LOCKED) [nsIFile.moveTo]"  nsresult: "0x8052000e (NS_ERROR_FILE_IS_LOCKED)"  location: "JS frame :: resource://gre/modules/addons/XPIInstall.jsm :: _installFile :: line 1092"  data: no] Stack trace: _installFile()@resource://gre/modules/addons/XPIInstall.jsm:1092
moveUnder()@resource://gre/modules/addons/XPIInstall.jsm:1121
installAddon()@resource://gre/modules/addons/XPIInstall.jsm:3210
install()@resource://gre/modules/addons/XPIInstall.jsm:1767
startInstall/this._startupPromise<()@resource://gre/modules/addons/XPIInstall.jsm:1833
startInstall()@resource://gre/modules/addons/XPIInstall.jsm:1839
console.error: Policies.jsm: 
  Installation failed - ERROR_FILE_ACCESS - {url}
1657217483334	Marionette	INFO	Stopped listening on port 59496

###!!! [Child][RunMessage] Error: Channel closing: too late to send/recv, messages will be lost


###!!! [Child][MessageChannel::SendAndWait] Error: Channel error: cannot send/recv

jul 07, 2022 1:11:28 PM org.openqa.selenium.remote.DesiredCapabilities firefox
INFORMACIÓN: Using `new FirefoxOptions()` is preferred to `DesiredCapabilities.firefox()`
jul 07, 2022 1:11:28 PM org.openqa.selenium.remote.DesiredCapabilities firefox
INFORMACIÓN: Using `new FirefoxOptions()` is preferred to `DesiredCapabilities.firefox()`
1657217489111	geckodriver	INFO	Listening on 127.0.0.1:27211
1657217489581	mozrunner::runner	INFO	Running command: "C:\\Program Files\\Mozilla Firefox\\firefox.exe" "--marionette" "-foreground" "-no-remote" "-profile" "C:\\Users\\nriosa\\AppData\\Local\\Temp\\rust_mozprofileP2VIqi"
1657217490775	addons.webextension.doh-rollout@mozilla.org	WARN	Loading extension 'doh-rollout@mozilla.org': Reading manifest: Invalid extension permission: networkStatus
1657217490806	addons.webextension.screenshots@mozilla.org	WARN	Loading extension 'screenshots@mozilla.org': Reading manifest: Invalid extension permission: mozillaAddons
1657217490806	addons.webextension.screenshots@mozilla.org	WARN	Loading extension 'screenshots@mozilla.org': Reading manifest: Invalid extension permission: telemetry
1657217490806	addons.webextension.screenshots@mozilla.org	WARN	Loading extension 'screenshots@mozilla.org': Reading manifest: Invalid extension permission: resource://pdf.js/
1657217490806	addons.webextension.screenshots@mozilla.org	WARN	Loading extension 'screenshots@mozilla.org': Reading manifest: Invalid extension permission: about:reader*
JavaScript error: resource://gre/modules/XULStore.jsm, line 66: Error: Can't find profile directory.
1657217493284	Marionette	INFO	Listening on port 59536
1657217493311	Marionette	WARN	TLS certificate errors will be ignored for this session
jul 07, 2022 1:11:33 PM org.openqa.selenium.remote.ProtocolHandshake createSession
INFORMACIÓN: Detected dialect: W3C
JavaScript error: http://10.65.50.9:8180/tigo-pos-web-ii/a4j_3_2_0.SR1-SNAPSHOTorg/ajax4jsf/javascript/scripts/form.js.jsf, line 11: TypeError: element is null
JavaScript error: http://10.65.50.9:8180/tigo-pos-web-ii/a4j_3_2_0.SR1-SNAPSHOTorg/ajax4jsf/javascript/scripts/form.js.jsf, line 11: TypeError: element is null
1657217523178	Marionette	INFO	Stopped listening on port 59536
Extension error: [Exception... "Component not initialized"  nsresult: "0xc1f30001 (NS_ERROR_NOT_INITIALIZED)"  location: "JS frame :: moz-extension://2814f78e-f906-4675-b556-7f39238f5f15/main.js :: connect :: line 12034"  data: no] undefined 12034
[[Exception stack
connect@moz-extension://2814f78e-f906-4675-b556-7f39238f5f15/main.js:12034:23
onPortDisconnected@moz-extension://2814f78e-f906-4675-b556-7f39238f5f15/main.js:20120:30
makeConnection/channel<@moz-extension://2814f78e-f906-4675-b556-7f39238f5f15/main.js:20093:136
handleDisconnect@moz-extension://2814f78e-f906-4675-b556-7f39238f5f15/main.js:12138:14
connect/</<@moz-extension://2814f78e-f906-4675-b556-7f39238f5f15/main.js:12020:63
Current stack
applySafeWithoutClone@resource://gre/modules/ExtensionCommon.jsm:606:13
addListener/asyncWithoutClone/<@resource://gre/modules/ExtensionCommon.jsm:2443:39
]]

###!!! [Child][MessageChannel] Error: (msgtype=0x370128,name=PContent::Msg_AsyncMessage) Channel closing: too late to send/recv, messages will be lost


###!!! [Child][RunMessage] Error: Channel closing: too late to send/recv, messages will be lost


###!!! [Child][RunMessage] Error: Channel closing: too late to send/recv, messages will be lost


###!!! [Child][RunMessage] Error: Channel closing: too late to send/recv, messages will be lost


###!!! [Child][MessageChannel::SendAndWait] Error: Channel error: cannot send/recv

]]></system-err>
</testsuite>
